[I 2025-09-16 12:04:37,842] Trial 265 finished with value: 0.829845846701444 and parameters: {'hid_dim': 256, 'theta': 5.0, 'beta': 0.1, 'lambd': 0.1, 'lr': 0.01, 'win_size': 5, 'epochs': 750}. Best is trial 250 with value: 0.8482455986351316.
[I 2025-09-16 12:06:26,601] Trial 266 finished with value: 0.8116419724625681 and parameters: {'hid_dim': 256, 'theta': 7.0, 'beta': 0.1, 'lambd': 0.1, 'lr': 0.01, 'win_size': 9, 'epochs': 500}. Best is trial 250 with value: 0.8482455986351316.
[I 2025-09-16 12:08:46,220] Trial 267 finished with value: 0.8480291912309987 and parameters: {'hid_dim': 256, 'theta': 7.0, 'beta': 0.1, 'lambd': 0.1, 'lr': 0.01, 'win_size': 5, 'epochs': 1000}. Best is trial 250 with value: 0.8482455986351316.
[I 2025-09-16 12:11:06,489] Trial 268 finished with value: 0.8480134417232859 and parameters: {'hid_dim': 256, 'theta': 7.0, 'beta': 0.1, 'lambd': 0.1, 'lr': 0.01, 'win_size': 5, 'epochs': 1000}. Best is trial 250 with value: 0.8482455986351316.
[I 2025-09-16 12:13:26,657] Trial 269 finished with value: 0.8481077858055268 and parameters: {'hid_dim': 256, 'theta': 7.0, 'beta': 0.1, 'lambd': 0.1, 'lr': 0.01, 'win_size': 5, 'epochs': 1000}. Best is trial 250 with value: 0.8482455986351316.
[I 2025-09-16 12:15:46,708] Trial 270 finished with value: 0.8480810638227504 and parameters: {'hid_dim': 256, 'theta': 7.0, 'beta': 0.1, 'lambd': 0.1, 'lr': 0.01, 'win_size': 5, 'epochs': 1000}. Best is trial 250 with value: 0.8482455986351316.
[I 2025-09-16 12:18:07,045] Trial 271 finished with value: 0.8482063944064732 and parameters: {'hid_dim': 256, 'theta': 7.0, 'beta': 0.1, 'lambd': 0.1, 'lr': 0.01, 'win_size': 5, 'epochs': 1000}. Best is trial 250 with value: 0.8482455986351316.
[I 2025-09-16 12:20:27,334] Trial 272 finished with value: 0.848123274005075 and parameters: {'hid_dim': 256, 'theta': 7.0, 'beta': 0.1, 'lambd': 0.1, 'lr': 0.01, 'win_size': 5, 'epochs': 1000}. Best is trial 250 with value: 0.8482455986351316.
[I 2025-09-16 12:22:47,846] Trial 273 finished with value: 0.8481280823610615 and parameters: {'hid_dim': 256, 'theta': 7.0, 'beta': 0.1, 'lambd': 0.1, 'lr': 0.01, 'win_size': 5, 'epochs': 1000}. Best is trial 250 with value: 0.8482455986351316.
[I 2025-09-16 12:25:41,998] Trial 274 finished with value: 0.8325342409744758 and parameters: {'hid_dim': 256, 'theta': 7.0, 'beta': 0.1, 'lambd': 0.1, 'lr': 0.01, 'win_size': 7, 'epochs': 1000}. Best is trial 250 with value: 0.8482455986351316.
[I 2025-09-16 12:28:02,178] Trial 275 finished with value: 0.7546335003111079 and parameters: {'hid_dim': 256, 'theta': 2.0, 'beta': 0.1, 'lambd': 0.1, 'lr': 0.01, 'win_size': 5, 'epochs': 1000}. Best is trial 250 with value: 0.8482455986351316.
[I 2025-09-16 12:30:21,928] Trial 276 finished with value: 0.8480578847008063 and parameters: {'hid_dim': 256, 'theta': 7.0, 'beta': 0.1, 'lambd': 0.1, 'lr': 0.01, 'win_size': 5, 'epochs': 1000}. Best is trial 250 with value: 0.8482455986351316.
[I 2025-09-16 12:32:42,312] Trial 277 finished with value: 0.8481525343187377 and parameters: {'hid_dim': 256, 'theta': 7.0, 'beta': 0.1, 'lambd': 0.1, 'lr': 0.01, 'win_size': 5, 'epochs': 1000}. Best is trial 250 with value: 0.8482455986351316.
[I 2025-09-16 12:35:02,633] Trial 278 finished with value: 0.8481941612692397 and parameters: {'hid_dim': 256, 'theta': 7.0, 'beta': 0.1, 'lambd': 0.1, 'lr': 0.01, 'win_size': 5, 'epochs': 1000}. Best is trial 250 with value: 0.8482455986351316.
[I 2025-09-16 12:37:22,932] Trial 279 finished with value: 0.8481021346044658 and parameters: {'hid_dim': 256, 'theta': 7.0, 'beta': 0.1, 'lambd': 0.1, 'lr': 0.01, 'win_size': 5, 'epochs': 1000}. Best is trial 250 with value: 0.8482455986351316.
[I 2025-09-16 12:39:43,342] Trial 280 finished with value: 0.8481791262960489 and parameters: {'hid_dim': 256, 'theta': 7.0, 'beta': 0.1, 'lambd': 0.1, 'lr': 0.01, 'win_size': 5, 'epochs': 1000}. Best is trial 250 with value: 0.8482455986351316.
[I 2025-09-16 12:42:06,532] Trial 281 finished with value: 0.8481267624372771 and parameters: {'hid_dim': 256, 'theta': 7.0, 'beta': 0.1, 'lambd': 0.1, 'lr': 0.01, 'win_size': 5, 'epochs': 1000}. Best is trial 250 with value: 0.8482455986351316.
[I 2025-09-16 12:44:32,836] Trial 282 finished with value: 0.8483525302819375 and parameters: {'hid_dim': 256, 'theta': 7.0, 'beta': 0.1, 'lambd': 0.1, 'lr': 0.01, 'win_size': 5, 'epochs': 1000}. Best is trial 282 with value: 0.8483525302819375.
[I 2025-09-16 12:46:14,441] Trial 283 finished with value: 0.8094980179980729 and parameters: {'hid_dim': 256, 'theta': 7.0, 'beta': 0.001, 'lambd': 0.1, 'lr': 0.01, 'win_size': 3, 'epochs': 1000}. Best is trial 282 with value: 0.8483525302819375.
[I 2025-09-16 12:48:40,892] Trial 284 finished with value: 0.848077075966673 and parameters: {'hid_dim': 256, 'theta': 7.0, 'beta': 0.1, 'lambd': 0.1, 'lr': 0.01, 'win_size': 5, 'epochs': 1000}. Best is trial 282 with value: 0.8483525302819375.
[I 2025-09-16 12:51:07,446] Trial 285 finished with value: 0.8481919650400294 and parameters: {'hid_dim': 256, 'theta': 7.0, 'beta': 0.1, 'lambd': 0.1, 'lr': 0.01, 'win_size': 5, 'epochs': 1000}. Best is trial 282 with value: 0.8483525302819375.
[I 2025-09-16 12:53:33,765] Trial 286 finished with value: 0.8482639465004733 and parameters: {'hid_dim': 256, 'theta': 7.0, 'beta': 0.1, 'lambd': 0.1, 'lr': 0.01, 'win_size': 5, 'epochs': 1000}. Best is trial 282 with value: 0.8483525302819375.
[I 2025-09-16 12:56:00,314] Trial 287 finished with value: 0.8481048435796087 and parameters: {'hid_dim': 256, 'theta': 7.0, 'beta': 0.1, 'lambd': 0.1, 'lr': 0.01, 'win_size': 5, 'epochs': 1000}. Best is trial 282 with value: 0.8483525302819375.
[I 2025-09-16 12:58:26,876] Trial 288 finished with value: 0.8481548927035875 and parameters: {'hid_dim': 256, 'theta': 7.0, 'beta': 0.1, 'lambd': 0.1, 'lr': 0.01, 'win_size': 5, 'epochs': 1000}. Best is trial 282 with value: 0.8483525302819375.
[I 2025-09-16 13:00:53,325] Trial 289 finished with value: 0.8342374601082454 and parameters: {'hid_dim': 256, 'theta': 5.0, 'beta': 0.1, 'lambd': 0.1, 'lr': 0.01, 'win_size': 5, 'epochs': 1000}. Best is trial 282 with value: 0.8483525302819375.
[I 2025-09-16 13:03:19,470] Trial 290 finished with value: 0.8481614392714689 and parameters: {'hid_dim': 256, 'theta': 7.0, 'beta': 0.1, 'lambd': 0.1, 'lr': 0.01, 'win_size': 5, 'epochs': 1000}. Best is trial 282 with value: 0.8483525302819375.
[I 2025-09-16 13:05:10,649] Trial 291 finished with value: 0.8114533815168584 and parameters: {'hid_dim': 256, 'theta': 7.0, 'beta': 0.1, 'lambd': 0.1, 'lr': 0.01, 'win_size': 9, 'epochs': 500}. Best is trial 282 with value: 0.8483525302819375.
[I 2025-09-16 13:07:37,056] Trial 292 finished with value: 0.8480754546640409 and parameters: {'hid_dim': 256, 'theta': 7.0, 'beta': 0.1, 'lambd': 0.1, 'lr': 0.01, 'win_size': 5, 'epochs': 1000}. Best is trial 282 with value: 0.8483525302819375.
[I 2025-09-16 13:10:03,688] Trial 293 finished with value: 0.8482133396646051 and parameters: {'hid_dim': 256, 'theta': 7.0, 'beta': 0.1, 'lambd': 0.1, 'lr': 0.01, 'win_size': 5, 'epochs': 1000}. Best is trial 282 with value: 0.8483525302819375.
[I 2025-09-16 13:12:29,999] Trial 294 finished with value: 0.8481709672314869 and parameters: {'hid_dim': 256, 'theta': 7.0, 'beta': 0.1, 'lambd': 0.1, 'lr': 0.01, 'win_size': 5, 'epochs': 1000}. Best is trial 282 with value: 0.8483525302819375.
[I 2025-09-16 13:14:56,701] Trial 295 finished with value: 0.8479774580530091 and parameters: {'hid_dim': 256, 'theta': 7.0, 'beta': 0.1, 'lambd': 0.1, 'lr': 0.01, 'win_size': 5, 'epochs': 1000}. Best is trial 282 with value: 0.8483525302819375.
[I 2025-09-16 13:17:24,558] Trial 296 finished with value: 0.8482308041425444 and parameters: {'hid_dim': 256, 'theta': 7.0, 'beta': 0.1, 'lambd': 0.1, 'lr': 0.01, 'win_size': 5, 'epochs': 1000}. Best is trial 282 with value: 0.8483525302819375.
[I 2025-09-16 13:19:52,267] Trial 297 finished with value: 0.8482298381103393 and parameters: {'hid_dim': 256, 'theta': 7.0, 'beta': 0.1, 'lambd': 0.1, 'lr': 0.01, 'win_size': 5, 'epochs': 1000}. Best is trial 282 with value: 0.8483525302819375.
[I 2025-09-16 13:22:18,808] Trial 298 finished with value: 0.8481854969084361 and parameters: {'hid_dim': 256, 'theta': 7.0, 'beta': 0.1, 'lambd': 0.1, 'lr': 0.01, 'win_size': 5, 'epochs': 1000}. Best is trial 282 with value: 0.8483525302819375.
[I 2025-09-16 13:24:45,346] Trial 299 finished with value: 0.7548752299476336 and parameters: {'hid_dim': 256, 'theta': 2.0, 'beta': 0.1, 'lambd': 0.1, 'lr': 0.01, 'win_size': 5, 'epochs': 1000}. Best is trial 282 with value: 0.8483525302819375.
Se guardaron los trials
