[I 2025-09-16 01:04:03,377] A new study created in memory with name: no-name-5982d125-ba8d-47cf-b664-18b6f5d80912
[I 2025-09-16 01:05:50,971] Trial 0 finished with value: 0.8097820818848854 and parameters: {'hid_dim': 128, 'theta': 7.0, 'beta': 0.001, 'lambd': 0.01, 'lr': 0.01, 'win_size': 7, 'epochs': 750}. Best is trial 0 with value: 0.8097820818848854.
[I 2025-09-16 01:08:27,759] Trial 1 finished with value: 0.8012215917982762 and parameters: {'hid_dim': 128, 'theta': 7.0, 'beta': 0.01, 'lambd': 0.1, 'lr': 0.1, 'win_size': 9, 'epochs': 1000}. Best is trial 0 with value: 0.8097820818848854.
[I 2025-09-16 01:10:02,587] Trial 2 finished with value: 0.8205518879538448 and parameters: {'hid_dim': 256, 'theta': 5.0, 'beta': 0.1, 'lambd': 0.2, 'lr': 0.01, 'win_size': 7, 'epochs': 500}. Best is trial 2 with value: 0.8205518879538448.
[I 2025-09-16 01:13:34,444] Trial 3 finished with value: 0.7464807015835331 and parameters: {'hid_dim': 512, 'theta': 2.0, 'beta': 0.01, 'lambd': 0.1, 'lr': 0.005, 'win_size': 5, 'epochs': 1000}. Best is trial 2 with value: 0.8205518879538448.
[I 2025-09-16 01:15:12,489] Trial 4 finished with value: 0.8079192111051858 and parameters: {'hid_dim': 256, 'theta': 5.0, 'beta': 0.001, 'lambd': 0.2, 'lr': 0.005, 'win_size': 3, 'epochs': 1000}. Best is trial 2 with value: 0.8205518879538448.
[I 2025-09-16 01:17:06,040] Trial 5 finished with value: 0.28539874443071656 and parameters: {'hid_dim': 512, 'theta': 2.0, 'beta': 0.1, 'lambd': 0.2, 'lr': 0.05, 'win_size': 3, 'epochs': 750}. Best is trial 2 with value: 0.8205518879538448.
[I 2025-09-16 01:18:30,407] Trial 6 finished with value: 0.6724073458407573 and parameters: {'hid_dim': 32, 'theta': 5.0, 'beta': 0.001, 'lambd': 0.01, 'lr': 0.001, 'win_size': 5, 'epochs': 1000}. Best is trial 2 with value: 0.8205518879538448.
[I 2025-09-16 01:20:19,876] Trial 7 finished with value: 0.26474107407925507 and parameters: {'hid_dim': 256, 'theta': 7.0, 'beta': 0.01, 'lambd': 0.01, 'lr': 0.001, 'win_size': 9, 'epochs': 500}. Best is trial 2 with value: 0.8205518879538448.
[I 2025-09-16 01:22:00,035] Trial 8 finished with value: 0.7758068031209644 and parameters: {'hid_dim': 64, 'theta': 5.0, 'beta': 0.01, 'lambd': 0.2, 'lr': 0.05, 'win_size': 9, 'epochs': 750}. Best is trial 2 with value: 0.8205518879538448.
[I 2025-09-16 01:23:28,781] Trial 9 finished with value: 0.5009817895793082 and parameters: {'hid_dim': 128, 'theta': 5.0, 'beta': 0.1, 'lambd': 0.01, 'lr': 0.005, 'win_size': 9, 'epochs': 500}. Best is trial 2 with value: 0.8205518879538448.
[I 2025-09-16 01:25:04,737] Trial 10 finished with value: 0.812436359209781 and parameters: {'hid_dim': 256, 'theta': 5.0, 'beta': 0.1, 'lambd': 0.001, 'lr': 0.01, 'win_size': 7, 'epochs': 500}. Best is trial 2 with value: 0.8205518879538448.
[I 2025-09-16 01:26:40,434] Trial 11 finished with value: 0.8122948206686282 and parameters: {'hid_dim': 256, 'theta': 5.0, 'beta': 0.1, 'lambd': 0.001, 'lr': 0.01, 'win_size': 7, 'epochs': 500}. Best is trial 2 with value: 0.8205518879538448.
[I 2025-09-16 01:28:15,807] Trial 12 finished with value: 0.8124771953978858 and parameters: {'hid_dim': 256, 'theta': 5.0, 'beta': 0.1, 'lambd': 0.001, 'lr': 0.01, 'win_size': 7, 'epochs': 500}. Best is trial 2 with value: 0.8205518879538448.
[I 2025-09-16 01:29:51,246] Trial 13 finished with value: 0.8124525935360802 and parameters: {'hid_dim': 256, 'theta': 5.0, 'beta': 0.1, 'lambd': 0.001, 'lr': 0.01, 'win_size': 7, 'epochs': 500}. Best is trial 2 with value: 0.8205518879538448.
[I 2025-09-16 01:30:51,412] Trial 14 finished with value: 0.6353679932045705 and parameters: {'hid_dim': 32, 'theta': 5.0, 'beta': 0.1, 'lambd': 0.001, 'lr': 0.01, 'win_size': 7, 'epochs': 500}. Best is trial 2 with value: 0.8205518879538448.
[I 2025-09-16 01:31:55,263] Trial 15 finished with value: 0.7786596276451382 and parameters: {'hid_dim': 64, 'theta': 2.0, 'beta': 0.1, 'lambd': 0.2, 'lr': 0.1, 'win_size': 7, 'epochs': 500}. Best is trial 2 with value: 0.8205518879538448.
[I 2025-09-16 01:33:30,741] Trial 16 finished with value: 0.8122056410239147 and parameters: {'hid_dim': 256, 'theta': 5.0, 'beta': 0.1, 'lambd': 0.001, 'lr': 0.01, 'win_size': 7, 'epochs': 500}. Best is trial 2 with value: 0.8205518879538448.
[I 2025-09-16 01:35:06,190] Trial 17 finished with value: 0.8207508418149162 and parameters: {'hid_dim': 256, 'theta': 5.0, 'beta': 0.1, 'lambd': 0.2, 'lr': 0.01, 'win_size': 7, 'epochs': 500}. Best is trial 17 with value: 0.8207508418149162.
[I 2025-09-16 01:36:00,332] Trial 18 finished with value: 0.7914513893273578 and parameters: {'hid_dim': 256, 'theta': 7.0, 'beta': 0.1, 'lambd': 0.2, 'lr': 0.01, 'win_size': 3, 'epochs': 500}. Best is trial 17 with value: 0.8207508418149162.
[I 2025-09-16 01:37:10,205] Trial 19 finished with value: 0.5542101024837536 and parameters: {'hid_dim': 32, 'theta': 2.0, 'beta': 0.1, 'lambd': 0.2, 'lr': 0.05, 'win_size': 5, 'epochs': 750}. Best is trial 17 with value: 0.8207508418149162.
[I 2025-09-16 01:38:14,282] Trial 20 finished with value: 0.4020135273658112 and parameters: {'hid_dim': 64, 'theta': 5.0, 'beta': 0.001, 'lambd': 0.2, 'lr': 0.001, 'win_size': 7, 'epochs': 500}. Best is trial 17 with value: 0.8207508418149162.
[I 2025-09-16 01:39:49,803] Trial 21 finished with value: 0.8208916634184995 and parameters: {'hid_dim': 256, 'theta': 5.0, 'beta': 0.1, 'lambd': 0.2, 'lr': 0.01, 'win_size': 7, 'epochs': 500}. Best is trial 21 with value: 0.8208916634184995.
[I 2025-09-16 01:41:25,625] Trial 22 finished with value: 0.8209616102591561 and parameters: {'hid_dim': 256, 'theta': 5.0, 'beta': 0.1, 'lambd': 0.2, 'lr': 0.01, 'win_size': 7, 'epochs': 500}. Best is trial 22 with value: 0.8209616102591561.
[I 2025-09-16 01:43:01,643] Trial 23 finished with value: 0.8209824602553715 and parameters: {'hid_dim': 256, 'theta': 5.0, 'beta': 0.1, 'lambd': 0.2, 'lr': 0.01, 'win_size': 7, 'epochs': 500}. Best is trial 23 with value: 0.8209824602553715.
[I 2025-09-16 01:45:21,954] Trial 24 finished with value: 0.8188436943730331 and parameters: {'hid_dim': 512, 'theta': 5.0, 'beta': 0.1, 'lambd': 0.2, 'lr': 0.1, 'win_size': 7, 'epochs': 500}. Best is trial 23 with value: 0.8209824602553715.
[I 2025-09-16 01:47:01,083] Trial 25 finished with value: 0.8188558722985017 and parameters: {'hid_dim': 256, 'theta': 5.0, 'beta': 0.1, 'lambd': 0.1, 'lr': 0.01, 'win_size': 7, 'epochs': 500}. Best is trial 23 with value: 0.8209824602553715.
[I 2025-09-16 01:48:39,791] Trial 26 finished with value: 0.8207348395192317 and parameters: {'hid_dim': 256, 'theta': 5.0, 'beta': 0.1, 'lambd': 0.2, 'lr': 0.01, 'win_size': 7, 'epochs': 500}. Best is trial 23 with value: 0.8209824602553715.
[I 2025-09-16 01:49:58,561] Trial 27 finished with value: 0.8025824341627177 and parameters: {'hid_dim': 256, 'theta': 5.0, 'beta': 0.1, 'lambd': 0.2, 'lr': 0.01, 'win_size': 3, 'epochs': 750}. Best is trial 23 with value: 0.8209824602553715.
[I 2025-09-16 01:52:24,955] Trial 28 finished with value: 0.8313122611966591 and parameters: {'hid_dim': 256, 'theta': 7.0, 'beta': 0.01, 'lambd': 0.2, 'lr': 0.01, 'win_size': 5, 'epochs': 1000}. Best is trial 28 with value: 0.8313122611966591.
[I 2025-09-16 01:54:20,786] Trial 29 finished with value: 0.8312501356437734 and parameters: {'hid_dim': 128, 'theta': 7.0, 'beta': 0.01, 'lambd': 0.2, 'lr': 0.01, 'win_size': 5, 'epochs': 1000}. Best is trial 28 with value: 0.8313122611966591.
[I 2025-09-16 01:56:16,521] Trial 30 finished with value: 0.8073772941710354 and parameters: {'hid_dim': 128, 'theta': 7.0, 'beta': 0.01, 'lambd': 0.1, 'lr': 0.001, 'win_size': 5, 'epochs': 1000}. Best is trial 28 with value: 0.8313122611966591.
[I 2025-09-16 01:58:12,060] Trial 31 finished with value: 0.8314375204595481 and parameters: {'hid_dim': 128, 'theta': 7.0, 'beta': 0.01, 'lambd': 0.2, 'lr': 0.01, 'win_size': 5, 'epochs': 1000}. Best is trial 31 with value: 0.8314375204595481.
[I 2025-09-16 02:00:07,782] Trial 32 finished with value: 0.8312693848825351 and parameters: {'hid_dim': 128, 'theta': 7.0, 'beta': 0.01, 'lambd': 0.2, 'lr': 0.01, 'win_size': 5, 'epochs': 1000}. Best is trial 31 with value: 0.8314375204595481.
[I 2025-09-16 02:02:03,365] Trial 33 finished with value: 0.8210325838896987 and parameters: {'hid_dim': 128, 'theta': 7.0, 'beta': 0.01, 'lambd': 0.2, 'lr': 0.1, 'win_size': 5, 'epochs': 1000}. Best is trial 31 with value: 0.8314375204595481.
[I 2025-09-16 02:03:59,023] Trial 34 finished with value: 0.8309828238898362 and parameters: {'hid_dim': 128, 'theta': 7.0, 'beta': 0.01, 'lambd': 0.2, 'lr': 0.01, 'win_size': 5, 'epochs': 1000}. Best is trial 31 with value: 0.8314375204595481.
[I 2025-09-16 02:05:54,653] Trial 35 finished with value: 0.8243530512299889 and parameters: {'hid_dim': 128, 'theta': 7.0, 'beta': 0.01, 'lambd': 0.1, 'lr': 0.005, 'win_size': 5, 'epochs': 1000}. Best is trial 31 with value: 0.8314375204595481.
[I 2025-09-16 02:07:49,828] Trial 36 finished with value: 0.8313093952791594 and parameters: {'hid_dim': 128, 'theta': 7.0, 'beta': 0.01, 'lambd': 0.2, 'lr': 0.01, 'win_size': 5, 'epochs': 1000}. Best is trial 31 with value: 0.8314375204595481.
[I 2025-09-16 02:09:40,145] Trial 37 finished with value: 0.8381435976621002 and parameters: {'hid_dim': 128, 'theta': 7.0, 'beta': 0.01, 'lambd': 0.01, 'lr': 0.05, 'win_size': 5, 'epochs': 1000}. Best is trial 37 with value: 0.8381435976621002.
[I 2025-09-16 02:11:31,035] Trial 38 finished with value: 0.8379590998787774 and parameters: {'hid_dim': 128, 'theta': 7.0, 'beta': 0.01, 'lambd': 0.01, 'lr': 0.05, 'win_size': 5, 'epochs': 1000}. Best is trial 37 with value: 0.8381435976621002.
[I 2025-09-16 02:13:21,295] Trial 39 finished with value: 0.8382246001352808 and parameters: {'hid_dim': 128, 'theta': 7.0, 'beta': 0.01, 'lambd': 0.01, 'lr': 0.05, 'win_size': 5, 'epochs': 1000}. Best is trial 39 with value: 0.8382246001352808.
[I 2025-09-16 02:15:11,315] Trial 40 finished with value: 0.8383378831616035 and parameters: {'hid_dim': 128, 'theta': 7.0, 'beta': 0.01, 'lambd': 0.01, 'lr': 0.05, 'win_size': 5, 'epochs': 1000}. Best is trial 40 with value: 0.8383378831616035.
[I 2025-09-16 02:17:01,902] Trial 41 finished with value: 0.8380564733150575 and parameters: {'hid_dim': 128, 'theta': 7.0, 'beta': 0.01, 'lambd': 0.01, 'lr': 0.05, 'win_size': 5, 'epochs': 1000}. Best is trial 40 with value: 0.8383378831616035.
[I 2025-09-16 02:18:52,398] Trial 42 finished with value: 0.8382042435065445 and parameters: {'hid_dim': 128, 'theta': 7.0, 'beta': 0.01, 'lambd': 0.01, 'lr': 0.05, 'win_size': 5, 'epochs': 1000}. Best is trial 40 with value: 0.8383378831616035.
[I 2025-09-16 02:20:42,551] Trial 43 finished with value: 0.8381768225026431 and parameters: {'hid_dim': 128, 'theta': 7.0, 'beta': 0.01, 'lambd': 0.01, 'lr': 0.05, 'win_size': 5, 'epochs': 1000}. Best is trial 40 with value: 0.8383378831616035.
[I 2025-09-16 02:22:33,179] Trial 44 finished with value: 0.838038051801527 and parameters: {'hid_dim': 128, 'theta': 7.0, 'beta': 0.01, 'lambd': 0.01, 'lr': 0.05, 'win_size': 5, 'epochs': 1000}. Best is trial 40 with value: 0.8383378831616035.
[I 2025-09-16 02:25:10,882] Trial 45 finished with value: 0.7870496632713636 and parameters: {'hid_dim': 128, 'theta': 7.0, 'beta': 0.001, 'lambd': 0.01, 'lr': 0.05, 'win_size': 9, 'epochs': 1000}. Best is trial 40 with value: 0.8383378831616035.
[I 2025-09-16 02:28:42,756] Trial 46 finished with value: 0.8329215833605906 and parameters: {'hid_dim': 512, 'theta': 7.0, 'beta': 0.01, 'lambd': 0.01, 'lr': 0.05, 'win_size': 5, 'epochs': 1000}. Best is trial 40 with value: 0.8383378831616035.
[I 2025-09-16 02:30:33,259] Trial 47 finished with value: 0.8384982902118232 and parameters: {'hid_dim': 128, 'theta': 7.0, 'beta': 0.01, 'lambd': 0.01, 'lr': 0.05, 'win_size': 5, 'epochs': 1000}. Best is trial 47 with value: 0.8384982902118232.
[I 2025-09-16 02:32:23,751] Trial 48 finished with value: 0.6853447270395998 and parameters: {'hid_dim': 128, 'theta': 2.0, 'beta': 0.01, 'lambd': 0.01, 'lr': 0.05, 'win_size': 5, 'epochs': 1000}. Best is trial 47 with value: 0.8384982902118232.
[I 2025-09-16 02:35:01,560] Trial 49 finished with value: 0.7875125934233531 and parameters: {'hid_dim': 128, 'theta': 7.0, 'beta': 0.01, 'lambd': 0.01, 'lr': 0.05, 'win_size': 9, 'epochs': 1000}. Best is trial 47 with value: 0.8384982902118232.
[I 2025-09-16 02:35:56,037] Trial 50 finished with value: 0.6740375828319758 and parameters: {'hid_dim': 32, 'theta': 7.0, 'beta': 0.001, 'lambd': 0.01, 'lr': 0.05, 'win_size': 3, 'epochs': 750}. Best is trial 47 with value: 0.8384982902118232.
[I 2025-09-16 02:37:45,684] Trial 51 finished with value: 0.8380207869712205 and parameters: {'hid_dim': 128, 'theta': 7.0, 'beta': 0.01, 'lambd': 0.01, 'lr': 0.05, 'win_size': 5, 'epochs': 1000}. Best is trial 47 with value: 0.8384982902118232.
[I 2025-09-16 02:39:35,417] Trial 52 finished with value: 0.8381972832450065 and parameters: {'hid_dim': 128, 'theta': 7.0, 'beta': 0.01, 'lambd': 0.01, 'lr': 0.05, 'win_size': 5, 'epochs': 1000}. Best is trial 47 with value: 0.8384982902118232.
[I 2025-09-16 02:41:25,447] Trial 53 finished with value: 0.8380942914471575 and parameters: {'hid_dim': 128, 'theta': 7.0, 'beta': 0.01, 'lambd': 0.01, 'lr': 0.05, 'win_size': 5, 'epochs': 1000}. Best is trial 47 with value: 0.8384982902118232.
[I 2025-09-16 02:43:15,855] Trial 54 finished with value: 0.837843089901222 and parameters: {'hid_dim': 128, 'theta': 7.0, 'beta': 0.01, 'lambd': 0.01, 'lr': 0.05, 'win_size': 5, 'epochs': 1000}. Best is trial 47 with value: 0.8384982902118232.
[I 2025-09-16 02:44:48,620] Trial 55 finished with value: 0.5631164886047895 and parameters: {'hid_dim': 64, 'theta': 2.0, 'beta': 0.01, 'lambd': 0.01, 'lr': 0.05, 'win_size': 5, 'epochs': 1000}. Best is trial 47 with value: 0.8384982902118232.
[I 2025-09-16 02:46:38,753] Trial 56 finished with value: 0.8383740518334936 and parameters: {'hid_dim': 128, 'theta': 7.0, 'beta': 0.01, 'lambd': 0.01, 'lr': 0.05, 'win_size': 5, 'epochs': 1000}. Best is trial 47 with value: 0.8384982902118232.
[I 2025-09-16 02:50:10,703] Trial 57 finished with value: 0.8244627723939092 and parameters: {'hid_dim': 512, 'theta': 7.0, 'beta': 0.01, 'lambd': 0.01, 'lr': 0.005, 'win_size': 5, 'epochs': 1000}. Best is trial 47 with value: 0.8384982902118232.
[I 2025-09-16 02:51:37,090] Trial 58 finished with value: 0.8138073969070936 and parameters: {'hid_dim': 128, 'theta': 7.0, 'beta': 0.001, 'lambd': 0.01, 'lr': 0.05, 'win_size': 5, 'epochs': 750}. Best is trial 47 with value: 0.8384982902118232.
[I 2025-09-16 02:53:31,545] Trial 59 finished with value: 0.5718547082074329 and parameters: {'hid_dim': 32, 'theta': 7.0, 'beta': 0.01, 'lambd': 0.01, 'lr': 0.05, 'win_size': 9, 'epochs': 1000}. Best is trial 47 with value: 0.8384982902118232.
[I 2025-09-16 02:54:39,044] Trial 60 finished with value: 0.5652840019594358 and parameters: {'hid_dim': 64, 'theta': 2.0, 'beta': 0.01, 'lambd': 0.01, 'lr': 0.05, 'win_size': 3, 'epochs': 1000}. Best is trial 47 with value: 0.8384982902118232.
[I 2025-09-16 02:56:31,814] Trial 61 finished with value: 0.8383778375565499 and parameters: {'hid_dim': 128, 'theta': 7.0, 'beta': 0.01, 'lambd': 0.01, 'lr': 0.05, 'win_size': 5, 'epochs': 1000}. Best is trial 47 with value: 0.8384982902118232.
[I 2025-09-16 02:58:22,760] Trial 62 finished with value: 0.8378013965296336 and parameters: {'hid_dim': 128, 'theta': 7.0, 'beta': 0.01, 'lambd': 0.01, 'lr': 0.05, 'win_size': 5, 'epochs': 1000}. Best is trial 47 with value: 0.8384982902118232.
[I 2025-09-16 03:00:13,125] Trial 63 finished with value: 0.8383072837587535 and parameters: {'hid_dim': 128, 'theta': 7.0, 'beta': 0.01, 'lambd': 0.01, 'lr': 0.05, 'win_size': 5, 'epochs': 1000}. Best is trial 47 with value: 0.8384982902118232.
[I 2025-09-16 03:02:03,817] Trial 64 finished with value: 0.8039481741600799 and parameters: {'hid_dim': 128, 'theta': 7.0, 'beta': 0.01, 'lambd': 0.01, 'lr': 0.001, 'win_size': 5, 'epochs': 1000}. Best is trial 47 with value: 0.8384982902118232.
[I 2025-09-16 03:03:54,763] Trial 65 finished with value: 0.8374222084200409 and parameters: {'hid_dim': 128, 'theta': 7.0, 'beta': 0.01, 'lambd': 0.001, 'lr': 0.05, 'win_size': 5, 'epochs': 1000}. Best is trial 47 with value: 0.8384982902118232.
[I 2025-09-16 03:05:44,903] Trial 66 finished with value: 0.8172972393746875 and parameters: {'hid_dim': 128, 'theta': 7.0, 'beta': 0.01, 'lambd': 0.01, 'lr': 0.1, 'win_size': 5, 'epochs': 1000}. Best is trial 47 with value: 0.8384982902118232.
[I 2025-09-16 03:07:11,143] Trial 67 finished with value: 0.8322291855801183 and parameters: {'hid_dim': 128, 'theta': 7.0, 'beta': 0.01, 'lambd': 0.01, 'lr': 0.05, 'win_size': 5, 'epochs': 750}. Best is trial 47 with value: 0.8384982902118232.
[I 2025-09-16 03:10:43,530] Trial 68 finished with value: 0.8351182734757028 and parameters: {'hid_dim': 512, 'theta': 7.0, 'beta': 0.01, 'lambd': 0.1, 'lr': 0.05, 'win_size': 5, 'epochs': 1000}. Best is trial 47 with value: 0.8384982902118232.
[I 2025-09-16 03:12:01,669] Trial 69 finished with value: 0.6887520105459639 and parameters: {'hid_dim': 128, 'theta': 7.0, 'beta': 0.001, 'lambd': 0.01, 'lr': 0.05, 'win_size': 3, 'epochs': 1000}. Best is trial 47 with value: 0.8384982902118232.
[I 2025-09-16 03:13:52,717] Trial 70 finished with value: 0.8197911555695423 and parameters: {'hid_dim': 128, 'theta': 7.0, 'beta': 0.01, 'lambd': 0.01, 'lr': 0.005, 'win_size': 5, 'epochs': 1000}. Best is trial 47 with value: 0.8384982902118232.
[I 2025-09-16 03:15:43,196] Trial 71 finished with value: 0.8381628795855731 and parameters: {'hid_dim': 128, 'theta': 7.0, 'beta': 0.01, 'lambd': 0.01, 'lr': 0.05, 'win_size': 5, 'epochs': 1000}. Best is trial 47 with value: 0.8384982902118232.
[I 2025-09-16 03:17:33,388] Trial 72 finished with value: 0.8380777258794718 and parameters: {'hid_dim': 128, 'theta': 7.0, 'beta': 0.01, 'lambd': 0.01, 'lr': 0.05, 'win_size': 5, 'epochs': 1000}. Best is trial 47 with value: 0.8384982902118232.
[I 2025-09-16 03:19:23,759] Trial 73 finished with value: 0.8381501397091801 and parameters: {'hid_dim': 128, 'theta': 7.0, 'beta': 0.01, 'lambd': 0.01, 'lr': 0.05, 'win_size': 5, 'epochs': 1000}. Best is trial 47 with value: 0.8384982902118232.
[I 2025-09-16 03:21:14,105] Trial 74 finished with value: 0.8381838626865318 and parameters: {'hid_dim': 128, 'theta': 7.0, 'beta': 0.01, 'lambd': 0.01, 'lr': 0.05, 'win_size': 5, 'epochs': 1000}. Best is trial 47 with value: 0.8384982902118232.
[I 2025-09-16 03:22:42,036] Trial 75 finished with value: 0.6737253404531471 and parameters: {'hid_dim': 32, 'theta': 7.0, 'beta': 0.01, 'lambd': 0.001, 'lr': 0.001, 'win_size': 5, 'epochs': 1000}. Best is trial 47 with value: 0.8384982902118232.
[I 2025-09-16 03:24:32,913] Trial 76 finished with value: 0.6851233915262146 and parameters: {'hid_dim': 128, 'theta': 2.0, 'beta': 0.01, 'lambd': 0.01, 'lr': 0.05, 'win_size': 5, 'epochs': 1000}. Best is trial 47 with value: 0.8384982902118232.
[I 2025-09-16 03:26:40,432] Trial 77 finished with value: 0.7124201478389992 and parameters: {'hid_dim': 64, 'theta': 7.0, 'beta': 0.01, 'lambd': 0.01, 'lr': 0.05, 'win_size': 9, 'epochs': 1000}. Best is trial 47 with value: 0.8384982902118232.
[I 2025-09-16 03:28:31,265] Trial 78 finished with value: 0.8207245520305329 and parameters: {'hid_dim': 128, 'theta': 7.0, 'beta': 0.01, 'lambd': 0.1, 'lr': 0.1, 'win_size': 5, 'epochs': 1000}. Best is trial 47 with value: 0.8384982902118232.
[I 2025-09-16 03:30:21,597] Trial 79 finished with value: 0.8381574064011962 and parameters: {'hid_dim': 128, 'theta': 7.0, 'beta': 0.01, 'lambd': 0.01, 'lr': 0.05, 'win_size': 5, 'epochs': 1000}. Best is trial 47 with value: 0.8384982902118232.
[I 2025-09-16 03:31:47,737] Trial 80 finished with value: 0.8323979493520797 and parameters: {'hid_dim': 128, 'theta': 7.0, 'beta': 0.01, 'lambd': 0.01, 'lr': 0.05, 'win_size': 5, 'epochs': 750}. Best is trial 47 with value: 0.8384982902118232.
[I 2025-09-16 03:33:37,890] Trial 81 finished with value: 0.837886654661688 and parameters: {'hid_dim': 128, 'theta': 7.0, 'beta': 0.01, 'lambd': 0.01, 'lr': 0.05, 'win_size': 5, 'epochs': 1000}. Best is trial 47 with value: 0.8384982902118232.
[I 2025-09-16 03:35:27,888] Trial 82 finished with value: 0.8385193327505283 and parameters: {'hid_dim': 128, 'theta': 7.0, 'beta': 0.01, 'lambd': 0.01, 'lr': 0.05, 'win_size': 5, 'epochs': 1000}. Best is trial 82 with value: 0.8385193327505283.
[I 2025-09-16 03:37:18,204] Trial 83 finished with value: 0.837922548671526 and parameters: {'hid_dim': 128, 'theta': 7.0, 'beta': 0.01, 'lambd': 0.01, 'lr': 0.05, 'win_size': 5, 'epochs': 1000}. Best is trial 82 with value: 0.8385193327505283.
[I 2025-09-16 03:39:08,313] Trial 84 finished with value: 0.8380845347659492 and parameters: {'hid_dim': 128, 'theta': 7.0, 'beta': 0.01, 'lambd': 0.01, 'lr': 0.05, 'win_size': 5, 'epochs': 1000}. Best is trial 82 with value: 0.8385193327505283.
[I 2025-09-16 03:40:58,781] Trial 85 finished with value: 0.8381519424372128 and parameters: {'hid_dim': 128, 'theta': 7.0, 'beta': 0.01, 'lambd': 0.01, 'lr': 0.05, 'win_size': 5, 'epochs': 1000}. Best is trial 82 with value: 0.8385193327505283.
[I 2025-09-16 03:42:48,939] Trial 86 finished with value: 0.8379741188384309 and parameters: {'hid_dim': 128, 'theta': 7.0, 'beta': 0.01, 'lambd': 0.01, 'lr': 0.05, 'win_size': 5, 'epochs': 1000}. Best is trial 82 with value: 0.8385193327505283.
[I 2025-09-16 03:44:39,488] Trial 87 finished with value: 0.8154505652244662 and parameters: {'hid_dim': 128, 'theta': 7.0, 'beta': 0.001, 'lambd': 0.01, 'lr': 0.05, 'win_size': 5, 'epochs': 1000}. Best is trial 82 with value: 0.8385193327505283.
[I 2025-09-16 03:48:11,336] Trial 88 finished with value: 0.8234153767373142 and parameters: {'hid_dim': 512, 'theta': 7.0, 'beta': 0.01, 'lambd': 0.001, 'lr': 0.005, 'win_size': 5, 'epochs': 1000}. Best is trial 82 with value: 0.8385193327505283.
