[I 2025-09-13 01:42:10,123] Trial 189 finished with value: 0.8530880561060475 and parameters: {'hid_dim': 256, 'theta': 0.8, 'alpha': 0.01, 'beta': 0.001, 'lr': 0.01, 'win_size': 10}. Best is trial 172 with value: 0.8543929792950405.
[I 2025-09-13 01:43:35,693] Trial 190 finished with value: 0.853933521054773 and parameters: {'hid_dim': 256, 'theta': 1.0, 'alpha': 0.01, 'beta': 0.001, 'lr': 0.01, 'win_size': 10}. Best is trial 172 with value: 0.8543929792950405.
[I 2025-09-13 01:45:01,672] Trial 191 finished with value: 0.8539491839769595 and parameters: {'hid_dim': 256, 'theta': 1.0, 'alpha': 0.01, 'beta': 0.001, 'lr': 0.01, 'win_size': 10}. Best is trial 172 with value: 0.8543929792950405.
[I 2025-09-13 01:46:27,443] Trial 192 finished with value: 0.8538713285272728 and parameters: {'hid_dim': 256, 'theta': 1.0, 'alpha': 0.01, 'beta': 0.001, 'lr': 0.01, 'win_size': 10}. Best is trial 172 with value: 0.8543929792950405.
[I 2025-09-13 01:47:53,128] Trial 193 finished with value: 0.8539934665318218 and parameters: {'hid_dim': 256, 'theta': 1.0, 'alpha': 0.01, 'beta': 0.001, 'lr': 0.01, 'win_size': 10}. Best is trial 172 with value: 0.8543929792950405.
[I 2025-09-13 01:49:19,167] Trial 194 finished with value: 0.8538091391644324 and parameters: {'hid_dim': 256, 'theta': 1.0, 'alpha': 0.01, 'beta': 0.001, 'lr': 0.01, 'win_size': 10}. Best is trial 172 with value: 0.8543929792950405.
[I 2025-09-13 01:50:44,665] Trial 195 finished with value: 0.7680339393805986 and parameters: {'hid_dim': 256, 'theta': 1.0, 'alpha': 0.05, 'beta': 0.001, 'lr': 0.3, 'win_size': 10}. Best is trial 172 with value: 0.8543929792950405.
[I 2025-09-13 01:51:18,361] Trial 196 finished with value: 0.8043838005250229 and parameters: {'hid_dim': 256, 'theta': 1.0, 'alpha': 0.01, 'beta': 0.001, 'lr': 0.01, 'win_size': 2}. Best is trial 172 with value: 0.8543929792950405.
[I 2025-09-13 01:52:44,473] Trial 197 finished with value: 0.8540698096828956 and parameters: {'hid_dim': 256, 'theta': 1.0, 'alpha': 0.01, 'beta': 0.001, 'lr': 0.01, 'win_size': 10}. Best is trial 172 with value: 0.8543929792950405.
[I 2025-09-13 01:54:10,383] Trial 198 finished with value: 0.8535782164839809 and parameters: {'hid_dim': 256, 'theta': 1.0, 'alpha': 0.01, 'beta': 0.001, 'lr': 0.01, 'win_size': 10}. Best is trial 172 with value: 0.8543929792950405.
[I 2025-09-13 01:55:37,744] Trial 199 finished with value: 0.8534746156908839 and parameters: {'hid_dim': 256, 'theta': 1.2, 'alpha': 0.01, 'beta': 0.001, 'lr': 0.01, 'win_size': 10}. Best is trial 172 with value: 0.8543929792950405.
[I 2025-09-13 01:57:06,738] Trial 200 finished with value: 0.8001928913789924 and parameters: {'hid_dim': 256, 'theta': 1.0, 'alpha': 0.01, 'beta': 0.05, 'lr': 0.05, 'win_size': 10}. Best is trial 172 with value: 0.8543929792950405.
[I 2025-09-13 01:58:35,882] Trial 201 finished with value: 0.8539168715385376 and parameters: {'hid_dim': 256, 'theta': 1.0, 'alpha': 0.005, 'beta': 0.001, 'lr': 0.01, 'win_size': 10}. Best is trial 172 with value: 0.8543929792950405.
[I 2025-09-13 02:00:03,486] Trial 202 finished with value: 0.8517687162009674 and parameters: {'hid_dim': 256, 'theta': 1.0, 'alpha': 0.005, 'beta': 0.001, 'lr': 0.01, 'win_size': 10}. Best is trial 172 with value: 0.8543929792950405.
[I 2025-09-13 02:01:29,352] Trial 203 finished with value: 0.8541788219588811 and parameters: {'hid_dim': 256, 'theta': 1.0, 'alpha': 0.005, 'beta': 0.001, 'lr': 0.01, 'win_size': 10}. Best is trial 172 with value: 0.8543929792950405.
[I 2025-09-13 02:02:54,920] Trial 204 finished with value: 0.8541386815875385 and parameters: {'hid_dim': 256, 'theta': 1.0, 'alpha': 0.05, 'beta': 0.001, 'lr': 0.01, 'win_size': 10}. Best is trial 172 with value: 0.8543929792950405.
[I 2025-09-13 02:04:20,949] Trial 205 finished with value: 0.8541089906066399 and parameters: {'hid_dim': 256, 'theta': 1.0, 'alpha': 0.05, 'beta': 0.001, 'lr': 0.01, 'win_size': 10}. Best is trial 172 with value: 0.8543929792950405.
[I 2025-09-13 02:05:46,492] Trial 206 finished with value: 0.8541685088807071 and parameters: {'hid_dim': 256, 'theta': 1.0, 'alpha': 0.05, 'beta': 0.001, 'lr': 0.01, 'win_size': 10}. Best is trial 172 with value: 0.8543929792950405.
[I 2025-09-13 02:06:56,905] Trial 207 finished with value: 0.8200609116758348 and parameters: {'hid_dim': 128, 'theta': 1.0, 'alpha': 0.05, 'beta': 0.001, 'lr': 0.01, 'win_size': 10}. Best is trial 172 with value: 0.8543929792950405.
[I 2025-09-13 02:08:59,825] Trial 208 finished with value: 0.8449951433596817 and parameters: {'hid_dim': 512, 'theta': 1.0, 'alpha': 0.05, 'beta': 0.001, 'lr': 0.01, 'win_size': 10}. Best is trial 172 with value: 0.8543929792950405.
[I 2025-09-13 02:10:26,261] Trial 209 finished with value: 0.8538419418333122 and parameters: {'hid_dim': 256, 'theta': 1.0, 'alpha': 0.05, 'beta': 0.001, 'lr': 0.1, 'win_size': 10}. Best is trial 172 with value: 0.8543929792950405.
[I 2025-09-13 02:11:51,991] Trial 210 finished with value: 0.8542353627516236 and parameters: {'hid_dim': 256, 'theta': 1.0, 'alpha': 0.05, 'beta': 0.001, 'lr': 0.01, 'win_size': 10}. Best is trial 172 with value: 0.8543929792950405.
[I 2025-09-13 02:13:17,484] Trial 211 finished with value: 0.8538749926362249 and parameters: {'hid_dim': 256, 'theta': 1.0, 'alpha': 0.05, 'beta': 0.001, 'lr': 0.01, 'win_size': 10}. Best is trial 172 with value: 0.8543929792950405.
[I 2025-09-13 02:14:42,982] Trial 212 finished with value: 0.8538042294721083 and parameters: {'hid_dim': 256, 'theta': 1.0, 'alpha': 0.05, 'beta': 0.001, 'lr': 0.01, 'win_size': 10}. Best is trial 172 with value: 0.8543929792950405.
[I 2025-09-13 02:16:08,413] Trial 213 finished with value: 0.8541819535154733 and parameters: {'hid_dim': 256, 'theta': 1.0, 'alpha': 0.05, 'beta': 0.001, 'lr': 0.01, 'win_size': 10}. Best is trial 172 with value: 0.8543929792950405.
[I 2025-09-13 02:17:34,247] Trial 214 finished with value: 0.7751712409416235 and parameters: {'hid_dim': 256, 'theta': 1.6, 'alpha': 0.05, 'beta': 0.001, 'lr': 0.01, 'win_size': 10}. Best is trial 172 with value: 0.8543929792950405.
[I 2025-09-13 02:18:59,972] Trial 215 finished with value: 0.8540804678052047 and parameters: {'hid_dim': 256, 'theta': 1.0, 'alpha': 0.05, 'beta': 0.001, 'lr': 0.01, 'win_size': 10}. Best is trial 172 with value: 0.8543929792950405.
[I 2025-09-13 02:20:26,621] Trial 216 finished with value: 0.8542770783544613 and parameters: {'hid_dim': 256, 'theta': 1.0, 'alpha': 0.05, 'beta': 0.001, 'lr': 0.01, 'win_size': 10}. Best is trial 172 with value: 0.8543929792950405.
[I 2025-09-13 02:21:47,655] Trial 217 finished with value: 0.8491650047945767 and parameters: {'hid_dim': 256, 'theta': 1.0, 'alpha': 0.05, 'beta': 0.001, 'lr': 0.01, 'win_size': 8}. Best is trial 172 with value: 0.8543929792950405.
[I 2025-09-13 02:23:16,514] Trial 218 finished with value: 0.8370690979331168 and parameters: {'hid_dim': 256, 'theta': 1.4, 'alpha': 0.05, 'beta': 0.001, 'lr': 0.01, 'win_size': 10}. Best is trial 172 with value: 0.8543929792950405.
[I 2025-09-13 02:24:09,786] Trial 219 finished with value: 0.8376737686793944 and parameters: {'hid_dim': 256, 'theta': 1.0, 'alpha': 0.05, 'beta': 0.001, 'lr': 0.2, 'win_size': 4}. Best is trial 172 with value: 0.8543929792950405.
[I 2025-09-13 02:25:36,076] Trial 220 finished with value: 0.8536593107261332 and parameters: {'hid_dim': 256, 'theta': 1.0, 'alpha': 0.05, 'beta': 0.001, 'lr': 0.01, 'win_size': 10}. Best is trial 172 with value: 0.8543929792950405.
[I 2025-09-13 02:27:01,901] Trial 221 finished with value: 0.8541745369306213 and parameters: {'hid_dim': 256, 'theta': 1.0, 'alpha': 0.05, 'beta': 0.001, 'lr': 0.01, 'win_size': 10}. Best is trial 172 with value: 0.8543929792950405.
[I 2025-09-13 02:28:27,770] Trial 222 finished with value: 0.8542314581736212 and parameters: {'hid_dim': 256, 'theta': 1.0, 'alpha': 0.05, 'beta': 0.001, 'lr': 0.01, 'win_size': 10}. Best is trial 172 with value: 0.8543929792950405.
[I 2025-09-13 02:29:53,642] Trial 223 finished with value: 0.8539070125336488 and parameters: {'hid_dim': 256, 'theta': 1.0, 'alpha': 0.05, 'beta': 0.001, 'lr': 0.01, 'win_size': 10}. Best is trial 172 with value: 0.8543929792950405.
[I 2025-09-13 02:31:19,506] Trial 224 finished with value: 0.8539125176120826 and parameters: {'hid_dim': 256, 'theta': 1.0, 'alpha': 0.05, 'beta': 0.001, 'lr': 0.01, 'win_size': 10}. Best is trial 172 with value: 0.8543929792950405.
[I 2025-09-13 02:32:45,242] Trial 225 finished with value: 0.854238596126086 and parameters: {'hid_dim': 256, 'theta': 1.0, 'alpha': 0.05, 'beta': 0.001, 'lr': 0.01, 'win_size': 10}. Best is trial 172 with value: 0.8543929792950405.
[I 2025-09-13 02:34:10,832] Trial 226 finished with value: 0.8541364410012566 and parameters: {'hid_dim': 256, 'theta': 1.0, 'alpha': 0.05, 'beta': 0.001, 'lr': 0.01, 'win_size': 10}. Best is trial 172 with value: 0.8543929792950405.
[I 2025-09-13 02:35:36,579] Trial 227 finished with value: 0.8537767507294824 and parameters: {'hid_dim': 256, 'theta': 1.0, 'alpha': 0.05, 'beta': 0.001, 'lr': 0.01, 'win_size': 10}. Best is trial 172 with value: 0.8543929792950405.
[I 2025-09-13 02:37:02,353] Trial 228 finished with value: 0.8542256651972348 and parameters: {'hid_dim': 256, 'theta': 1.0, 'alpha': 0.05, 'beta': 0.001, 'lr': 0.01, 'win_size': 10}. Best is trial 172 with value: 0.8543929792950405.
[I 2025-09-13 02:38:28,364] Trial 229 finished with value: 0.8540905099267068 and parameters: {'hid_dim': 256, 'theta': 1.0, 'alpha': 0.05, 'beta': 0.001, 'lr': 0.01, 'win_size': 10}. Best is trial 172 with value: 0.8543929792950405.
[I 2025-09-13 02:39:53,773] Trial 230 finished with value: 0.8530771431181577 and parameters: {'hid_dim': 256, 'theta': 0.6, 'alpha': 0.05, 'beta': 0.001, 'lr': 0.01, 'win_size': 10}. Best is trial 172 with value: 0.8543929792950405.
[I 2025-09-13 02:41:19,599] Trial 231 finished with value: 0.8541557035722989 and parameters: {'hid_dim': 256, 'theta': 1.0, 'alpha': 0.05, 'beta': 0.001, 'lr': 0.01, 'win_size': 10}. Best is trial 172 with value: 0.8543929792950405.
[I 2025-09-13 02:42:45,104] Trial 232 finished with value: 0.8539423503821025 and parameters: {'hid_dim': 256, 'theta': 1.0, 'alpha': 0.05, 'beta': 0.001, 'lr': 0.01, 'win_size': 10}. Best is trial 172 with value: 0.8543929792950405.
[I 2025-09-13 02:44:10,534] Trial 233 finished with value: 0.8541942227698949 and parameters: {'hid_dim': 256, 'theta': 1.0, 'alpha': 0.05, 'beta': 0.001, 'lr': 0.01, 'win_size': 10}. Best is trial 172 with value: 0.8543929792950405.
[I 2025-09-13 02:45:37,724] Trial 234 finished with value: 0.8542268807750678 and parameters: {'hid_dim': 256, 'theta': 1.0, 'alpha': 0.05, 'beta': 0.001, 'lr': 0.01, 'win_size': 10}. Best is trial 172 with value: 0.8543929792950405.
[I 2025-09-13 02:47:06,964] Trial 235 finished with value: 0.8540010326565793 and parameters: {'hid_dim': 256, 'theta': 1.0, 'alpha': 0.05, 'beta': 0.001, 'lr': 0.01, 'win_size': 10}. Best is trial 172 with value: 0.8543929792950405.
[I 2025-09-13 02:48:36,373] Trial 236 finished with value: 0.8538794272492111 and parameters: {'hid_dim': 256, 'theta': 1.0, 'alpha': 0.05, 'beta': 0.001, 'lr': 0.01, 'win_size': 10}. Best is trial 172 with value: 0.8543929792950405.
[I 2025-09-13 02:50:04,661] Trial 237 finished with value: 0.8540349296432883 and parameters: {'hid_dim': 256, 'theta': 1.0, 'alpha': 0.05, 'beta': 0.001, 'lr': 0.01, 'win_size': 10}. Best is trial 172 with value: 0.8543929792950405.
[I 2025-09-13 02:51:31,289] Trial 238 finished with value: 0.8537174672829719 and parameters: {'hid_dim': 256, 'theta': 0.8, 'alpha': 0.05, 'beta': 0.001, 'lr': 0.01, 'win_size': 10}. Best is trial 172 with value: 0.8543929792950405.
[I 2025-09-13 02:52:04,719] Trial 239 finished with value: 0.8058164425115433 and parameters: {'hid_dim': 256, 'theta': 1.0, 'alpha': 0.05, 'beta': 0.001, 'lr': 0.01, 'win_size': 2}. Best is trial 172 with value: 0.8543929792950405.
[I 2025-09-13 02:53:31,077] Trial 240 finished with value: 0.768152709236249 and parameters: {'hid_dim': 256, 'theta': 1.0, 'alpha': 0.05, 'beta': 0.001, 'lr': 0.3, 'win_size': 10}. Best is trial 172 with value: 0.8543929792950405.
[I 2025-09-13 02:54:57,051] Trial 241 finished with value: 0.8541468224312282 and parameters: {'hid_dim': 256, 'theta': 1.0, 'alpha': 0.05, 'beta': 0.001, 'lr': 0.01, 'win_size': 10}. Best is trial 172 with value: 0.8543929792950405.
[I 2025-09-13 02:56:23,575] Trial 242 finished with value: 0.8540453384173461 and parameters: {'hid_dim': 256, 'theta': 1.0, 'alpha': 0.05, 'beta': 0.001, 'lr': 0.01, 'win_size': 10}. Best is trial 172 with value: 0.8543929792950405.
[I 2025-09-13 02:57:50,090] Trial 243 finished with value: 0.8540678260438944 and parameters: {'hid_dim': 256, 'theta': 1.0, 'alpha': 0.05, 'beta': 0.001, 'lr': 0.01, 'win_size': 10}. Best is trial 172 with value: 0.8543929792950405.
[I 2025-09-13 02:59:16,616] Trial 244 finished with value: 0.8542359197350193 and parameters: {'hid_dim': 256, 'theta': 1.0, 'alpha': 0.05, 'beta': 0.001, 'lr': 0.01, 'win_size': 10}. Best is trial 172 with value: 0.8543929792950405.
[I 2025-09-13 03:00:43,095] Trial 245 finished with value: 0.8541630152813136 and parameters: {'hid_dim': 256, 'theta': 1.0, 'alpha': 0.05, 'beta': 0.001, 'lr': 0.01, 'win_size': 10}. Best is trial 172 with value: 0.8543929792950405.
[I 2025-09-13 03:02:09,747] Trial 246 finished with value: 0.853967779331591 and parameters: {'hid_dim': 256, 'theta': 1.0, 'alpha': 0.05, 'beta': 0.001, 'lr': 0.01, 'win_size': 10}. Best is trial 172 with value: 0.8543929792950405.
[I 2025-09-13 03:03:35,894] Trial 247 finished with value: 0.8540706114611338 and parameters: {'hid_dim': 256, 'theta': 1.0, 'alpha': 0.05, 'beta': 0.001, 'lr': 0.01, 'win_size': 10}. Best is trial 172 with value: 0.8543929792950405.
[I 2025-09-13 03:05:38,531] Trial 248 finished with value: 0.8077502232126516 and parameters: {'hid_dim': 512, 'theta': 1.0, 'alpha': 0.05, 'beta': 0.001, 'lr': 0.05, 'win_size': 10}. Best is trial 172 with value: 0.8543929792950405.
[I 2025-09-13 03:06:44,903] Trial 249 finished with value: 0.8424679636327649 and parameters: {'hid_dim': 256, 'theta': 1.0, 'alpha': 0.05, 'beta': 0.001, 'lr': 0.01, 'win_size': 6}. Best is trial 172 with value: 0.8543929792950405.
[I 2025-09-13 03:08:10,924] Trial 250 finished with value: 0.8543050059417143 and parameters: {'hid_dim': 256, 'theta': 1.2, 'alpha': 0.05, 'beta': 0.001, 'lr': 0.01, 'win_size': 10}. Best is trial 172 with value: 0.8543929792950405.
[I 2025-09-13 03:09:36,551] Trial 251 finished with value: 0.7411037674405939 and parameters: {'hid_dim': 256, 'theta': 1.6, 'alpha': 0.05, 'beta': 0.001, 'lr': 0.01, 'win_size': 10}. Best is trial 172 with value: 0.8543929792950405.
[I 2025-09-13 03:10:48,113] Trial 252 finished with value: 0.8224290073746854 and parameters: {'hid_dim': 128, 'theta': 1.2, 'alpha': 0.05, 'beta': 0.05, 'lr': 0.01, 'win_size': 10}. Best is trial 172 with value: 0.8543929792950405.
[I 2025-09-13 03:14:29,029] Trial 253 finished with value: 0.8165379488138624 and parameters: {'hid_dim': 1024, 'theta': 1.2, 'alpha': 0.05, 'beta': 0.001, 'lr': 0.01, 'win_size': 10}. Best is trial 172 with value: 0.8543929792950405.
[I 2025-09-13 03:15:58,298] Trial 254 finished with value: 0.8542489006824289 and parameters: {'hid_dim': 256, 'theta': 1.0, 'alpha': 0.05, 'beta': 0.001, 'lr': 0.01, 'win_size': 10}. Best is trial 172 with value: 0.8543929792950405.
[I 2025-09-13 03:17:24,962] Trial 255 finished with value: 0.8539096963283536 and parameters: {'hid_dim': 256, 'theta': 1.0, 'alpha': 0.05, 'beta': 0.001, 'lr': 0.1, 'win_size': 10}. Best is trial 172 with value: 0.8543929792950405.
[I 2025-09-13 03:18:51,594] Trial 256 finished with value: 0.8540057975145874 and parameters: {'hid_dim': 256, 'theta': 1.0, 'alpha': 0.05, 'beta': 0.001, 'lr': 0.01, 'win_size': 10}. Best is trial 172 with value: 0.8543929792950405.
[I 2025-09-13 03:20:18,568] Trial 257 finished with value: 0.854440777259954 and parameters: {'hid_dim': 256, 'theta': 1.2, 'alpha': 0.05, 'beta': 0.001, 'lr': 0.01, 'win_size': 10}. Best is trial 257 with value: 0.854440777259954.
[I 2025-09-13 03:21:36,519] Trial 258 finished with value: 0.8495886336169987 and parameters: {'hid_dim': 256, 'theta': 1.2, 'alpha': 0.05, 'beta': 0.001, 'lr': 0.01, 'win_size': 8}. Best is trial 257 with value: 0.854440777259954.
[I 2025-09-13 03:23:03,122] Trial 259 finished with value: 0.8338740988414922 and parameters: {'hid_dim': 256, 'theta': 1.2, 'alpha': 0.05, 'beta': 0.1, 'lr': 0.01, 'win_size': 10}. Best is trial 257 with value: 0.854440777259954.
[I 2025-09-13 03:24:29,833] Trial 260 finished with value: 0.8530550272186853 and parameters: {'hid_dim': 256, 'theta': 1.2, 'alpha': 0.05, 'beta': 0.001, 'lr': 0.01, 'win_size': 10}. Best is trial 257 with value: 0.854440777259954.
[I 2025-09-13 03:25:21,483] Trial 261 finished with value: 0.8194680781730296 and parameters: {'hid_dim': 256, 'theta': 1.2, 'alpha': 0.05, 'beta': 0.001, 'lr': 0.01, 'win_size': 4}. Best is trial 257 with value: 0.854440777259954.
[I 2025-09-13 03:26:47,790] Trial 262 finished with value: 0.828016342097295 and parameters: {'hid_dim': 256, 'theta': 1.2, 'alpha': 0.05, 'beta': 0.001, 'lr': 0.2, 'win_size': 10}. Best is trial 257 with value: 0.854440777259954.
[I 2025-09-13 03:28:14,839] Trial 263 finished with value: 0.8531822148677922 and parameters: {'hid_dim': 256, 'theta': 0.6, 'alpha': 0.05, 'beta': 0.001, 'lr': 0.01, 'win_size': 10}. Best is trial 257 with value: 0.854440777259954.
[I 2025-09-13 03:29:41,106] Trial 264 finished with value: 0.8491018329890887 and parameters: {'hid_dim': 256, 'theta': 1.2, 'alpha': 0.05, 'beta': 0.001, 'lr': 0.01, 'win_size': 10}. Best is trial 257 with value: 0.854440777259954.
[I 2025-09-13 03:31:07,363] Trial 265 finished with value: 0.8527832378372867 and parameters: {'hid_dim': 256, 'theta': 1.2, 'alpha': 0.05, 'beta': 0.001, 'lr': 0.01, 'win_size': 10}. Best is trial 257 with value: 0.854440777259954.
[I 2025-09-13 03:32:33,999] Trial 266 finished with value: 0.854199786157264 and parameters: {'hid_dim': 256, 'theta': 1.2, 'alpha': 0.05, 'beta': 0.001, 'lr': 0.01, 'win_size': 10}. Best is trial 257 with value: 0.854440777259954.
[I 2025-09-13 03:33:59,955] Trial 267 finished with value: 0.8532176689180021 and parameters: {'hid_dim': 256, 'theta': 1.2, 'alpha': 0.05, 'beta': 0.001, 'lr': 0.01, 'win_size': 10}. Best is trial 257 with value: 0.854440777259954.
[I 2025-09-13 03:35:26,570] Trial 268 finished with value: 0.8543467356249459 and parameters: {'hid_dim': 256, 'theta': 1.2, 'alpha': 0.05, 'beta': 0.001, 'lr': 0.01, 'win_size': 10}. Best is trial 257 with value: 0.854440777259954.
[I 2025-09-13 03:36:53,047] Trial 269 finished with value: 0.8528515665038505 and parameters: {'hid_dim': 256, 'theta': 1.2, 'alpha': 0.05, 'beta': 0.001, 'lr': 0.01, 'win_size': 10}. Best is trial 257 with value: 0.854440777259954.
[I 2025-09-13 03:37:27,487] Trial 270 finished with value: 0.7664933200622823 and parameters: {'hid_dim': 256, 'theta': 1.2, 'alpha': 0.05, 'beta': 0.001, 'lr': 0.3, 'win_size': 2}. Best is trial 257 with value: 0.854440777259954.
[I 2025-09-13 03:38:57,409] Trial 271 finished with value: 0.8127815703152832 and parameters: {'hid_dim': 256, 'theta': 1.2, 'alpha': 0.05, 'beta': 0.05, 'lr': 0.01, 'win_size': 10}. Best is trial 257 with value: 0.854440777259954.
[I 2025-09-13 03:40:06,645] Trial 272 finished with value: 0.842223402886188 and parameters: {'hid_dim': 256, 'theta': 1.2, 'alpha': 0.05, 'beta': 0.001, 'lr': 0.01, 'win_size': 6}. Best is trial 257 with value: 0.854440777259954.
[I 2025-09-13 03:42:14,564] Trial 273 finished with value: 0.8014392565095372 and parameters: {'hid_dim': 512, 'theta': 1.2, 'alpha': 0.05, 'beta': 0.001, 'lr': 0.01, 'win_size': 10}. Best is trial 257 with value: 0.854440777259954.
[I 2025-09-13 03:43:40,932] Trial 274 finished with value: 0.8470210962193281 and parameters: {'hid_dim': 256, 'theta': 1.2, 'alpha': 0.05, 'beta': 0.001, 'lr': 0.01, 'win_size': 10}. Best is trial 257 with value: 0.854440777259954.
[I 2025-09-13 03:45:06,963] Trial 275 finished with value: 0.790868875031118 and parameters: {'hid_dim': 256, 'theta': 1.2, 'alpha': 0.05, 'beta': 0.001, 'lr': 0.05, 'win_size': 10}. Best is trial 257 with value: 0.854440777259954.
[I 2025-09-13 03:46:33,595] Trial 276 finished with value: 0.8524562171361942 and parameters: {'hid_dim': 256, 'theta': 1.2, 'alpha': 0.05, 'beta': 0.001, 'lr': 0.01, 'win_size': 10}. Best is trial 257 with value: 0.854440777259954.
[I 2025-09-13 03:47:44,309] Trial 277 finished with value: 0.8171541900171175 and parameters: {'hid_dim': 128, 'theta': 0.8, 'alpha': 0.05, 'beta': 0.001, 'lr': 0.01, 'win_size': 10}. Best is trial 257 with value: 0.854440777259954.
[I 2025-09-13 03:51:15,301] Trial 278 finished with value: 0.8361784517122797 and parameters: {'hid_dim': 1024, 'theta': 1.2, 'alpha': 0.05, 'beta': 0.001, 'lr': 0.01, 'win_size': 10}. Best is trial 257 with value: 0.854440777259954.
[I 2025-09-13 03:52:41,574] Trial 279 finished with value: 0.8411874114888265 and parameters: {'hid_dim': 256, 'theta': 1.4, 'alpha': 0.05, 'beta': 0.1, 'lr': 0.01, 'win_size': 10}. Best is trial 257 with value: 0.854440777259954.
[I 2025-09-13 03:54:08,027] Trial 280 finished with value: 0.8510624901481203 and parameters: {'hid_dim': 256, 'theta': 1.2, 'alpha': 0.05, 'beta': 0.001, 'lr': 0.01, 'win_size': 10}. Best is trial 257 with value: 0.854440777259954.
[I 2025-09-13 03:55:34,062] Trial 281 finished with value: 0.8539052592638723 and parameters: {'hid_dim': 256, 'theta': 1.0, 'alpha': 0.05, 'beta': 0.001, 'lr': 0.1, 'win_size': 10}. Best is trial 257 with value: 0.854440777259954.
[I 2025-09-13 03:57:00,069] Trial 282 finished with value: 0.8539779995759481 and parameters: {'hid_dim': 256, 'theta': 1.0, 'alpha': 0.05, 'beta': 0.001, 'lr': 0.01, 'win_size': 10}. Best is trial 257 with value: 0.854440777259954.
