[I 2025-09-13 03:58:25,882] Trial 283 finished with value: 0.8541713762365017 and parameters: {'hid_dim': 256, 'theta': 1.0, 'alpha': 0.05, 'beta': 0.001, 'lr': 0.01, 'win_size': 10}. Best is trial 257 with value: 0.854440777259954.
[I 2025-09-13 03:59:51,507] Trial 284 finished with value: 0.8542870427856049 and parameters: {'hid_dim': 256, 'theta': 1.0, 'alpha': 0.05, 'beta': 0.001, 'lr': 0.01, 'win_size': 10}. Best is trial 257 with value: 0.854440777259954.
[I 2025-09-13 04:01:09,260] Trial 285 finished with value: 0.8341183293260149 and parameters: {'hid_dim': 256, 'theta': 1.6, 'alpha': 0.05, 'beta': 0.001, 'lr': 0.01, 'win_size': 8}. Best is trial 257 with value: 0.854440777259954.
[I 2025-09-13 04:02:35,089] Trial 286 finished with value: 0.8540726424277657 and parameters: {'hid_dim': 256, 'theta': 1.0, 'alpha': 0.05, 'beta': 0.001, 'lr': 0.01, 'win_size': 10}. Best is trial 257 with value: 0.854440777259954.
[I 2025-09-13 04:04:03,202] Trial 287 finished with value: 0.8541199991184985 and parameters: {'hid_dim': 256, 'theta': 1.0, 'alpha': 0.05, 'beta': 0.001, 'lr': 0.01, 'win_size': 10}. Best is trial 257 with value: 0.854440777259954.
[I 2025-09-13 04:05:32,320] Trial 288 finished with value: 0.8270170676873582 and parameters: {'hid_dim': 256, 'theta': 1.0, 'alpha': 0.005, 'beta': 0.001, 'lr': 0.2, 'win_size': 10}. Best is trial 257 with value: 0.854440777259954.
[I 2025-09-13 04:06:25,313] Trial 289 finished with value: 0.8278108036704648 and parameters: {'hid_dim': 256, 'theta': 1.0, 'alpha': 0.05, 'beta': 0.001, 'lr': 0.01, 'win_size': 4}. Best is trial 257 with value: 0.854440777259954.
[I 2025-09-13 04:07:53,560] Trial 290 finished with value: 0.8509000857096943 and parameters: {'hid_dim': 256, 'theta': 1.4, 'alpha': 0.05, 'beta': 0.001, 'lr': 0.01, 'win_size': 10}. Best is trial 257 with value: 0.854440777259954.
[I 2025-09-13 04:09:19,478] Trial 291 finished with value: 0.8543939345308944 and parameters: {'hid_dim': 256, 'theta': 1.2, 'alpha': 0.005, 'beta': 0.001, 'lr': 0.01, 'win_size': 10}. Best is trial 257 with value: 0.854440777259954.
[I 2025-09-13 04:10:44,735] Trial 292 finished with value: 0.8530439062971856 and parameters: {'hid_dim': 256, 'theta': 1.2, 'alpha': 0.005, 'beta': 0.001, 'lr': 0.01, 'win_size': 10}. Best is trial 257 with value: 0.854440777259954.
[I 2025-09-13 04:12:10,321] Trial 293 finished with value: 0.8544193497889152 and parameters: {'hid_dim': 256, 'theta': 1.2, 'alpha': 0.005, 'beta': 0.001, 'lr': 0.01, 'win_size': 10}. Best is trial 257 with value: 0.854440777259954.
[I 2025-09-13 04:13:36,064] Trial 294 finished with value: 0.8544389465306775 and parameters: {'hid_dim': 256, 'theta': 1.2, 'alpha': 0.005, 'beta': 0.001, 'lr': 0.01, 'win_size': 10}. Best is trial 257 with value: 0.854440777259954.
[I 2025-09-13 04:15:02,030] Trial 295 finished with value: 0.8526555376775635 and parameters: {'hid_dim': 256, 'theta': 1.2, 'alpha': 0.005, 'beta': 0.001, 'lr': 0.01, 'win_size': 10}. Best is trial 257 with value: 0.854440777259954.
[I 2025-09-13 04:16:27,770] Trial 296 finished with value: 0.8537747119431551 and parameters: {'hid_dim': 256, 'theta': 1.2, 'alpha': 0.005, 'beta': 0.001, 'lr': 0.01, 'win_size': 10}. Best is trial 257 with value: 0.854440777259954.
[I 2025-09-13 04:17:53,124] Trial 297 finished with value: 0.852778656712943 and parameters: {'hid_dim': 256, 'theta': 1.2, 'alpha': 0.005, 'beta': 0.001, 'lr': 0.01, 'win_size': 10}. Best is trial 257 with value: 0.854440777259954.
[I 2025-09-13 04:18:26,467] Trial 298 finished with value: 0.8053702315677291 and parameters: {'hid_dim': 256, 'theta': 1.2, 'alpha': 0.005, 'beta': 0.001, 'lr': 0.01, 'win_size': 2}. Best is trial 257 with value: 0.854440777259954.
[I 2025-09-13 04:20:29,299] Trial 299 finished with value: 0.8284196801830812 and parameters: {'hid_dim': 512, 'theta': 1.2, 'alpha': 0.005, 'beta': 0.001, 'lr': 0.01, 'win_size': 10}. Best is trial 257 with value: 0.854440777259954.
Traceback (most recent call last):
  File "/home/ilavalle/tesisProductSpace/OpenTLP/OpenTLPPSpace/Python/opt_tmf.py", line 97, in <module>
    df_filtered = df_complete[columns_of_interest]
                  ~~~~~~~~~~~^^^^^^^^^^^^^^^^^^^^^
  File "/home/ilavalle/tesisProductSpace/OpenTLP/OpenTLPPSpace/.venv/lib/python3.12/site-packages/pandas/core/frame.py", line 4113, in __getitem__
    indexer = self.columns._get_indexer_strict(key, "columns")[1]
              ^^^^^^^^^^^^^^^^^^^^^^^^^^^^^^^^^^^^^^^^^^^^^^^^
  File "/home/ilavalle/tesisProductSpace/OpenTLP/OpenTLPPSpace/.venv/lib/python3.12/site-packages/pandas/core/indexes/base.py", line 6212, in _get_indexer_strict
    self._raise_if_missing(keyarr, indexer, axis_name)
  File "/home/ilavalle/tesisProductSpace/OpenTLP/OpenTLPPSpace/.venv/lib/python3.12/site-packages/pandas/core/indexes/base.py", line 6264, in _raise_if_missing
    raise KeyError(f"{not_found} not in index")
KeyError: "['params_lambd'] not in index"
