[I 2025-10-06 19:56:26,334] A new study created in memory with name: no-name-974818bf-1c55-48f3-8b51-5a5e4003fa6b
[I 2025-10-06 20:08:42,639] Trial 0 finished with value: 0.003839060750720796 and parameters: {'hid_dim': 2048, 'beta': 0.1, 'dropout_rate': 0.5, 'win_size': 6, 'lr': 0.0001, 'weight_decay': 0.0005}. Best is trial 0 with value: 0.003839060750720796.
[I 2025-10-06 20:15:49,324] Trial 1 finished with value: 0.28172326976412726 and parameters: {'hid_dim': 1024, 'beta': 0.0, 'dropout_rate': 0.2, 'win_size': 4, 'lr': 0.0001, 'weight_decay': 0.0001}. Best is trial 1 with value: 0.28172326976412726.
[I 2025-10-06 20:25:32,469] Trial 2 finished with value: 0.002561368554272088 and parameters: {'hid_dim': 1024, 'beta': 0.2, 'dropout_rate': 0.3, 'win_size': 6, 'lr': 0.005, 'weight_decay': 0.0005}. Best is trial 1 with value: 0.28172326976412726.
[I 2025-10-06 20:34:17,164] Trial 3 finished with value: 8.551639974037295e-05 and parameters: {'hid_dim': 2048, 'beta': 0.3, 'dropout_rate': 0.3, 'win_size': 4, 'lr': 5e-05, 'weight_decay': 0.005}. Best is trial 1 with value: 0.28172326976412726.
[I 2025-10-06 21:10:44,519] Trial 4 finished with value: 0.0 and parameters: {'hid_dim': 4096, 'beta': 0.1, 'dropout_rate': 0.5, 'win_size': 6, 'lr': 0.001, 'weight_decay': 0.005}. Best is trial 1 with value: 0.28172326976412726.
[I 2025-10-06 21:19:16,553] Trial 5 finished with value: 0.0020497932665051945 and parameters: {'hid_dim': 1024, 'beta': 0.2, 'dropout_rate': 0.1, 'win_size': 4, 'lr': 5e-05, 'weight_decay': 0.0001}. Best is trial 1 with value: 0.28172326976412726.
[I 2025-10-06 21:31:11,827] Trial 6 finished with value: 0.0013382524233585596 and parameters: {'hid_dim': 2048, 'beta': 0.2, 'dropout_rate': 0.2, 'win_size': 4, 'lr': 0.001, 'weight_decay': 0.001}. Best is trial 1 with value: 0.28172326976412726.
[I 2025-10-06 21:43:23,253] Trial 7 finished with value: 0.0002851789141789401 and parameters: {'hid_dim': 2048, 'beta': 0.2, 'dropout_rate': 0.1, 'win_size': 4, 'lr': 5e-05, 'weight_decay': 0.005}. Best is trial 1 with value: 0.28172326976412726.
[I 2025-10-06 22:01:03,255] Trial 8 finished with value: 0.0009409429181348382 and parameters: {'hid_dim': 2048, 'beta': 0.2, 'dropout_rate': 0.2, 'win_size': 6, 'lr': 0.0005, 'weight_decay': 0.005}. Best is trial 1 with value: 0.28172326976412726.
[I 2025-10-06 22:49:29,457] Trial 9 finished with value: 0.007574810462193664 and parameters: {'hid_dim': 4096, 'beta': 0.2, 'dropout_rate': 0.1, 'win_size': 8, 'lr': 0.0005, 'weight_decay': 0.0001}. Best is trial 1 with value: 0.28172326976412726.
[I 2025-10-06 22:54:23,275] Trial 10 finished with value: 0.260801219291555 and parameters: {'hid_dim': 1024, 'beta': 0.0, 'dropout_rate': 0.4, 'win_size': 2, 'lr': 0.0001, 'weight_decay': 0.0001}. Best is trial 1 with value: 0.28172326976412726.
[I 2025-10-06 22:59:17,075] Trial 11 finished with value: 0.26151462899156214 and parameters: {'hid_dim': 1024, 'beta': 0.0, 'dropout_rate': 0.4, 'win_size': 2, 'lr': 0.0001, 'weight_decay': 0.0001}. Best is trial 1 with value: 0.28172326976412726.
[I 2025-10-06 23:04:18,298] Trial 12 finished with value: 0.26120788500404535 and parameters: {'hid_dim': 1024, 'beta': 0.0, 'dropout_rate': 0.4, 'win_size': 2, 'lr': 0.0001, 'weight_decay': 0.0001}. Best is trial 1 with value: 0.28172326976412726.
[I 2025-10-06 23:09:12,944] Trial 13 finished with value: 0.0 and parameters: {'hid_dim': 1024, 'beta': 0.4, 'dropout_rate': 0.4, 'win_size': 2, 'lr': 0.0001, 'weight_decay': 0.0001}. Best is trial 1 with value: 0.28172326976412726.
[I 2025-10-06 23:24:56,690] Trial 14 finished with value: 0.0 and parameters: {'hid_dim': 1024, 'beta': 0.0, 'dropout_rate': 0.2, 'win_size': 8, 'lr': 0.0001, 'weight_decay': 0.001}. Best is trial 1 with value: 0.28172326976412726.
[I 2025-10-06 23:29:45,942] Trial 15 finished with value: 0.25032248214574515 and parameters: {'hid_dim': 1024, 'beta': 0.0, 'dropout_rate': 0.4, 'win_size': 2, 'lr': 0.005, 'weight_decay': 0.0001}. Best is trial 1 with value: 0.28172326976412726.
[I 2025-10-06 23:38:23,517] Trial 16 finished with value: 0.28354173064669713 and parameters: {'hid_dim': 1024, 'beta': 0.0, 'dropout_rate': 0.2, 'win_size': 4, 'lr': 0.0001, 'weight_decay': 0.0001}. Best is trial 16 with value: 0.28354173064669713.
[I 2025-10-07 00:04:33,722] Trial 17 finished with value: 0.0 and parameters: {'hid_dim': 4096, 'beta': 0.4, 'dropout_rate': 0.2, 'win_size': 4, 'lr': 0.0001, 'weight_decay': 0.0001}. Best is trial 16 with value: 0.28354173064669713.
[I 2025-10-07 00:13:01,761] Trial 18 finished with value: 8.551639974037295e-05 and parameters: {'hid_dim': 1024, 'beta': 0.3, 'dropout_rate': 0.2, 'win_size': 4, 'lr': 0.0001, 'weight_decay': 0.001}. Best is trial 16 with value: 0.28354173064669713.
[I 2025-10-07 00:21:31,413] Trial 19 finished with value: 0.2607320033264138 and parameters: {'hid_dim': 1024, 'beta': 0.0, 'dropout_rate': 0.2, 'win_size': 4, 'lr': 0.001, 'weight_decay': 0.0005}. Best is trial 16 with value: 0.28354173064669713.
[I 2025-10-07 00:47:24,908] Trial 20 finished with value: 0.24584811906595028 and parameters: {'hid_dim': 4096, 'beta': 0.0, 'dropout_rate': 0.2, 'win_size': 4, 'lr': 0.0005, 'weight_decay': 0.0001}. Best is trial 16 with value: 0.28354173064669713.
[I 2025-10-07 00:52:22,509] Trial 21 finished with value: 0.2608166897501623 and parameters: {'hid_dim': 1024, 'beta': 0.0, 'dropout_rate': 0.4, 'win_size': 2, 'lr': 0.0001, 'weight_decay': 0.0001}. Best is trial 16 with value: 0.28354173064669713.
[I 2025-10-07 01:08:07,330] Trial 22 finished with value: 0.0 and parameters: {'hid_dim': 1024, 'beta': 0.0, 'dropout_rate': 0.2, 'win_size': 8, 'lr': 0.0001, 'weight_decay': 0.0001}. Best is trial 16 with value: 0.28354173064669713.
[I 2025-10-07 01:13:06,308] Trial 23 finished with value: 0.26158001292334926 and parameters: {'hid_dim': 1024, 'beta': 0.0, 'dropout_rate': 0.5, 'win_size': 2, 'lr': 0.0001, 'weight_decay': 0.0001}. Best is trial 16 with value: 0.28354173064669713.
[I 2025-10-07 01:21:28,359] Trial 24 finished with value: 0.26368336262024733 and parameters: {'hid_dim': 1024, 'beta': 0.0, 'dropout_rate': 0.5, 'win_size': 4, 'lr': 0.0001, 'weight_decay': 0.0001}. Best is trial 16 with value: 0.28354173064669713.
[I 2025-10-07 01:30:03,214] Trial 25 finished with value: 0.019463818750021594 and parameters: {'hid_dim': 1024, 'beta': 0.4, 'dropout_rate': 0.5, 'win_size': 4, 'lr': 0.005, 'weight_decay': 0.0001}. Best is trial 16 with value: 0.28354173064669713.
[I 2025-10-07 01:38:40,867] Trial 26 finished with value: 0.2641746229707977 and parameters: {'hid_dim': 1024, 'beta': 0.0, 'dropout_rate': 0.5, 'win_size': 4, 'lr': 0.0001, 'weight_decay': 0.0001}. Best is trial 16 with value: 0.28354173064669713.
[I 2025-10-07 01:47:07,904] Trial 27 finished with value: 0.0109170112201305 and parameters: {'hid_dim': 1024, 'beta': 0.1, 'dropout_rate': 0.3, 'win_size': 4, 'lr': 0.0001, 'weight_decay': 0.001}. Best is trial 16 with value: 0.28354173064669713.
[I 2025-10-07 02:13:08,355] Trial 28 finished with value: 0.0 and parameters: {'hid_dim': 4096, 'beta': 0.3, 'dropout_rate': 0.5, 'win_size': 4, 'lr': 0.0001, 'weight_decay': 0.0005}. Best is trial 16 with value: 0.28354173064669713.
[I 2025-10-07 02:21:33,455] Trial 29 finished with value: 0.002019765680006907 and parameters: {'hid_dim': 1024, 'beta': 0.1, 'dropout_rate': 0.5, 'win_size': 4, 'lr': 0.0001, 'weight_decay': 0.0005}. Best is trial 16 with value: 0.28354173064669713.
[I 2025-10-07 02:33:29,246] Trial 30 finished with value: 0.24584811906595028 and parameters: {'hid_dim': 2048, 'beta': 0.0, 'dropout_rate': 0.2, 'win_size': 4, 'lr': 0.001, 'weight_decay': 0.0001}. Best is trial 16 with value: 0.28354173064669713.
[I 2025-10-07 02:42:07,255] Trial 31 finished with value: 0.26884094877400105 and parameters: {'hid_dim': 1024, 'beta': 0.0, 'dropout_rate': 0.5, 'win_size': 4, 'lr': 0.0001, 'weight_decay': 0.0001}. Best is trial 16 with value: 0.28354173064669713.
[I 2025-10-07 02:50:27,335] Trial 32 finished with value: 0.27426449799098845 and parameters: {'hid_dim': 1024, 'beta': 0.0, 'dropout_rate': 0.5, 'win_size': 4, 'lr': 0.0001, 'weight_decay': 0.0001}. Best is trial 16 with value: 0.28354173064669713.
[I 2025-10-07 03:02:41,301] Trial 33 finished with value: 0.2459025537582571 and parameters: {'hid_dim': 1024, 'beta': 0.0, 'dropout_rate': 0.5, 'win_size': 6, 'lr': 0.005, 'weight_decay': 0.0001}. Best is trial 16 with value: 0.28354173064669713.
[I 2025-10-07 03:11:04,991] Trial 34 finished with value: 0.27734904258431087 and parameters: {'hid_dim': 1024, 'beta': 0.0, 'dropout_rate': 0.3, 'win_size': 4, 'lr': 5e-05, 'weight_decay': 0.0001}. Best is trial 16 with value: 0.28354173064669713.
[I 2025-10-07 03:19:31,278] Trial 35 finished with value: 0.00017102548663230593 and parameters: {'hid_dim': 1024, 'beta': 0.3, 'dropout_rate': 0.3, 'win_size': 4, 'lr': 5e-05, 'weight_decay': 0.005}. Best is trial 16 with value: 0.28354173064669713.
[I 2025-10-07 03:31:41,931] Trial 36 finished with value: 0.0005699576572996799 and parameters: {'hid_dim': 1024, 'beta': 0.1, 'dropout_rate': 0.3, 'win_size': 6, 'lr': 5e-05, 'weight_decay': 0.0005}. Best is trial 16 with value: 0.28354173064669713.
[I 2025-10-07 03:43:37,707] Trial 37 finished with value: 0.2637897101763863 and parameters: {'hid_dim': 2048, 'beta': 0.0, 'dropout_rate': 0.3, 'win_size': 4, 'lr': 5e-05, 'weight_decay': 0.0001}. Best is trial 16 with value: 0.28354173064669713.
[I 2025-10-07 03:52:10,402] Trial 38 finished with value: 0.0 and parameters: {'hid_dim': 1024, 'beta': 0.0, 'dropout_rate': 0.3, 'win_size': 4, 'lr': 5e-05, 'weight_decay': 0.005}. Best is trial 16 with value: 0.28354173064669713.
[I 2025-10-07 04:40:40,219] Trial 39 finished with value: 0.0 and parameters: {'hid_dim': 4096, 'beta': 0.4, 'dropout_rate': 0.1, 'win_size': 8, 'lr': 5e-05, 'weight_decay': 0.0001}. Best is trial 16 with value: 0.28354173064669713.
[I 2025-10-07 04:52:33,431] Trial 40 finished with value: 0.31536769029785444 and parameters: {'hid_dim': 2048, 'beta': 0.0, 'dropout_rate': 0.2, 'win_size': 4, 'lr': 0.0005, 'weight_decay': 0.001}. Best is trial 40 with value: 0.31536769029785444.
[I 2025-10-07 05:04:46,631] Trial 41 finished with value: 0.31649337546791106 and parameters: {'hid_dim': 2048, 'beta': 0.0, 'dropout_rate': 0.2, 'win_size': 4, 'lr': 0.0005, 'weight_decay': 0.001}. Best is trial 41 with value: 0.31649337546791106.
[I 2025-10-07 05:17:15,270] Trial 42 finished with value: 0.3117437306837224 and parameters: {'hid_dim': 2048, 'beta': 0.0, 'dropout_rate': 0.2, 'win_size': 4, 'lr': 0.0005, 'weight_decay': 0.001}. Best is trial 41 with value: 0.31649337546791106.
[I 2025-10-07 05:29:17,753] Trial 43 finished with value: 0.0009124555273049549 and parameters: {'hid_dim': 2048, 'beta': 0.2, 'dropout_rate': 0.2, 'win_size': 4, 'lr': 0.0005, 'weight_decay': 0.001}. Best is trial 41 with value: 0.31649337546791106.
[I 2025-10-07 05:46:53,521] Trial 44 finished with value: 0.2936896958233137 and parameters: {'hid_dim': 2048, 'beta': 0.0, 'dropout_rate': 0.2, 'win_size': 6, 'lr': 0.0005, 'weight_decay': 0.001}. Best is trial 41 with value: 0.31649337546791106.
[I 2025-10-07 06:04:29,153] Trial 45 finished with value: 0.2962776777319973 and parameters: {'hid_dim': 2048, 'beta': 0.0, 'dropout_rate': 0.2, 'win_size': 6, 'lr': 0.0005, 'weight_decay': 0.001}. Best is trial 41 with value: 0.31649337546791106.
[I 2025-10-07 06:22:09,358] Trial 46 finished with value: 0.29477684812528865 and parameters: {'hid_dim': 2048, 'beta': 0.0, 'dropout_rate': 0.2, 'win_size': 6, 'lr': 0.0005, 'weight_decay': 0.001}. Best is trial 41 with value: 0.31649337546791106.
[I 2025-10-07 06:40:00,269] Trial 47 finished with value: 0.29167975196960355 and parameters: {'hid_dim': 2048, 'beta': 0.0, 'dropout_rate': 0.2, 'win_size': 6, 'lr': 0.0005, 'weight_decay': 0.001}. Best is trial 41 with value: 0.31649337546791106.
[I 2025-10-07 06:57:20,919] Trial 48 finished with value: 0.29663993910722325 and parameters: {'hid_dim': 2048, 'beta': 0.0, 'dropout_rate': 0.2, 'win_size': 6, 'lr': 0.0005, 'weight_decay': 0.001}. Best is trial 41 with value: 0.31649337546791106.
[I 2025-10-07 07:15:02,582] Trial 49 finished with value: 0.0006829427487142345 and parameters: {'hid_dim': 2048, 'beta': 0.2, 'dropout_rate': 0.2, 'win_size': 6, 'lr': 0.0005, 'weight_decay': 0.001}. Best is trial 41 with value: 0.31649337546791106.
[I 2025-10-07 07:32:51,374] Trial 50 finished with value: 0.0005700658949915671 and parameters: {'hid_dim': 2048, 'beta': 0.3, 'dropout_rate': 0.2, 'win_size': 6, 'lr': 0.0005, 'weight_decay': 0.001}. Best is trial 41 with value: 0.31649337546791106.
[I 2025-10-07 07:50:38,766] Trial 51 finished with value: 0.29262693968845727 and parameters: {'hid_dim': 2048, 'beta': 0.0, 'dropout_rate': 0.2, 'win_size': 6, 'lr': 0.0005, 'weight_decay': 0.001}. Best is trial 41 with value: 0.31649337546791106.
[I 2025-10-07 08:08:20,306] Trial 52 finished with value: 0.2931038660987617 and parameters: {'hid_dim': 2048, 'beta': 0.0, 'dropout_rate': 0.2, 'win_size': 6, 'lr': 0.0005, 'weight_decay': 0.001}. Best is trial 41 with value: 0.31649337546791106.
[I 2025-10-07 08:25:52,111] Trial 53 finished with value: 0.2930874842172923 and parameters: {'hid_dim': 2048, 'beta': 0.0, 'dropout_rate': 0.2, 'win_size': 6, 'lr': 0.0005, 'weight_decay': 0.001}. Best is trial 41 with value: 0.31649337546791106.
[I 2025-10-07 08:43:19,911] Trial 54 finished with value: 0.2942943223522281 and parameters: {'hid_dim': 2048, 'beta': 0.0, 'dropout_rate': 0.2, 'win_size': 6, 'lr': 0.0005, 'weight_decay': 0.001}. Best is trial 41 with value: 0.31649337546791106.
[I 2025-10-07 09:00:44,640] Trial 55 finished with value: 0.29318556239473054 and parameters: {'hid_dim': 2048, 'beta': 0.0, 'dropout_rate': 0.2, 'win_size': 6, 'lr': 0.0005, 'weight_decay': 0.001}. Best is trial 41 with value: 0.31649337546791106.
[I 2025-10-07 09:18:09,094] Trial 56 finished with value: 0.29026707717013545 and parameters: {'hid_dim': 2048, 'beta': 0.0, 'dropout_rate': 0.1, 'win_size': 6, 'lr': 0.0005, 'weight_decay': 0.001}. Best is trial 41 with value: 0.31649337546791106.
[I 2025-10-07 09:41:21,023] Trial 57 finished with value: 0.0008259456882797614 and parameters: {'hid_dim': 2048, 'beta': 0.1, 'dropout_rate': 0.2, 'win_size': 8, 'lr': 0.0005, 'weight_decay': 0.001}. Best is trial 41 with value: 0.31649337546791106.
[I 2025-10-07 09:58:53,244] Trial 58 finished with value: 8.552973362913573e-05 and parameters: {'hid_dim': 2048, 'beta': 0.4, 'dropout_rate': 0.2, 'win_size': 6, 'lr': 0.0005, 'weight_decay': 0.001}. Best is trial 41 with value: 0.31649337546791106.
[I 2025-10-07 10:16:23,106] Trial 59 finished with value: 0.2882157997627854 and parameters: {'hid_dim': 2048, 'beta': 0.0, 'dropout_rate': 0.2, 'win_size': 6, 'lr': 0.0005, 'weight_decay': 0.001}. Best is trial 41 with value: 0.31649337546791106.
[I 2025-10-07 10:33:55,039] Trial 60 finished with value: 0.2924319161849022 and parameters: {'hid_dim': 2048, 'beta': 0.0, 'dropout_rate': 0.2, 'win_size': 6, 'lr': 0.0005, 'weight_decay': 0.001}. Best is trial 41 with value: 0.31649337546791106.
[I 2025-10-07 10:51:16,261] Trial 61 finished with value: 0.2904489672175515 and parameters: {'hid_dim': 2048, 'beta': 0.0, 'dropout_rate': 0.2, 'win_size': 6, 'lr': 0.0005, 'weight_decay': 0.001}. Best is trial 41 with value: 0.31649337546791106.
[I 2025-10-07 11:08:43,886] Trial 62 finished with value: 0.2920388994238352 and parameters: {'hid_dim': 2048, 'beta': 0.0, 'dropout_rate': 0.2, 'win_size': 6, 'lr': 0.0005, 'weight_decay': 0.001}. Best is trial 41 with value: 0.31649337546791106.
[I 2025-10-07 11:26:19,332] Trial 63 finished with value: 0.2892310680472159 and parameters: {'hid_dim': 2048, 'beta': 0.0, 'dropout_rate': 0.2, 'win_size': 6, 'lr': 0.0005, 'weight_decay': 0.001}. Best is trial 41 with value: 0.31649337546791106.
[I 2025-10-07 11:44:11,038] Trial 64 finished with value: 0.2909148372095622 and parameters: {'hid_dim': 2048, 'beta': 0.0, 'dropout_rate': 0.2, 'win_size': 6, 'lr': 0.0005, 'weight_decay': 0.001}. Best is trial 41 with value: 0.31649337546791106.
[I 2025-10-07 11:51:18,237] Trial 65 finished with value: 0.30454317981373363 and parameters: {'hid_dim': 2048, 'beta': 0.0, 'dropout_rate': 0.2, 'win_size': 2, 'lr': 0.0005, 'weight_decay': 0.001}. Best is trial 41 with value: 0.31649337546791106.
[I 2025-10-07 11:58:01,653] Trial 66 finished with value: 0.0006557339281400473 and parameters: {'hid_dim': 2048, 'beta': 0.2, 'dropout_rate': 0.4, 'win_size': 2, 'lr': 0.001, 'weight_decay': 0.001}. Best is trial 41 with value: 0.31649337546791106.
[I 2025-10-07 12:04:40,396] Trial 67 finished with value: 0.30091931918737114 and parameters: {'hid_dim': 2048, 'beta': 0.0, 'dropout_rate': 0.2, 'win_size': 2, 'lr': 0.0005, 'weight_decay': 0.001}. Best is trial 41 with value: 0.31649337546791106.
[I 2025-10-07 12:11:51,931] Trial 68 finished with value: 0.00791084107738643 and parameters: {'hid_dim': 2048, 'beta': 0.0, 'dropout_rate': 0.2, 'win_size': 2, 'lr': 0.005, 'weight_decay': 0.001}. Best is trial 41 with value: 0.31649337546791106.
[I 2025-10-07 12:18:31,769] Trial 69 finished with value: 0.0027898417067554523 and parameters: {'hid_dim': 2048, 'beta': 0.3, 'dropout_rate': 0.1, 'win_size': 2, 'lr': 0.0005, 'weight_decay': 0.001}. Best is trial 41 with value: 0.31649337546791106.
[I 2025-10-07 12:33:42,922] Trial 70 finished with value: 0.0 and parameters: {'hid_dim': 4096, 'beta': 0.0, 'dropout_rate': 0.2, 'win_size': 2, 'lr': 0.0005, 'weight_decay': 0.005}. Best is trial 41 with value: 0.31649337546791106.
[I 2025-10-07 12:40:26,772] Trial 71 finished with value: 0.3026155014669068 and parameters: {'hid_dim': 2048, 'beta': 0.0, 'dropout_rate': 0.2, 'win_size': 2, 'lr': 0.0005, 'weight_decay': 0.001}. Best is trial 41 with value: 0.31649337546791106.
[I 2025-10-07 12:47:10,955] Trial 72 finished with value: 0.3015849204119086 and parameters: {'hid_dim': 2048, 'beta': 0.0, 'dropout_rate': 0.2, 'win_size': 2, 'lr': 0.0005, 'weight_decay': 0.001}. Best is trial 41 with value: 0.31649337546791106.
[I 2025-10-07 12:54:22,398] Trial 73 finished with value: 0.3007279421652002 and parameters: {'hid_dim': 2048, 'beta': 0.0, 'dropout_rate': 0.2, 'win_size': 2, 'lr': 0.0005, 'weight_decay': 0.001}. Best is trial 41 with value: 0.31649337546791106.
[I 2025-10-07 13:00:57,908] Trial 74 finished with value: 0.30233005318729983 and parameters: {'hid_dim': 2048, 'beta': 0.0, 'dropout_rate': 0.2, 'win_size': 2, 'lr': 0.0005, 'weight_decay': 0.001}. Best is trial 41 with value: 0.31649337546791106.
[I 2025-10-07 13:07:53,519] Trial 75 finished with value: 0.2507762205486838 and parameters: {'hid_dim': 2048, 'beta': 0.0, 'dropout_rate': 0.2, 'win_size': 2, 'lr': 0.0005, 'weight_decay': 0.0005}. Best is trial 41 with value: 0.31649337546791106.
[I 2025-10-07 13:15:04,500] Trial 76 finished with value: 0.0 and parameters: {'hid_dim': 2048, 'beta': 0.4, 'dropout_rate': 0.4, 'win_size': 2, 'lr': 0.0005, 'weight_decay': 0.001}. Best is trial 41 with value: 0.31649337546791106.
[I 2025-10-07 13:21:30,332] Trial 77 finished with value: 0.24886195852776963 and parameters: {'hid_dim': 2048, 'beta': 0.1, 'dropout_rate': 0.2, 'win_size': 2, 'lr': 0.005, 'weight_decay': 0.001}. Best is trial 41 with value: 0.31649337546791106.
[I 2025-10-07 13:28:33,791] Trial 78 finished with value: 0.13638129284101252 and parameters: {'hid_dim': 2048, 'beta': 0.0, 'dropout_rate': 0.2, 'win_size': 2, 'lr': 0.001, 'weight_decay': 0.001}. Best is trial 41 with value: 0.31649337546791106.
[I 2025-10-07 13:43:09,678] Trial 79 finished with value: 0.0 and parameters: {'hid_dim': 4096, 'beta': 0.0, 'dropout_rate': 0.2, 'win_size': 2, 'lr': 0.0005, 'weight_decay': 0.005}. Best is trial 41 with value: 0.31649337546791106.
[I 2025-10-07 13:50:05,902] Trial 80 finished with value: 0.3029509196092987 and parameters: {'hid_dim': 2048, 'beta': 0.0, 'dropout_rate': 0.2, 'win_size': 2, 'lr': 0.0005, 'weight_decay': 0.001}. Best is trial 41 with value: 0.31649337546791106.
[I 2025-10-07 13:57:15,726] Trial 81 finished with value: 0.30253658495997166 and parameters: {'hid_dim': 2048, 'beta': 0.0, 'dropout_rate': 0.2, 'win_size': 2, 'lr': 0.0005, 'weight_decay': 0.001}. Best is trial 41 with value: 0.31649337546791106.
[I 2025-10-07 14:03:37,247] Trial 82 finished with value: 0.30224107386759536 and parameters: {'hid_dim': 2048, 'beta': 0.0, 'dropout_rate': 0.2, 'win_size': 2, 'lr': 0.0005, 'weight_decay': 0.001}. Best is trial 41 with value: 0.31649337546791106.
[I 2025-10-07 14:10:40,480] Trial 83 finished with value: 0.3005506856153856 and parameters: {'hid_dim': 2048, 'beta': 0.0, 'dropout_rate': 0.2, 'win_size': 2, 'lr': 0.0005, 'weight_decay': 0.001}. Best is trial 41 with value: 0.31649337546791106.
[I 2025-10-07 14:17:44,895] Trial 84 finished with value: 0.300532819072538 and parameters: {'hid_dim': 2048, 'beta': 0.0, 'dropout_rate': 0.2, 'win_size': 2, 'lr': 0.0005, 'weight_decay': 0.001}. Best is trial 41 with value: 0.31649337546791106.
[I 2025-10-07 14:24:05,336] Trial 85 finished with value: 0.30223337964756986 and parameters: {'hid_dim': 2048, 'beta': 0.0, 'dropout_rate': 0.2, 'win_size': 2, 'lr': 0.0005, 'weight_decay': 0.001}. Best is trial 41 with value: 0.31649337546791106.
[I 2025-10-07 14:31:17,707] Trial 86 finished with value: 0.0029880711389533277 and parameters: {'hid_dim': 2048, 'beta': 0.2, 'dropout_rate': 0.1, 'win_size': 2, 'lr': 0.0005, 'weight_decay': 0.0005}. Best is trial 41 with value: 0.31649337546791106.
[I 2025-10-07 14:38:14,952] Trial 87 finished with value: 0.3021037902163101 and parameters: {'hid_dim': 2048, 'beta': 0.0, 'dropout_rate': 0.2, 'win_size': 2, 'lr': 0.0005, 'weight_decay': 0.001}. Best is trial 41 with value: 0.31649337546791106.
