[I 2025-10-14 12:26:15,435] A new study created in memory with name: no-name-bb3e2849-734e-42ee-ab54-ee5069f0e0fb
[I 2025-10-14 13:03:46,083] Trial 0 finished with value: 0.8038863279328554 and parameters: {'hid_dim': 1024, 'beta': 0.0, 'dropout_rate': 0.2, 'win_size': 4, 'lr': 0.0001, 'weight_decay': 0.001}. Best is trial 0 with value: 0.8038863279328554.
[I 2025-10-14 14:10:49,273] Trial 1 finished with value: 0.770214671548974 and parameters: {'hid_dim': 512, 'beta': 0.2, 'dropout_rate': 0.3, 'win_size': 8, 'lr': 0.0001, 'weight_decay': 0.005}. Best is trial 0 with value: 0.8038863279328554.
[I 2025-10-14 15:18:23,776] Trial 2 finished with value: 0.8000616032177209 and parameters: {'hid_dim': 1024, 'beta': 0.2, 'dropout_rate': 0.3, 'win_size': 8, 'lr': 0.0001, 'weight_decay': 0.005}. Best is trial 0 with value: 0.8038863279328554.
[I 2025-10-14 16:27:12,895] Trial 3 finished with value: 0.8031252562638805 and parameters: {'hid_dim': 2048, 'beta': 0.4, 'dropout_rate': 0.1, 'win_size': 8, 'lr': 0.0001, 'weight_decay': 0.0001}. Best is trial 0 with value: 0.8038863279328554.
[I 2025-10-14 17:20:17,023] Trial 4 finished with value: 0.8033927874846832 and parameters: {'hid_dim': 2048, 'beta': 0.4, 'dropout_rate': 0.1, 'win_size': 6, 'lr': 0.0005, 'weight_decay': 0.005}. Best is trial 0 with value: 0.8038863279328554.
[I 2025-10-14 18:36:36,847] Trial 5 finished with value: 0.7992640427450818 and parameters: {'hid_dim': 2048, 'beta': 0.1, 'dropout_rate': 0.4, 'win_size': 8, 'lr': 0.0005, 'weight_decay': 0.0005}. Best is trial 0 with value: 0.8038863279328554.
[I 2025-10-14 19:38:14,848] Trial 6 finished with value: 0.7961489054747909 and parameters: {'hid_dim': 1024, 'beta': 0.2, 'dropout_rate': 0.1, 'win_size': 6, 'lr': 0.0005, 'weight_decay': 0.005}. Best is trial 0 with value: 0.8038863279328554.
[I 2025-10-14 20:00:57,951] Trial 7 finished with value: 0.6871062735785429 and parameters: {'hid_dim': 1024, 'beta': 0.4, 'dropout_rate': 0.5, 'win_size': 2, 'lr': 5e-05, 'weight_decay': 0.0001}. Best is trial 0 with value: 0.8038863279328554.
[I 2025-10-14 20:27:47,572] Trial 8 finished with value: 0.7936097426581968 and parameters: {'hid_dim': 1024, 'beta': 0.0, 'dropout_rate': 0.1, 'win_size': 2, 'lr': 0.0005, 'weight_decay': 0.005}. Best is trial 0 with value: 0.8038863279328554.
[I 2025-10-14 21:10:17,539] Trial 9 finished with value: 0.7249042660594189 and parameters: {'hid_dim': 1024, 'beta': 0.1, 'dropout_rate': 0.3, 'win_size': 4, 'lr': 0.005, 'weight_decay': 0.0005}. Best is trial 0 with value: 0.8038863279328554.
[I 2025-10-14 21:52:39,841] Trial 10 finished with value: 0.7834431444083636 and parameters: {'hid_dim': 512, 'beta': 0.0, 'dropout_rate': 0.2, 'win_size': 4, 'lr': 0.001, 'weight_decay': 0.001}. Best is trial 0 with value: 0.8038863279328554.
[I 2025-10-14 22:45:37,381] Trial 11 finished with value: 0.8058531689532155 and parameters: {'hid_dim': 2048, 'beta': 0.3, 'dropout_rate': 0.2, 'win_size': 6, 'lr': 5e-05, 'weight_decay': 0.001}. Best is trial 11 with value: 0.8058531689532155.
[I 2025-10-14 23:38:40,272] Trial 12 finished with value: 0.8068937622101493 and parameters: {'hid_dim': 2048, 'beta': 0.3, 'dropout_rate': 0.2, 'win_size': 6, 'lr': 5e-05, 'weight_decay': 0.001}. Best is trial 12 with value: 0.8068937622101493.
[I 2025-10-15 00:31:28,156] Trial 13 finished with value: 0.8094852990052955 and parameters: {'hid_dim': 2048, 'beta': 0.3, 'dropout_rate': 0.2, 'win_size': 6, 'lr': 5e-05, 'weight_decay': 0.001}. Best is trial 13 with value: 0.8094852990052955.
[I 2025-10-15 01:24:30,004] Trial 14 finished with value: 0.8088090947012175 and parameters: {'hid_dim': 2048, 'beta': 0.3, 'dropout_rate': 0.2, 'win_size': 6, 'lr': 5e-05, 'weight_decay': 0.001}. Best is trial 13 with value: 0.8094852990052955.
[I 2025-10-15 02:17:25,008] Trial 15 finished with value: 0.808576588590188 and parameters: {'hid_dim': 2048, 'beta': 0.3, 'dropout_rate': 0.2, 'win_size': 6, 'lr': 5e-05, 'weight_decay': 0.001}. Best is trial 13 with value: 0.8094852990052955.
[I 2025-10-15 03:10:27,417] Trial 16 finished with value: 0.8050938092710886 and parameters: {'hid_dim': 2048, 'beta': 0.3, 'dropout_rate': 0.4, 'win_size': 6, 'lr': 5e-05, 'weight_decay': 0.001}. Best is trial 13 with value: 0.8094852990052955.
[I 2025-10-15 04:03:17,408] Trial 17 finished with value: 0.7961387773504928 and parameters: {'hid_dim': 2048, 'beta': 0.3, 'dropout_rate': 0.5, 'win_size': 6, 'lr': 0.001, 'weight_decay': 0.001}. Best is trial 13 with value: 0.8094852990052955.
[I 2025-10-15 04:55:43,848] Trial 18 finished with value: 0.7630308099405761 and parameters: {'hid_dim': 512, 'beta': 0.3, 'dropout_rate': 0.2, 'win_size': 6, 'lr': 0.005, 'weight_decay': 0.001}. Best is trial 13 with value: 0.8094852990052955.
[I 2025-10-15 05:18:39,246] Trial 19 finished with value: 0.7871319395813305 and parameters: {'hid_dim': 2048, 'beta': 0.3, 'dropout_rate': 0.2, 'win_size': 2, 'lr': 5e-05, 'weight_decay': 0.0005}. Best is trial 13 with value: 0.8094852990052955.
[I 2025-10-15 06:11:20,768] Trial 20 finished with value: 0.8059322508437033 and parameters: {'hid_dim': 2048, 'beta': 0.3, 'dropout_rate': 0.2, 'win_size': 6, 'lr': 5e-05, 'weight_decay': 0.0001}. Best is trial 13 with value: 0.8094852990052955.
[I 2025-10-15 07:04:32,728] Trial 21 finished with value: 0.810770000789364 and parameters: {'hid_dim': 2048, 'beta': 0.3, 'dropout_rate': 0.2, 'win_size': 6, 'lr': 5e-05, 'weight_decay': 0.001}. Best is trial 21 with value: 0.810770000789364.
[I 2025-10-15 07:57:27,323] Trial 22 finished with value: 0.8092747877602559 and parameters: {'hid_dim': 2048, 'beta': 0.3, 'dropout_rate': 0.2, 'win_size': 6, 'lr': 5e-05, 'weight_decay': 0.001}. Best is trial 21 with value: 0.810770000789364.
[I 2025-10-15 08:50:21,127] Trial 23 finished with value: 0.8069329712577646 and parameters: {'hid_dim': 2048, 'beta': 0.3, 'dropout_rate': 0.2, 'win_size': 6, 'lr': 5e-05, 'weight_decay': 0.001}. Best is trial 21 with value: 0.810770000789364.
[I 2025-10-15 09:43:33,465] Trial 24 finished with value: 0.8032564072372889 and parameters: {'hid_dim': 2048, 'beta': 0.3, 'dropout_rate': 0.2, 'win_size': 6, 'lr': 5e-05, 'weight_decay': 0.001}. Best is trial 21 with value: 0.810770000789364.
[I 2025-10-15 10:35:47,376] Trial 25 finished with value: 0.7310340291230202 and parameters: {'hid_dim': 512, 'beta': 0.3, 'dropout_rate': 0.5, 'win_size': 6, 'lr': 0.005, 'weight_decay': 0.001}. Best is trial 21 with value: 0.810770000789364.
[I 2025-10-15 11:28:30,382] Trial 26 finished with value: 0.8039795690859689 and parameters: {'hid_dim': 2048, 'beta': 0.1, 'dropout_rate': 0.2, 'win_size': 6, 'lr': 5e-05, 'weight_decay': 0.001}. Best is trial 21 with value: 0.810770000789364.
[I 2025-10-15 12:06:29,974] Trial 27 finished with value: 0.7937290063228403 and parameters: {'hid_dim': 2048, 'beta': 0.3, 'dropout_rate': 0.4, 'win_size': 4, 'lr': 0.001, 'weight_decay': 0.001}. Best is trial 21 with value: 0.810770000789364.
[I 2025-10-15 12:29:14,508] Trial 28 finished with value: 0.7977674655496484 and parameters: {'hid_dim': 2048, 'beta': 0.3, 'dropout_rate': 0.2, 'win_size': 2, 'lr': 5e-05, 'weight_decay': 0.0005}. Best is trial 21 with value: 0.810770000789364.
[I 2025-10-15 13:06:52,390] Trial 29 finished with value: 0.7356669567811567 and parameters: {'hid_dim': 512, 'beta': 0.0, 'dropout_rate': 0.2, 'win_size': 4, 'lr': 5e-05, 'weight_decay': 0.001}. Best is trial 21 with value: 0.810770000789364.
[I 2025-10-15 13:59:29,937] Trial 30 finished with value: 0.8078431549812195 and parameters: {'hid_dim': 2048, 'beta': 0.2, 'dropout_rate': 0.2, 'win_size': 6, 'lr': 5e-05, 'weight_decay': 0.0001}. Best is trial 21 with value: 0.810770000789364.
[I 2025-10-15 14:56:36,616] Trial 31 finished with value: 0.8082179404707653 and parameters: {'hid_dim': 2048, 'beta': 0.3, 'dropout_rate': 0.2, 'win_size': 6, 'lr': 5e-05, 'weight_decay': 0.001}. Best is trial 21 with value: 0.810770000789364.
[I 2025-10-15 15:54:34,139] Trial 32 finished with value: 0.8069735774904907 and parameters: {'hid_dim': 2048, 'beta': 0.3, 'dropout_rate': 0.2, 'win_size': 6, 'lr': 5e-05, 'weight_decay': 0.001}. Best is trial 21 with value: 0.810770000789364.
[I 2025-10-15 16:52:30,426] Trial 33 finished with value: 0.8041130798553745 and parameters: {'hid_dim': 2048, 'beta': 0.3, 'dropout_rate': 0.3, 'win_size': 6, 'lr': 0.0001, 'weight_decay': 0.001}. Best is trial 21 with value: 0.810770000789364.
[I 2025-10-15 18:08:20,267] Trial 34 finished with value: 0.8025294256464061 and parameters: {'hid_dim': 2048, 'beta': 0.2, 'dropout_rate': 0.2, 'win_size': 8, 'lr': 0.0001, 'weight_decay': 0.001}. Best is trial 21 with value: 0.810770000789364.
[I 2025-10-15 19:10:58,443] Trial 35 finished with value: 0.8029495208528271 and parameters: {'hid_dim': 2048, 'beta': 0.4, 'dropout_rate': 0.3, 'win_size': 6, 'lr': 5e-05, 'weight_decay': 0.001}. Best is trial 21 with value: 0.810770000789364.
[I 2025-10-15 20:24:00,120] Trial 36 finished with value: 0.7999297105197877 and parameters: {'hid_dim': 2048, 'beta': 0.1, 'dropout_rate': 0.4, 'win_size': 8, 'lr': 5e-05, 'weight_decay': 0.005}. Best is trial 21 with value: 0.810770000789364.
[I 2025-10-15 21:15:59,294] Trial 37 finished with value: 0.7672693936701638 and parameters: {'hid_dim': 512, 'beta': 0.3, 'dropout_rate': 0.2, 'win_size': 6, 'lr': 0.0001, 'weight_decay': 0.001}. Best is trial 21 with value: 0.810770000789364.
[I 2025-10-15 22:23:45,276] Trial 38 finished with value: 0.7979177987038492 and parameters: {'hid_dim': 1024, 'beta': 0.4, 'dropout_rate': 0.1, 'win_size': 8, 'lr': 0.0005, 'weight_decay': 0.0001}. Best is trial 21 with value: 0.810770000789364.
[I 2025-10-15 23:16:43,012] Trial 39 finished with value: 0.7554446076933464 and parameters: {'hid_dim': 2048, 'beta': 0.0, 'dropout_rate': 0.5, 'win_size': 6, 'lr': 0.005, 'weight_decay': 0.005}. Best is trial 21 with value: 0.810770000789364.
[I 2025-10-15 23:39:36,497] Trial 40 finished with value: 0.8016577244320038 and parameters: {'hid_dim': 1024, 'beta': 0.2, 'dropout_rate': 0.2, 'win_size': 2, 'lr': 0.001, 'weight_decay': 0.0005}. Best is trial 21 with value: 0.810770000789364.
[I 2025-10-16 00:32:40,568] Trial 41 finished with value: 0.809972175568113 and parameters: {'hid_dim': 2048, 'beta': 0.3, 'dropout_rate': 0.2, 'win_size': 6, 'lr': 5e-05, 'weight_decay': 0.001}. Best is trial 21 with value: 0.810770000789364.
[I 2025-10-16 01:25:34,963] Trial 42 finished with value: 0.8089395413463119 and parameters: {'hid_dim': 2048, 'beta': 0.3, 'dropout_rate': 0.2, 'win_size': 6, 'lr': 5e-05, 'weight_decay': 0.001}. Best is trial 21 with value: 0.810770000789364.
[I 2025-10-16 02:18:29,926] Trial 43 finished with value: 0.8107124570988814 and parameters: {'hid_dim': 2048, 'beta': 0.3, 'dropout_rate': 0.2, 'win_size': 6, 'lr': 5e-05, 'weight_decay': 0.001}. Best is trial 21 with value: 0.810770000789364.
[I 2025-10-16 03:11:23,887] Trial 44 finished with value: 0.8079688416647938 and parameters: {'hid_dim': 2048, 'beta': 0.3, 'dropout_rate': 0.1, 'win_size': 6, 'lr': 5e-05, 'weight_decay': 0.001}. Best is trial 21 with value: 0.810770000789364.
[I 2025-10-16 03:49:27,786] Trial 45 finished with value: 0.8057679991381016 and parameters: {'hid_dim': 2048, 'beta': 0.3, 'dropout_rate': 0.3, 'win_size': 4, 'lr': 0.0005, 'weight_decay': 0.001}. Best is trial 21 with value: 0.810770000789364.
[I 2025-10-16 04:42:31,485] Trial 46 finished with value: 0.8042023037879541 and parameters: {'hid_dim': 2048, 'beta': 0.1, 'dropout_rate': 0.2, 'win_size': 6, 'lr': 5e-05, 'weight_decay': 0.005}. Best is trial 21 with value: 0.810770000789364.
[I 2025-10-16 05:34:49,238] Trial 47 finished with value: 0.7565447418186527 and parameters: {'hid_dim': 1024, 'beta': 0.4, 'dropout_rate': 0.2, 'win_size': 6, 'lr': 5e-05, 'weight_decay': 0.001}. Best is trial 21 with value: 0.810770000789364.
[I 2025-10-16 06:27:43,737] Trial 48 finished with value: 0.8087537196770694 and parameters: {'hid_dim': 2048, 'beta': 0.3, 'dropout_rate': 0.2, 'win_size': 6, 'lr': 5e-05, 'weight_decay': 0.0001}. Best is trial 21 with value: 0.810770000789364.
[I 2025-10-16 07:36:25,443] Trial 49 finished with value: 0.7854616394991788 and parameters: {'hid_dim': 2048, 'beta': 0.0, 'dropout_rate': 0.4, 'win_size': 8, 'lr': 5e-05, 'weight_decay': 0.001}. Best is trial 21 with value: 0.810770000789364.
[I 2025-10-16 08:28:50,219] Trial 50 finished with value: 0.8005555509133795 and parameters: {'hid_dim': 512, 'beta': 0.3, 'dropout_rate': 0.1, 'win_size': 6, 'lr': 0.0005, 'weight_decay': 0.0005}. Best is trial 21 with value: 0.810770000789364.
[I 2025-10-16 09:21:45,907] Trial 51 finished with value: 0.8076592700804693 and parameters: {'hid_dim': 2048, 'beta': 0.3, 'dropout_rate': 0.2, 'win_size': 6, 'lr': 5e-05, 'weight_decay': 0.001}. Best is trial 21 with value: 0.810770000789364.
[I 2025-10-16 10:14:40,393] Trial 52 finished with value: 0.8109352430165727 and parameters: {'hid_dim': 2048, 'beta': 0.3, 'dropout_rate': 0.2, 'win_size': 6, 'lr': 5e-05, 'weight_decay': 0.001}. Best is trial 52 with value: 0.8109352430165727.
[I 2025-10-16 11:07:40,096] Trial 53 finished with value: 0.8078129331919505 and parameters: {'hid_dim': 2048, 'beta': 0.3, 'dropout_rate': 0.2, 'win_size': 6, 'lr': 5e-05, 'weight_decay': 0.001}. Best is trial 52 with value: 0.8109352430165727.
[I 2025-10-16 12:00:23,975] Trial 54 finished with value: 0.8056896233601764 and parameters: {'hid_dim': 2048, 'beta': 0.3, 'dropout_rate': 0.2, 'win_size': 6, 'lr': 5e-05, 'weight_decay': 0.001}. Best is trial 52 with value: 0.8109352430165727.
[I 2025-10-16 12:23:15,097] Trial 55 finished with value: 0.7931059712644984 and parameters: {'hid_dim': 2048, 'beta': 0.3, 'dropout_rate': 0.2, 'win_size': 2, 'lr': 5e-05, 'weight_decay': 0.001}. Best is trial 52 with value: 0.8109352430165727.
[I 2025-10-16 13:16:10,470] Trial 56 finished with value: 0.6849185099143229 and parameters: {'hid_dim': 2048, 'beta': 0.3, 'dropout_rate': 0.5, 'win_size': 6, 'lr': 0.005, 'weight_decay': 0.001}. Best is trial 52 with value: 0.8109352430165727.
[I 2025-10-16 14:09:01,761] Trial 57 finished with value: 0.7982003967325108 and parameters: {'hid_dim': 2048, 'beta': 0.3, 'dropout_rate': 0.2, 'win_size': 6, 'lr': 0.001, 'weight_decay': 0.001}. Best is trial 52 with value: 0.8109352430165727.
[I 2025-10-16 14:46:36,492] Trial 58 finished with value: 0.7675199670063556 and parameters: {'hid_dim': 1024, 'beta': 0.3, 'dropout_rate': 0.2, 'win_size': 4, 'lr': 5e-05, 'weight_decay': 0.001}. Best is trial 52 with value: 0.8109352430165727.
[I 2025-10-16 15:39:18,464] Trial 59 finished with value: 0.8085588246087104 and parameters: {'hid_dim': 2048, 'beta': 0.2, 'dropout_rate': 0.2, 'win_size': 6, 'lr': 5e-05, 'weight_decay': 0.001}. Best is trial 52 with value: 0.8109352430165727.
[I 2025-10-16 16:31:59,335] Trial 60 finished with value: 0.8016811916262235 and parameters: {'hid_dim': 2048, 'beta': 0.1, 'dropout_rate': 0.2, 'win_size': 6, 'lr': 0.0001, 'weight_decay': 0.005}. Best is trial 52 with value: 0.8109352430165727.
[I 2025-10-16 17:24:40,336] Trial 61 finished with value: 0.8065895573415728 and parameters: {'hid_dim': 2048, 'beta': 0.3, 'dropout_rate': 0.2, 'win_size': 6, 'lr': 5e-05, 'weight_decay': 0.001}. Best is trial 52 with value: 0.8109352430165727.
[I 2025-10-16 18:17:20,233] Trial 62 finished with value: 0.8098180093068247 and parameters: {'hid_dim': 2048, 'beta': 0.3, 'dropout_rate': 0.2, 'win_size': 6, 'lr': 5e-05, 'weight_decay': 0.001}. Best is trial 52 with value: 0.8109352430165727.
[I 2025-10-16 19:10:01,750] Trial 63 finished with value: 0.8079128123282694 and parameters: {'hid_dim': 2048, 'beta': 0.3, 'dropout_rate': 0.2, 'win_size': 6, 'lr': 5e-05, 'weight_decay': 0.001}. Best is trial 52 with value: 0.8109352430165727.
[I 2025-10-16 20:02:54,723] Trial 64 finished with value: 0.8074132114705064 and parameters: {'hid_dim': 2048, 'beta': 0.3, 'dropout_rate': 0.2, 'win_size': 6, 'lr': 5e-05, 'weight_decay': 0.001}. Best is trial 52 with value: 0.8109352430165727.
[I 2025-10-16 20:55:26,959] Trial 65 finished with value: 0.8101776787394982 and parameters: {'hid_dim': 2048, 'beta': 0.3, 'dropout_rate': 0.2, 'win_size': 6, 'lr': 5e-05, 'weight_decay': 0.001}. Best is trial 52 with value: 0.8109352430165727.
[I 2025-10-16 21:48:08,817] Trial 66 finished with value: 0.8080142725051491 and parameters: {'hid_dim': 2048, 'beta': 0.3, 'dropout_rate': 0.3, 'win_size': 6, 'lr': 5e-05, 'weight_decay': 0.001}. Best is trial 52 with value: 0.8109352430165727.
[I 2025-10-16 22:10:52,675] Trial 67 finished with value: 0.628142520970546 and parameters: {'hid_dim': 512, 'beta': 0.3, 'dropout_rate': 0.2, 'win_size': 2, 'lr': 5e-05, 'weight_decay': 0.0001}. Best is trial 52 with value: 0.8109352430165727.
[I 2025-10-16 23:03:16,174] Trial 68 finished with value: 0.7940008967876842 and parameters: {'hid_dim': 2048, 'beta': 0.0, 'dropout_rate': 0.4, 'win_size': 6, 'lr': 5e-05, 'weight_decay': 0.0005}. Best is trial 52 with value: 0.8109352430165727.
[I 2025-10-16 23:55:50,121] Trial 69 finished with value: 0.6827523377719276 and parameters: {'hid_dim': 2048, 'beta': 0.3, 'dropout_rate': 0.5, 'win_size': 6, 'lr': 0.005, 'weight_decay': 0.001}. Best is trial 52 with value: 0.8109352430165727.
[I 2025-10-17 00:33:33,802] Trial 70 finished with value: 0.8094817861929088 and parameters: {'hid_dim': 2048, 'beta': 0.4, 'dropout_rate': 0.2, 'win_size': 4, 'lr': 0.001, 'weight_decay': 0.001}. Best is trial 52 with value: 0.8109352430165727.
[I 2025-10-17 01:11:28,144] Trial 71 finished with value: 0.8040446649902565 and parameters: {'hid_dim': 2048, 'beta': 0.4, 'dropout_rate': 0.2, 'win_size': 4, 'lr': 0.001, 'weight_decay': 0.001}. Best is trial 52 with value: 0.8109352430165727.
[I 2025-10-17 01:49:09,182] Trial 72 finished with value: 0.8015356633325349 and parameters: {'hid_dim': 2048, 'beta': 0.4, 'dropout_rate': 0.2, 'win_size': 4, 'lr': 0.001, 'weight_decay': 0.001}. Best is trial 52 with value: 0.8109352430165727.
[I 2025-10-17 02:26:41,872] Trial 73 finished with value: 0.801555828478668 and parameters: {'hid_dim': 2048, 'beta': 0.4, 'dropout_rate': 0.2, 'win_size': 4, 'lr': 0.001, 'weight_decay': 0.001}. Best is trial 52 with value: 0.8109352430165727.
[I 2025-10-17 03:04:14,145] Trial 74 finished with value: 0.8031038134629463 and parameters: {'hid_dim': 2048, 'beta': 0.4, 'dropout_rate': 0.2, 'win_size': 4, 'lr': 0.001, 'weight_decay': 0.001}. Best is trial 52 with value: 0.8109352430165727.
[I 2025-10-17 03:56:32,362] Trial 75 finished with value: 0.8098735555079651 and parameters: {'hid_dim': 2048, 'beta': 0.3, 'dropout_rate': 0.2, 'win_size': 6, 'lr': 5e-05, 'weight_decay': 0.001}. Best is trial 52 with value: 0.8109352430165727.
[I 2025-10-17 04:48:49,393] Trial 76 finished with value: 0.8101218227387011 and parameters: {'hid_dim': 2048, 'beta': 0.3, 'dropout_rate': 0.2, 'win_size': 6, 'lr': 5e-05, 'weight_decay': 0.001}. Best is trial 52 with value: 0.8109352430165727.
[I 2025-10-17 05:41:07,389] Trial 77 finished with value: 0.80736666430063 and parameters: {'hid_dim': 2048, 'beta': 0.3, 'dropout_rate': 0.1, 'win_size': 6, 'lr': 5e-05, 'weight_decay': 0.001}. Best is trial 52 with value: 0.8109352430165727.
[I 2025-10-17 06:33:24,192] Trial 78 finished with value: 0.807679305828994 and parameters: {'hid_dim': 2048, 'beta': 0.3, 'dropout_rate': 0.2, 'win_size': 6, 'lr': 5e-05, 'weight_decay': 0.001}. Best is trial 52 with value: 0.8109352430165727.
[I 2025-10-17 07:25:23,440] Trial 79 finished with value: 0.768753830736297 and parameters: {'hid_dim': 1024, 'beta': 0.3, 'dropout_rate': 0.2, 'win_size': 6, 'lr': 5e-05, 'weight_decay': 0.001}. Best is trial 52 with value: 0.8109352430165727.
[I 2025-10-17 08:17:09,045] Trial 80 finished with value: 0.7100806640185061 and parameters: {'hid_dim': 512, 'beta': 0.3, 'dropout_rate': 0.2, 'win_size': 6, 'lr': 5e-05, 'weight_decay': 0.005}. Best is trial 52 with value: 0.8109352430165727.
[I 2025-10-17 09:09:30,563] Trial 81 finished with value: 0.8087310525962182 and parameters: {'hid_dim': 2048, 'beta': 0.3, 'dropout_rate': 0.2, 'win_size': 6, 'lr': 5e-05, 'weight_decay': 0.001}. Best is trial 52 with value: 0.8109352430165727.
[I 2025-10-17 10:01:45,511] Trial 82 finished with value: 0.8099876102600589 and parameters: {'hid_dim': 2048, 'beta': 0.3, 'dropout_rate': 0.2, 'win_size': 6, 'lr': 5e-05, 'weight_decay': 0.001}. Best is trial 52 with value: 0.8109352430165727.
[I 2025-10-17 10:54:07,021] Trial 83 finished with value: 0.8074687663267666 and parameters: {'hid_dim': 2048, 'beta': 0.3, 'dropout_rate': 0.2, 'win_size': 6, 'lr': 5e-05, 'weight_decay': 0.001}. Best is trial 52 with value: 0.8109352430165727.
[I 2025-10-17 12:02:03,006] Trial 84 finished with value: 0.7978679840208412 and parameters: {'hid_dim': 2048, 'beta': 0.3, 'dropout_rate': 0.2, 'win_size': 8, 'lr': 5e-05, 'weight_decay': 0.001}. Best is trial 52 with value: 0.8109352430165727.
[I 2025-10-17 12:54:34,653] Trial 85 finished with value: 0.7972456920283205 and parameters: {'hid_dim': 2048, 'beta': 0.3, 'dropout_rate': 0.3, 'win_size': 6, 'lr': 0.0005, 'weight_decay': 0.001}. Best is trial 52 with value: 0.8109352430165727.
[I 2025-10-17 13:47:16,607] Trial 86 finished with value: 0.8068728862457618 and parameters: {'hid_dim': 2048, 'beta': 0.3, 'dropout_rate': 0.2, 'win_size': 6, 'lr': 5e-05, 'weight_decay': 0.0001}. Best is trial 52 with value: 0.8109352430165727.
[I 2025-10-17 14:39:58,989] Trial 87 finished with value: 0.8086902035228315 and parameters: {'hid_dim': 2048, 'beta': 0.2, 'dropout_rate': 0.4, 'win_size': 6, 'lr': 0.0001, 'weight_decay': 0.0005}. Best is trial 52 with value: 0.8109352430165727.
[I 2025-10-17 15:32:46,191] Trial 88 finished with value: 0.8050984812948748 and parameters: {'hid_dim': 2048, 'beta': 0.3, 'dropout_rate': 0.2, 'win_size': 6, 'lr': 5e-05, 'weight_decay': 0.001}. Best is trial 52 with value: 0.8109352430165727.
