[I 2025-09-26 18:57:13,763] Trial 178 finished with value: 0.6760273750924513 and parameters: {'hid_dim': 32, 'theta': 7.0, 'beta': 0.01, 'lambd': 0.1, 'lr': 0.005, 'win_size': 3, 'epochs': 1000}. Best is trial 56 with value: 0.8503837203232792.
[I 2025-09-26 18:58:09,681] Trial 179 finished with value: 0.8503837203232792 and parameters: {'hid_dim': 256, 'theta': 7.0, 'beta': 0.01, 'lambd': 0.1, 'lr': 0.1, 'win_size': 3, 'epochs': 1000}. Best is trial 56 with value: 0.8503837203232792.
[I 2025-09-26 18:58:39,794] Trial 180 finished with value: 0.8503837203232792 and parameters: {'hid_dim': 256, 'theta': 7.0, 'beta': 0.01, 'lambd': 0.1, 'lr': 0.005, 'win_size': 3, 'epochs': 500}. Best is trial 56 with value: 0.8503837203232792.
[I 2025-09-26 18:59:35,574] Trial 181 finished with value: 0.8503837203232792 and parameters: {'hid_dim': 256, 'theta': 7.0, 'beta': 0.01, 'lambd': 0.1, 'lr': 0.005, 'win_size': 3, 'epochs': 1000}. Best is trial 56 with value: 0.8503837203232792.
[I 2025-09-26 19:00:31,743] Trial 182 finished with value: 0.8503837203232792 and parameters: {'hid_dim': 256, 'theta': 7.0, 'beta': 0.01, 'lambd': 0.1, 'lr': 0.005, 'win_size': 3, 'epochs': 1000}. Best is trial 56 with value: 0.8503837203232792.
[I 2025-09-26 19:01:28,252] Trial 183 finished with value: 0.8503837203232792 and parameters: {'hid_dim': 256, 'theta': 7.0, 'beta': 0.01, 'lambd': 0.1, 'lr': 0.005, 'win_size': 3, 'epochs': 1000}. Best is trial 56 with value: 0.8503837203232792.
[I 2025-09-26 19:02:24,456] Trial 184 finished with value: 0.8503837203232792 and parameters: {'hid_dim': 256, 'theta': 7.0, 'beta': 0.01, 'lambd': 0.1, 'lr': 0.005, 'win_size': 3, 'epochs': 1000}. Best is trial 56 with value: 0.8503837203232792.
[I 2025-09-26 19:03:20,697] Trial 185 finished with value: 0.8503837203232792 and parameters: {'hid_dim': 256, 'theta': 7.0, 'beta': 0.01, 'lambd': 0.001, 'lr': 0.05, 'win_size': 3, 'epochs': 1000}. Best is trial 56 with value: 0.8503837203232792.
[I 2025-09-26 19:04:16,745] Trial 186 finished with value: 0.8503837203232792 and parameters: {'hid_dim': 256, 'theta': 7.0, 'beta': 0.01, 'lambd': 0.1, 'lr': 0.005, 'win_size': 3, 'epochs': 1000}. Best is trial 56 with value: 0.8503837203232792.
[I 2025-09-26 19:05:12,712] Trial 187 finished with value: 0.8500589791795059 and parameters: {'hid_dim': 256, 'theta': 7.0, 'beta': 0.001, 'lambd': 0.1, 'lr': 0.005, 'win_size': 3, 'epochs': 1000}. Best is trial 56 with value: 0.8503837203232792.
[I 2025-09-26 19:06:08,873] Trial 188 finished with value: 0.8054113928275936 and parameters: {'hid_dim': 64, 'theta': 7.0, 'beta': 0.01, 'lambd': 0.1, 'lr': 0.005, 'win_size': 3, 'epochs': 1000}. Best is trial 56 with value: 0.8503837203232792.
[I 2025-09-26 19:07:05,146] Trial 189 finished with value: 0.8503837203232792 and parameters: {'hid_dim': 256, 'theta': 7.0, 'beta': 0.01, 'lambd': 0.1, 'lr': 0.005, 'win_size': 3, 'epochs': 1000}. Best is trial 56 with value: 0.8503837203232792.
[I 2025-09-26 19:08:37,171] Trial 190 finished with value: 0.09575559670934826 and parameters: {'hid_dim': 128, 'theta': 7.0, 'beta': 0.01, 'lambd': 0.1, 'lr': 0.005, 'win_size': 9, 'epochs': 1000}. Best is trial 56 with value: 0.8503837203232792.
[I 2025-09-26 19:09:33,350] Trial 191 finished with value: 0.8503837203232792 and parameters: {'hid_dim': 256, 'theta': 7.0, 'beta': 0.01, 'lambd': 0.1, 'lr': 0.005, 'win_size': 3, 'epochs': 1000}. Best is trial 56 with value: 0.8503837203232792.
[I 2025-09-26 19:10:29,478] Trial 192 finished with value: 0.8503837203232792 and parameters: {'hid_dim': 256, 'theta': 7.0, 'beta': 0.01, 'lambd': 0.1, 'lr': 0.005, 'win_size': 3, 'epochs': 1000}. Best is trial 56 with value: 0.8503837203232792.
[I 2025-09-26 19:11:26,064] Trial 193 finished with value: 0.8503837203232792 and parameters: {'hid_dim': 256, 'theta': 7.0, 'beta': 0.01, 'lambd': 0.1, 'lr': 0.005, 'win_size': 3, 'epochs': 1000}. Best is trial 56 with value: 0.8503837203232792.
[I 2025-09-26 19:12:23,532] Trial 194 finished with value: 0.8503837203232792 and parameters: {'hid_dim': 256, 'theta': 7.0, 'beta': 0.01, 'lambd': 0.1, 'lr': 0.005, 'win_size': 3, 'epochs': 1000}. Best is trial 56 with value: 0.8503837203232792.
[I 2025-09-26 19:13:20,164] Trial 195 finished with value: 0.8503372429012714 and parameters: {'hid_dim': 256, 'theta': 7.0, 'beta': 0.01, 'lambd': 0.1, 'lr': 0.001, 'win_size': 3, 'epochs': 1000}. Best is trial 56 with value: 0.8503837203232792.
[I 2025-09-26 19:14:17,356] Trial 196 finished with value: 0.8503837203232792 and parameters: {'hid_dim': 256, 'theta': 7.0, 'beta': 0.01, 'lambd': 0.1, 'lr': 0.005, 'win_size': 3, 'epochs': 1000}. Best is trial 56 with value: 0.8503837203232792.
[I 2025-09-26 19:15:14,363] Trial 197 finished with value: 0.8503837203232792 and parameters: {'hid_dim': 256, 'theta': 7.0, 'beta': 0.01, 'lambd': 0.1, 'lr': 0.01, 'win_size': 3, 'epochs': 1000}. Best is trial 56 with value: 0.8503837203232792.
[I 2025-09-26 19:16:31,920] Trial 198 finished with value: 0.8503837203232792 and parameters: {'hid_dim': 512, 'theta': 7.0, 'beta': 0.01, 'lambd': 0.1, 'lr': 0.1, 'win_size': 3, 'epochs': 1000}. Best is trial 56 with value: 0.8503837203232792.
[I 2025-09-26 19:17:28,219] Trial 199 finished with value: 0.8503837203232792 and parameters: {'hid_dim': 256, 'theta': 7.0, 'beta': 0.01, 'lambd': 0.1, 'lr': 0.005, 'win_size': 3, 'epochs': 1000}. Best is trial 56 with value: 0.8503837203232792.
[I 2025-09-26 19:18:25,032] Trial 200 finished with value: 0.8503837203232792 and parameters: {'hid_dim': 256, 'theta': 7.0, 'beta': 0.01, 'lambd': 0.1, 'lr': 0.005, 'win_size': 3, 'epochs': 1000}. Best is trial 56 with value: 0.8503837203232792.
[I 2025-09-26 19:19:21,718] Trial 201 finished with value: 0.8503837203232792 and parameters: {'hid_dim': 256, 'theta': 7.0, 'beta': 0.01, 'lambd': 0.1, 'lr': 0.005, 'win_size': 3, 'epochs': 1000}. Best is trial 56 with value: 0.8503837203232792.
[I 2025-09-26 19:20:19,713] Trial 202 finished with value: 0.8503837203232792 and parameters: {'hid_dim': 256, 'theta': 7.0, 'beta': 0.01, 'lambd': 0.1, 'lr': 0.005, 'win_size': 3, 'epochs': 1000}. Best is trial 56 with value: 0.8503837203232792.
[I 2025-09-26 19:21:15,625] Trial 203 finished with value: 0.8503837203232792 and parameters: {'hid_dim': 256, 'theta': 7.0, 'beta': 0.01, 'lambd': 0.1, 'lr': 0.005, 'win_size': 3, 'epochs': 1000}. Best is trial 56 with value: 0.8503837203232792.
[I 2025-09-26 19:22:11,714] Trial 204 finished with value: 0.8503837203232792 and parameters: {'hid_dim': 256, 'theta': 7.0, 'beta': 0.01, 'lambd': 0.1, 'lr': 0.005, 'win_size': 3, 'epochs': 1000}. Best is trial 56 with value: 0.8503837203232792.
[I 2025-09-26 19:23:07,556] Trial 205 finished with value: 0.8503837203232792 and parameters: {'hid_dim': 256, 'theta': 7.0, 'beta': 0.01, 'lambd': 0.1, 'lr': 0.005, 'win_size': 3, 'epochs': 1000}. Best is trial 56 with value: 0.8503837203232792.
[I 2025-09-26 19:24:03,375] Trial 206 finished with value: 0.1354703294381018 and parameters: {'hid_dim': 256, 'theta': 2.0, 'beta': 0.01, 'lambd': 0.1, 'lr': 0.005, 'win_size': 3, 'epochs': 1000}. Best is trial 56 with value: 0.8503837203232792.
[I 2025-09-26 19:25:36,801] Trial 207 finished with value: 0.11043567993955945 and parameters: {'hid_dim': 256, 'theta': 7.0, 'beta': 0.01, 'lambd': 0.01, 'lr': 0.005, 'win_size': 7, 'epochs': 1000}. Best is trial 56 with value: 0.8503837203232792.
[I 2025-09-26 19:26:33,019] Trial 208 finished with value: 0.8494572721004197 and parameters: {'hid_dim': 256, 'theta': 5.0, 'beta': 0.01, 'lambd': 0.1, 'lr': 0.005, 'win_size': 3, 'epochs': 1000}. Best is trial 56 with value: 0.8503837203232792.
[I 2025-09-26 19:27:30,228] Trial 209 finished with value: 0.8503837203232792 and parameters: {'hid_dim': 256, 'theta': 7.0, 'beta': 0.01, 'lambd': 0.1, 'lr': 0.005, 'win_size': 3, 'epochs': 1000}. Best is trial 56 with value: 0.8503837203232792.
[I 2025-09-26 19:28:27,507] Trial 210 finished with value: 0.8503837203232792 and parameters: {'hid_dim': 256, 'theta': 7.0, 'beta': 0.01, 'lambd': 0.1, 'lr': 0.005, 'win_size': 3, 'epochs': 1000}. Best is trial 56 with value: 0.8503837203232792.
[I 2025-09-26 19:29:23,856] Trial 211 finished with value: 0.8503837203232792 and parameters: {'hid_dim': 256, 'theta': 7.0, 'beta': 0.01, 'lambd': 0.1, 'lr': 0.005, 'win_size': 3, 'epochs': 1000}. Best is trial 56 with value: 0.8503837203232792.
[I 2025-09-26 19:30:21,911] Trial 212 finished with value: 0.8503837203232792 and parameters: {'hid_dim': 256, 'theta': 7.0, 'beta': 0.01, 'lambd': 0.1, 'lr': 0.005, 'win_size': 3, 'epochs': 1000}. Best is trial 56 with value: 0.8503837203232792.
[I 2025-09-26 19:31:22,154] Trial 213 finished with value: 0.8503837203232792 and parameters: {'hid_dim': 256, 'theta': 7.0, 'beta': 0.01, 'lambd': 0.1, 'lr': 0.005, 'win_size': 3, 'epochs': 1000}. Best is trial 56 with value: 0.8503837203232792.
[I 2025-09-26 19:32:18,066] Trial 214 finished with value: 0.8503837203232792 and parameters: {'hid_dim': 256, 'theta': 7.0, 'beta': 0.01, 'lambd': 0.1, 'lr': 0.005, 'win_size': 3, 'epochs': 1000}. Best is trial 56 with value: 0.8503837203232792.
[I 2025-09-26 19:32:48,208] Trial 215 finished with value: 0.8503837203232792 and parameters: {'hid_dim': 256, 'theta': 7.0, 'beta': 0.01, 'lambd': 0.1, 'lr': 0.005, 'win_size': 3, 'epochs': 500}. Best is trial 56 with value: 0.8503837203232792.
[I 2025-09-26 19:33:44,503] Trial 216 finished with value: 0.8503370957472451 and parameters: {'hid_dim': 256, 'theta': 7.0, 'beta': 0.01, 'lambd': 0.1, 'lr': 0.001, 'win_size': 3, 'epochs': 1000}. Best is trial 56 with value: 0.8503837203232792.
[I 2025-09-26 19:34:40,850] Trial 217 finished with value: 0.6324284804258752 and parameters: {'hid_dim': 32, 'theta': 7.0, 'beta': 0.01, 'lambd': 0.001, 'lr': 0.005, 'win_size': 3, 'epochs': 1000}. Best is trial 56 with value: 0.8503837203232792.
[I 2025-09-26 19:35:58,511] Trial 218 finished with value: 0.840484770687146 and parameters: {'hid_dim': 512, 'theta': 7.0, 'beta': 0.001, 'lambd': 0.1, 'lr': 0.1, 'win_size': 3, 'epochs': 1000}. Best is trial 56 with value: 0.8503837203232792.
[I 2025-09-26 19:36:54,306] Trial 219 finished with value: 0.8503837203232792 and parameters: {'hid_dim': 256, 'theta': 7.0, 'beta': 0.01, 'lambd': 0.1, 'lr': 0.005, 'win_size': 3, 'epochs': 1000}. Best is trial 56 with value: 0.8503837203232792.
[I 2025-09-26 19:37:50,137] Trial 220 finished with value: 0.8503837203232792 and parameters: {'hid_dim': 256, 'theta': 7.0, 'beta': 0.01, 'lambd': 0.1, 'lr': 0.05, 'win_size': 3, 'epochs': 1000}. Best is trial 56 with value: 0.8503837203232792.
[I 2025-09-26 19:38:45,878] Trial 221 finished with value: 0.8503837203232792 and parameters: {'hid_dim': 256, 'theta': 7.0, 'beta': 0.01, 'lambd': 0.1, 'lr': 0.05, 'win_size': 3, 'epochs': 1000}. Best is trial 56 with value: 0.8503837203232792.
[I 2025-09-26 19:39:41,913] Trial 222 finished with value: 0.8503837203232792 and parameters: {'hid_dim': 256, 'theta': 7.0, 'beta': 0.01, 'lambd': 0.1, 'lr': 0.005, 'win_size': 3, 'epochs': 1000}. Best is trial 56 with value: 0.8503837203232792.
[I 2025-09-26 19:40:37,858] Trial 223 finished with value: 0.8503837203232792 and parameters: {'hid_dim': 256, 'theta': 7.0, 'beta': 0.01, 'lambd': 0.1, 'lr': 0.05, 'win_size': 3, 'epochs': 1000}. Best is trial 56 with value: 0.8503837203232792.
[I 2025-09-26 19:41:33,606] Trial 224 finished with value: 0.8503837203232792 and parameters: {'hid_dim': 256, 'theta': 7.0, 'beta': 0.01, 'lambd': 0.1, 'lr': 0.05, 'win_size': 3, 'epochs': 1000}. Best is trial 56 with value: 0.8503837203232792.
[I 2025-09-26 19:43:05,786] Trial 225 finished with value: 0.22860401053182636 and parameters: {'hid_dim': 64, 'theta': 7.0, 'beta': 0.01, 'lambd': 0.1, 'lr': 0.05, 'win_size': 9, 'epochs': 1000}. Best is trial 56 with value: 0.8503837203232792.
[I 2025-09-26 19:44:01,828] Trial 226 finished with value: 0.8503837203232792 and parameters: {'hid_dim': 256, 'theta': 7.0, 'beta': 0.01, 'lambd': 0.1, 'lr': 0.005, 'win_size': 3, 'epochs': 1000}. Best is trial 56 with value: 0.8503837203232792.
[I 2025-09-26 19:44:57,982] Trial 227 finished with value: 0.8503837203232792 and parameters: {'hid_dim': 256, 'theta': 7.0, 'beta': 0.01, 'lambd': 0.1, 'lr': 0.005, 'win_size': 3, 'epochs': 1000}. Best is trial 56 with value: 0.8503837203232792.
[I 2025-09-26 19:45:53,952] Trial 228 finished with value: 0.8503837203232792 and parameters: {'hid_dim': 256, 'theta': 7.0, 'beta': 0.01, 'lambd': 0.1, 'lr': 0.005, 'win_size': 3, 'epochs': 1000}. Best is trial 56 with value: 0.8503837203232792.
[I 2025-09-26 19:46:50,751] Trial 229 finished with value: 0.8499473817453895 and parameters: {'hid_dim': 128, 'theta': 7.0, 'beta': 0.01, 'lambd': 0.1, 'lr': 0.005, 'win_size': 3, 'epochs': 1000}. Best is trial 56 with value: 0.8503837203232792.
[I 2025-09-26 19:47:47,572] Trial 230 finished with value: 0.8503837203232792 and parameters: {'hid_dim': 256, 'theta': 7.0, 'beta': 0.01, 'lambd': 0.1, 'lr': 0.005, 'win_size': 3, 'epochs': 1000}. Best is trial 56 with value: 0.8503837203232792.
[I 2025-09-26 19:48:43,849] Trial 231 finished with value: 0.8503837203232792 and parameters: {'hid_dim': 256, 'theta': 7.0, 'beta': 0.01, 'lambd': 0.1, 'lr': 0.005, 'win_size': 3, 'epochs': 1000}. Best is trial 56 with value: 0.8503837203232792.
[I 2025-09-26 19:49:40,291] Trial 232 finished with value: 0.8503837203232792 and parameters: {'hid_dim': 256, 'theta': 7.0, 'beta': 0.01, 'lambd': 0.1, 'lr': 0.005, 'win_size': 3, 'epochs': 1000}. Best is trial 56 with value: 0.8503837203232792.
[I 2025-09-26 19:50:36,826] Trial 233 finished with value: 0.8503837203232792 and parameters: {'hid_dim': 256, 'theta': 7.0, 'beta': 0.01, 'lambd': 0.1, 'lr': 0.005, 'win_size': 3, 'epochs': 1000}. Best is trial 56 with value: 0.8503837203232792.
[I 2025-09-26 19:51:33,608] Trial 234 finished with value: 0.8503837203232792 and parameters: {'hid_dim': 256, 'theta': 7.0, 'beta': 0.01, 'lambd': 0.1, 'lr': 0.005, 'win_size': 3, 'epochs': 1000}. Best is trial 56 with value: 0.8503837203232792.
[I 2025-09-26 19:52:32,196] Trial 235 finished with value: 0.8503837203232792 and parameters: {'hid_dim': 256, 'theta': 7.0, 'beta': 0.01, 'lambd': 0.1, 'lr': 0.01, 'win_size': 3, 'epochs': 1000}. Best is trial 56 with value: 0.8503837203232792.
[I 2025-09-26 19:53:29,157] Trial 236 finished with value: 0.8503837203232792 and parameters: {'hid_dim': 256, 'theta': 7.0, 'beta': 0.01, 'lambd': 0.1, 'lr': 0.005, 'win_size': 3, 'epochs': 1000}. Best is trial 56 with value: 0.8503837203232792.
[I 2025-09-26 19:54:26,418] Trial 237 finished with value: 0.8503837203232792 and parameters: {'hid_dim': 256, 'theta': 7.0, 'beta': 0.01, 'lambd': 0.1, 'lr': 0.005, 'win_size': 3, 'epochs': 1000}. Best is trial 56 with value: 0.8503837203232792.
[I 2025-09-26 19:55:23,339] Trial 238 finished with value: 0.8503470732760896 and parameters: {'hid_dim': 256, 'theta': 7.0, 'beta': 0.01, 'lambd': 0.1, 'lr': 0.001, 'win_size': 3, 'epochs': 1000}. Best is trial 56 with value: 0.8503837203232792.
[I 2025-09-26 19:56:20,864] Trial 239 finished with value: 0.8503799545089291 and parameters: {'hid_dim': 256, 'theta': 7.0, 'beta': 0.1, 'lambd': 0.1, 'lr': 0.1, 'win_size': 3, 'epochs': 1000}. Best is trial 56 with value: 0.8503837203232792.
[I 2025-09-26 19:57:03,825] Trial 240 finished with value: 0.1401263399368608 and parameters: {'hid_dim': 256, 'theta': 2.0, 'beta': 0.01, 'lambd': 0.1, 'lr': 0.005, 'win_size': 3, 'epochs': 750}. Best is trial 56 with value: 0.8503837203232792.
[I 2025-09-26 19:58:00,018] Trial 241 finished with value: 0.8503837203232792 and parameters: {'hid_dim': 256, 'theta': 7.0, 'beta': 0.01, 'lambd': 0.1, 'lr': 0.005, 'win_size': 3, 'epochs': 1000}. Best is trial 56 with value: 0.8503837203232792.
[I 2025-09-26 19:58:55,931] Trial 242 finished with value: 0.8503837203232792 and parameters: {'hid_dim': 256, 'theta': 7.0, 'beta': 0.01, 'lambd': 0.1, 'lr': 0.005, 'win_size': 3, 'epochs': 1000}. Best is trial 56 with value: 0.8503837203232792.
[I 2025-09-26 19:59:52,159] Trial 243 finished with value: 0.8503837203232792 and parameters: {'hid_dim': 256, 'theta': 7.0, 'beta': 0.01, 'lambd': 0.1, 'lr': 0.005, 'win_size': 3, 'epochs': 1000}. Best is trial 56 with value: 0.8503837203232792.
[I 2025-09-26 20:00:48,269] Trial 244 finished with value: 0.8503837203232792 and parameters: {'hid_dim': 256, 'theta': 7.0, 'beta': 0.01, 'lambd': 0.1, 'lr': 0.005, 'win_size': 3, 'epochs': 1000}. Best is trial 56 with value: 0.8503837203232792.
[I 2025-09-26 20:01:45,672] Trial 245 finished with value: 0.8503837203232792 and parameters: {'hid_dim': 256, 'theta': 7.0, 'beta': 0.01, 'lambd': 0.1, 'lr': 0.005, 'win_size': 3, 'epochs': 1000}. Best is trial 56 with value: 0.8503837203232792.
[I 2025-09-26 20:03:03,239] Trial 246 finished with value: 0.8503837203232792 and parameters: {'hid_dim': 512, 'theta': 7.0, 'beta': 0.01, 'lambd': 0.1, 'lr': 0.005, 'win_size': 3, 'epochs': 1000}. Best is trial 56 with value: 0.8503837203232792.
[I 2025-09-26 20:03:59,717] Trial 247 finished with value: 0.8503837203232792 and parameters: {'hid_dim': 256, 'theta': 7.0, 'beta': 0.01, 'lambd': 0.01, 'lr': 0.05, 'win_size': 3, 'epochs': 1000}. Best is trial 56 with value: 0.8503837203232792.
[I 2025-09-26 20:04:56,437] Trial 248 finished with value: 0.8494836434075151 and parameters: {'hid_dim': 256, 'theta': 5.0, 'beta': 0.01, 'lambd': 0.1, 'lr': 0.005, 'win_size': 3, 'epochs': 1000}. Best is trial 56 with value: 0.8503837203232792.
[I 2025-09-26 20:05:53,003] Trial 249 finished with value: 0.8503837203232792 and parameters: {'hid_dim': 256, 'theta': 7.0, 'beta': 0.01, 'lambd': 0.1, 'lr': 0.005, 'win_size': 3, 'epochs': 1000}. Best is trial 56 with value: 0.8503837203232792.
[I 2025-09-26 20:07:26,593] Trial 250 finished with value: 0.25891291064133576 and parameters: {'hid_dim': 256, 'theta': 7.0, 'beta': 0.01, 'lambd': 0.1, 'lr': 0.005, 'win_size': 7, 'epochs': 1000}. Best is trial 56 with value: 0.8503837203232792.
[I 2025-09-26 20:08:22,529] Trial 251 finished with value: 0.8503837203232792 and parameters: {'hid_dim': 256, 'theta': 7.0, 'beta': 0.01, 'lambd': 0.1, 'lr': 0.005, 'win_size': 3, 'epochs': 1000}. Best is trial 56 with value: 0.8503837203232792.
[I 2025-09-26 20:08:52,612] Trial 252 finished with value: 0.8503754771079906 and parameters: {'hid_dim': 256, 'theta': 7.0, 'beta': 0.01, 'lambd': 0.001, 'lr': 0.005, 'win_size': 3, 'epochs': 500}. Best is trial 56 with value: 0.8503837203232792.
[I 2025-09-26 20:09:48,491] Trial 253 finished with value: 0.8503837203232792 and parameters: {'hid_dim': 256, 'theta': 7.0, 'beta': 0.01, 'lambd': 0.1, 'lr': 0.005, 'win_size': 3, 'epochs': 1000}. Best is trial 56 with value: 0.8503837203232792.
[I 2025-09-26 20:10:44,396] Trial 254 finished with value: 0.8500386590340141 and parameters: {'hid_dim': 256, 'theta': 7.0, 'beta': 0.001, 'lambd': 0.1, 'lr': 0.005, 'win_size': 3, 'epochs': 1000}. Best is trial 56 with value: 0.8503837203232792.
[I 2025-09-26 20:11:40,449] Trial 255 finished with value: 0.8503837203232792 and parameters: {'hid_dim': 256, 'theta': 7.0, 'beta': 0.01, 'lambd': 0.1, 'lr': 0.005, 'win_size': 3, 'epochs': 1000}. Best is trial 56 with value: 0.8503837203232792.
[I 2025-09-26 20:12:36,752] Trial 256 finished with value: 0.8503710476401518 and parameters: {'hid_dim': 256, 'theta': 7.0, 'beta': 0.1, 'lambd': 0.1, 'lr': 0.001, 'win_size': 3, 'epochs': 1000}. Best is trial 56 with value: 0.8503837203232792.
[I 2025-09-26 20:13:20,092] Trial 257 finished with value: 0.6740672333520569 and parameters: {'hid_dim': 32, 'theta': 7.0, 'beta': 0.01, 'lambd': 0.1, 'lr': 0.005, 'win_size': 3, 'epochs': 750}. Best is trial 56 with value: 0.8503837203232792.
[I 2025-09-26 20:14:52,162] Trial 258 finished with value: 0.1719754112243956 and parameters: {'hid_dim': 64, 'theta': 7.0, 'beta': 0.01, 'lambd': 0.1, 'lr': 0.1, 'win_size': 9, 'epochs': 1000}. Best is trial 56 with value: 0.8503837203232792.
[I 2025-09-26 20:16:09,936] Trial 259 finished with value: 0.8503837203232792 and parameters: {'hid_dim': 512, 'theta': 7.0, 'beta': 0.01, 'lambd': 0.1, 'lr': 0.005, 'win_size': 3, 'epochs': 1000}. Best is trial 56 with value: 0.8503837203232792.
[I 2025-09-26 20:17:06,069] Trial 260 finished with value: 0.8503837203232792 and parameters: {'hid_dim': 256, 'theta': 7.0, 'beta': 0.01, 'lambd': 0.1, 'lr': 0.005, 'win_size': 3, 'epochs': 1000}. Best is trial 56 with value: 0.8503837203232792.
[I 2025-09-26 20:18:01,952] Trial 261 finished with value: 0.8503837203232792 and parameters: {'hid_dim': 256, 'theta': 7.0, 'beta': 0.01, 'lambd': 0.1, 'lr': 0.005, 'win_size': 3, 'epochs': 1000}. Best is trial 56 with value: 0.8503837203232792.
[I 2025-09-26 20:18:58,382] Trial 262 finished with value: 0.8503837203232792 and parameters: {'hid_dim': 256, 'theta': 7.0, 'beta': 0.01, 'lambd': 0.1, 'lr': 0.05, 'win_size': 3, 'epochs': 1000}. Best is trial 56 with value: 0.8503837203232792.
[I 2025-09-26 20:19:54,776] Trial 263 finished with value: 0.8499562123292516 and parameters: {'hid_dim': 128, 'theta': 7.0, 'beta': 0.01, 'lambd': 0.1, 'lr': 0.005, 'win_size': 3, 'epochs': 1000}. Best is trial 56 with value: 0.8503837203232792.
[I 2025-09-26 20:20:50,918] Trial 264 finished with value: 0.8503837203232792 and parameters: {'hid_dim': 256, 'theta': 7.0, 'beta': 0.01, 'lambd': 0.1, 'lr': 0.005, 'win_size': 3, 'epochs': 1000}. Best is trial 56 with value: 0.8503837203232792.
[I 2025-09-26 20:21:47,117] Trial 265 finished with value: 0.8503837203232792 and parameters: {'hid_dim': 256, 'theta': 7.0, 'beta': 0.01, 'lambd': 0.1, 'lr': 0.01, 'win_size': 3, 'epochs': 1000}. Best is trial 56 with value: 0.8503837203232792.
[I 2025-09-26 20:22:43,096] Trial 266 finished with value: 0.13550036547431937 and parameters: {'hid_dim': 256, 'theta': 2.0, 'beta': 0.01, 'lambd': 0.1, 'lr': 0.005, 'win_size': 3, 'epochs': 1000}. Best is trial 56 with value: 0.8503837203232792.
