[I 2025-09-26 20:23:38,870] Trial 267 finished with value: 0.8503837203232792 and parameters: {'hid_dim': 256, 'theta': 7.0, 'beta': 0.01, 'lambd': 0.1, 'lr': 0.005, 'win_size': 3, 'epochs': 1000}. Best is trial 56 with value: 0.8503837203232792.
[I 2025-09-26 20:24:34,241] Trial 268 finished with value: 0.8503789815665823 and parameters: {'hid_dim': 256, 'theta': 7.0, 'beta': 0.1, 'lambd': 0.1, 'lr': 0.005, 'win_size': 3, 'epochs': 1000}. Best is trial 56 with value: 0.8503837203232792.
[I 2025-09-26 20:25:46,283] Trial 269 finished with value: 0.10378133188984519 and parameters: {'hid_dim': 256, 'theta': 7.0, 'beta': 0.01, 'lambd': 0.01, 'lr': 0.005, 'win_size': 7, 'epochs': 750}. Best is trial 56 with value: 0.8503837203232792.
[I 2025-09-26 20:26:42,407] Trial 270 finished with value: 0.8503837203232792 and parameters: {'hid_dim': 256, 'theta': 7.0, 'beta': 0.01, 'lambd': 0.1, 'lr': 0.1, 'win_size': 3, 'epochs': 1000}. Best is trial 56 with value: 0.8503837203232792.
[I 2025-09-26 20:27:38,309] Trial 271 finished with value: 0.841793374446397 and parameters: {'hid_dim': 256, 'theta': 5.0, 'beta': 0.01, 'lambd': 0.1, 'lr': 0.001, 'win_size': 3, 'epochs': 1000}. Best is trial 56 with value: 0.8503837203232792.
[I 2025-09-26 20:28:33,949] Trial 272 finished with value: 0.8503837203232792 and parameters: {'hid_dim': 256, 'theta': 7.0, 'beta': 0.01, 'lambd': 0.1, 'lr': 0.005, 'win_size': 3, 'epochs': 1000}. Best is trial 56 with value: 0.8503837203232792.
[I 2025-09-26 20:29:14,986] Trial 273 finished with value: 0.8503837203232792 and parameters: {'hid_dim': 512, 'theta': 7.0, 'beta': 0.01, 'lambd': 0.1, 'lr': 0.005, 'win_size': 3, 'epochs': 500}. Best is trial 56 with value: 0.8503837203232792.
[I 2025-09-26 20:30:10,871] Trial 274 finished with value: 0.8500200428469364 and parameters: {'hid_dim': 256, 'theta': 7.0, 'beta': 0.001, 'lambd': 0.1, 'lr': 0.005, 'win_size': 3, 'epochs': 1000}. Best is trial 56 with value: 0.8503837203232792.
[I 2025-09-26 20:31:06,997] Trial 275 finished with value: 0.8503837203232792 and parameters: {'hid_dim': 256, 'theta': 7.0, 'beta': 0.01, 'lambd': 0.001, 'lr': 0.05, 'win_size': 3, 'epochs': 1000}. Best is trial 56 with value: 0.8503837203232792.
[I 2025-09-26 20:32:02,741] Trial 276 finished with value: 0.8503837203232792 and parameters: {'hid_dim': 256, 'theta': 7.0, 'beta': 0.01, 'lambd': 0.1, 'lr': 0.005, 'win_size': 3, 'epochs': 1000}. Best is trial 56 with value: 0.8503837203232792.
[I 2025-09-26 20:32:59,107] Trial 277 finished with value: 0.8503837203232792 and parameters: {'hid_dim': 256, 'theta': 7.0, 'beta': 0.01, 'lambd': 0.1, 'lr': 0.005, 'win_size': 3, 'epochs': 1000}. Best is trial 56 with value: 0.8503837203232792.
[I 2025-09-26 20:34:15,974] Trial 278 finished with value: 0.6034053057206422 and parameters: {'hid_dim': 256, 'theta': 7.0, 'beta': 0.01, 'lambd': 0.1, 'lr': 0.005, 'win_size': 5, 'epochs': 1000}. Best is trial 56 with value: 0.8503837203232792.
[I 2025-09-26 20:35:13,982] Trial 279 finished with value: 0.6759889705368388 and parameters: {'hid_dim': 32, 'theta': 7.0, 'beta': 0.01, 'lambd': 0.1, 'lr': 0.005, 'win_size': 3, 'epochs': 1000}. Best is trial 56 with value: 0.8503837203232792.
[I 2025-09-26 20:36:10,101] Trial 280 finished with value: 0.8503837203232792 and parameters: {'hid_dim': 256, 'theta': 7.0, 'beta': 0.01, 'lambd': 0.1, 'lr': 0.005, 'win_size': 3, 'epochs': 1000}. Best is trial 56 with value: 0.8503837203232792.
[I 2025-09-26 20:37:05,972] Trial 281 finished with value: 0.8503759295352363 and parameters: {'hid_dim': 256, 'theta': 7.0, 'beta': 0.1, 'lambd': 0.2, 'lr': 0.005, 'win_size': 3, 'epochs': 1000}. Best is trial 56 with value: 0.8503837203232792.
[I 2025-09-26 20:37:49,228] Trial 282 finished with value: 0.8503837203232792 and parameters: {'hid_dim': 256, 'theta': 7.0, 'beta': 0.01, 'lambd': 0.1, 'lr': 0.005, 'win_size': 3, 'epochs': 750}. Best is trial 56 with value: 0.8503837203232792.
[I 2025-09-26 20:39:36,744] Trial 283 finished with value: 0.08875040074588102 and parameters: {'hid_dim': 256, 'theta': 7.0, 'beta': 0.01, 'lambd': 0.1, 'lr': 0.005, 'win_size': 9, 'epochs': 1000}. Best is trial 56 with value: 0.8503837203232792.
[I 2025-09-26 20:40:32,942] Trial 284 finished with value: 0.8503837203232792 and parameters: {'hid_dim': 256, 'theta': 7.0, 'beta': 0.01, 'lambd': 0.1, 'lr': 0.1, 'win_size': 3, 'epochs': 1000}. Best is trial 56 with value: 0.8503837203232792.
[I 2025-09-26 20:41:29,041] Trial 285 finished with value: 0.7990178276013392 and parameters: {'hid_dim': 64, 'theta': 7.0, 'beta': 0.01, 'lambd': 0.1, 'lr': 0.001, 'win_size': 3, 'epochs': 1000}. Best is trial 56 with value: 0.8503837203232792.
[I 2025-09-26 20:42:25,240] Trial 286 finished with value: 0.8503837203232792 and parameters: {'hid_dim': 256, 'theta': 7.0, 'beta': 0.01, 'lambd': 0.1, 'lr': 0.005, 'win_size': 3, 'epochs': 1000}. Best is trial 56 with value: 0.8503837203232792.
[I 2025-09-26 20:43:21,869] Trial 287 finished with value: 0.8503837203232792 and parameters: {'hid_dim': 256, 'theta': 7.0, 'beta': 0.01, 'lambd': 0.1, 'lr': 0.005, 'win_size': 3, 'epochs': 1000}. Best is trial 56 with value: 0.8503837203232792.
[I 2025-09-26 20:44:39,797] Trial 288 finished with value: 0.13671940238558836 and parameters: {'hid_dim': 512, 'theta': 2.0, 'beta': 0.01, 'lambd': 0.1, 'lr': 0.005, 'win_size': 3, 'epochs': 1000}. Best is trial 56 with value: 0.8503837203232792.
[I 2025-09-26 20:45:35,226] Trial 289 finished with value: 0.8503837203232792 and parameters: {'hid_dim': 256, 'theta': 7.0, 'beta': 0.01, 'lambd': 0.1, 'lr': 0.05, 'win_size': 3, 'epochs': 1000}. Best is trial 56 with value: 0.8503837203232792.
[I 2025-09-26 20:46:31,140] Trial 290 finished with value: 0.8499706557717971 and parameters: {'hid_dim': 128, 'theta': 7.0, 'beta': 0.01, 'lambd': 0.1, 'lr': 0.005, 'win_size': 3, 'epochs': 1000}. Best is trial 56 with value: 0.8503837203232792.
[I 2025-09-26 20:47:26,939] Trial 291 finished with value: 0.8503837203232792 and parameters: {'hid_dim': 256, 'theta': 7.0, 'beta': 0.01, 'lambd': 0.1, 'lr': 0.005, 'win_size': 3, 'epochs': 1000}. Best is trial 56 with value: 0.8503837203232792.
[I 2025-09-26 20:48:22,767] Trial 292 finished with value: 0.8495114021159226 and parameters: {'hid_dim': 256, 'theta': 5.0, 'beta': 0.01, 'lambd': 0.1, 'lr': 0.005, 'win_size': 3, 'epochs': 1000}. Best is trial 56 with value: 0.8503837203232792.
[I 2025-09-26 20:48:53,157] Trial 293 finished with value: 0.8503789815665823 and parameters: {'hid_dim': 256, 'theta': 7.0, 'beta': 0.1, 'lambd': 0.1, 'lr': 0.01, 'win_size': 3, 'epochs': 500}. Best is trial 56 with value: 0.8503837203232792.
[I 2025-09-26 20:50:26,422] Trial 294 finished with value: 0.10974202094667372 and parameters: {'hid_dim': 256, 'theta': 7.0, 'beta': 0.01, 'lambd': 0.01, 'lr': 0.005, 'win_size': 7, 'epochs': 1000}. Best is trial 56 with value: 0.8503837203232792.
[I 2025-09-26 20:51:10,728] Trial 295 finished with value: 0.8503837203232792 and parameters: {'hid_dim': 256, 'theta': 7.0, 'beta': 0.01, 'lambd': 0.1, 'lr': 0.005, 'win_size': 3, 'epochs': 750}. Best is trial 56 with value: 0.8503837203232792.
[I 2025-09-26 20:52:07,783] Trial 296 finished with value: 0.8503837203232792 and parameters: {'hid_dim': 256, 'theta': 7.0, 'beta': 0.01, 'lambd': 0.1, 'lr': 0.005, 'win_size': 3, 'epochs': 1000}. Best is trial 56 with value: 0.8503837203232792.
[I 2025-09-26 20:53:06,405] Trial 297 finished with value: 0.850007894824814 and parameters: {'hid_dim': 256, 'theta': 7.0, 'beta': 0.001, 'lambd': 0.1, 'lr': 0.005, 'win_size': 3, 'epochs': 1000}. Best is trial 56 with value: 0.8503837203232792.
[I 2025-09-26 20:54:03,110] Trial 298 finished with value: 0.8503837203232792 and parameters: {'hid_dim': 256, 'theta': 7.0, 'beta': 0.01, 'lambd': 0.1, 'lr': 0.005, 'win_size': 3, 'epochs': 1000}. Best is trial 56 with value: 0.8503837203232792.
[I 2025-09-26 20:55:00,538] Trial 299 finished with value: 0.8503837203232792 and parameters: {'hid_dim': 256, 'theta': 7.0, 'beta': 0.01, 'lambd': 0.1, 'lr': 0.1, 'win_size': 3, 'epochs': 1000}. Best is trial 56 with value: 0.8503837203232792.
Se guardaron los trials
