[I 2025-09-26 15:51:32,019] A new study created in memory with name: no-name-b4ab6bfd-ac59-4416-b9d4-afa24f20af93
[I 2025-09-26 15:52:45,081] Trial 0 finished with value: 0.0058972722197992815 and parameters: {'hid_dim': 64, 'theta': 5.0, 'beta': 0.1, 'lambd': 0.001, 'lr': 0.005, 'win_size': 9, 'epochs': 750}. Best is trial 0 with value: 0.0058972722197992815.
[I 2025-09-26 15:53:56,332] Trial 1 finished with value: 0.2539859806302016 and parameters: {'hid_dim': 32, 'theta': 2.0, 'beta': 0.01, 'lambd': 0.2, 'lr': 0.05, 'win_size': 9, 'epochs': 750}. Best is trial 1 with value: 0.2539859806302016.
[I 2025-09-26 15:55:43,399] Trial 2 finished with value: 0.4910384637448339 and parameters: {'hid_dim': 256, 'theta': 5.0, 'beta': 0.01, 'lambd': 0.1, 'lr': 0.01, 'win_size': 9, 'epochs': 1000}. Best is trial 2 with value: 0.4910384637448339.
[I 2025-09-26 15:56:39,606] Trial 3 finished with value: 0.046014122322762877 and parameters: {'hid_dim': 64, 'theta': 2.0, 'beta': 0.01, 'lambd': 0.01, 'lr': 0.01, 'win_size': 3, 'epochs': 1000}. Best is trial 2 with value: 0.4910384637448339.
[I 2025-09-26 15:57:35,709] Trial 4 finished with value: 0.35560720066079116 and parameters: {'hid_dim': 64, 'theta': 5.0, 'beta': 0.001, 'lambd': 0.1, 'lr': 0.05, 'win_size': 3, 'epochs': 1000}. Best is trial 2 with value: 0.4910384637448339.
[I 2025-09-26 15:58:40,758] Trial 5 finished with value: 0.150592311327902 and parameters: {'hid_dim': 32, 'theta': 7.0, 'beta': 0.001, 'lambd': 0.001, 'lr': 0.01, 'win_size': 7, 'epochs': 750}. Best is trial 2 with value: 0.4910384637448339.
[I 2025-09-26 15:59:11,222] Trial 6 finished with value: 0.46811129839290866 and parameters: {'hid_dim': 32, 'theta': 7.0, 'beta': 0.1, 'lambd': 0.2, 'lr': 0.05, 'win_size': 3, 'epochs': 500}. Best is trial 2 with value: 0.4910384637448339.
[I 2025-09-26 15:59:57,121] Trial 7 finished with value: 0.20023396101041818 and parameters: {'hid_dim': 128, 'theta': 7.0, 'beta': 0.001, 'lambd': 0.1, 'lr': 0.001, 'win_size': 7, 'epochs': 500}. Best is trial 2 with value: 0.4910384637448339.
[I 2025-09-26 16:02:41,943] Trial 8 finished with value: 0.08177834337722992 and parameters: {'hid_dim': 512, 'theta': 5.0, 'beta': 0.01, 'lambd': 0.1, 'lr': 0.005, 'win_size': 9, 'epochs': 1000}. Best is trial 2 with value: 0.4910384637448339.
[I 2025-09-26 16:04:05,699] Trial 9 finished with value: 0.41701939142491684 and parameters: {'hid_dim': 64, 'theta': 7.0, 'beta': 0.1, 'lambd': 0.1, 'lr': 0.01, 'win_size': 7, 'epochs': 1000}. Best is trial 2 with value: 0.4910384637448339.
[I 2025-09-26 16:05:20,262] Trial 10 finished with value: 0.5541284364222211 and parameters: {'hid_dim': 256, 'theta': 5.0, 'beta': 0.01, 'lambd': 0.01, 'lr': 0.1, 'win_size': 5, 'epochs': 1000}. Best is trial 10 with value: 0.5541284364222211.
[I 2025-09-26 16:06:34,850] Trial 11 finished with value: 0.5544833371889512 and parameters: {'hid_dim': 256, 'theta': 5.0, 'beta': 0.01, 'lambd': 0.01, 'lr': 0.1, 'win_size': 5, 'epochs': 1000}. Best is trial 11 with value: 0.5544833371889512.
[I 2025-09-26 16:07:50,518] Trial 12 finished with value: 0.5549626243268024 and parameters: {'hid_dim': 256, 'theta': 5.0, 'beta': 0.01, 'lambd': 0.01, 'lr': 0.1, 'win_size': 5, 'epochs': 1000}. Best is trial 12 with value: 0.5549626243268024.
[I 2025-09-26 16:09:05,607] Trial 13 finished with value: 0.5551115410913243 and parameters: {'hid_dim': 256, 'theta': 5.0, 'beta': 0.01, 'lambd': 0.01, 'lr': 0.1, 'win_size': 5, 'epochs': 1000}. Best is trial 13 with value: 0.5551115410913243.
[I 2025-09-26 16:10:21,209] Trial 14 finished with value: 0.5547663218240505 and parameters: {'hid_dim': 256, 'theta': 5.0, 'beta': 0.01, 'lambd': 0.01, 'lr': 0.1, 'win_size': 5, 'epochs': 1000}. Best is trial 13 with value: 0.5551115410913243.
[I 2025-09-26 16:11:01,828] Trial 15 finished with value: 0.5440007525407852 and parameters: {'hid_dim': 256, 'theta': 5.0, 'beta': 0.01, 'lambd': 0.01, 'lr': 0.1, 'win_size': 5, 'epochs': 500}. Best is trial 13 with value: 0.5551115410913243.
[I 2025-09-26 16:12:15,720] Trial 16 finished with value: 0.48097435217844764 and parameters: {'hid_dim': 128, 'theta': 2.0, 'beta': 0.01, 'lambd': 0.01, 'lr': 0.1, 'win_size': 5, 'epochs': 1000}. Best is trial 13 with value: 0.5551115410913243.
[I 2025-09-26 16:14:09,609] Trial 17 finished with value: 0.6810619418514466 and parameters: {'hid_dim': 512, 'theta': 5.0, 'beta': 0.01, 'lambd': 0.01, 'lr': 0.001, 'win_size': 5, 'epochs': 1000}. Best is trial 17 with value: 0.6810619418514466.
[I 2025-09-26 16:15:09,855] Trial 18 finished with value: 0.5963016446711752 and parameters: {'hid_dim': 512, 'theta': 5.0, 'beta': 0.001, 'lambd': 0.01, 'lr': 0.001, 'win_size': 5, 'epochs': 500}. Best is trial 17 with value: 0.6810619418514466.
[I 2025-09-26 16:16:10,210] Trial 19 finished with value: 0.5927760051745401 and parameters: {'hid_dim': 512, 'theta': 2.0, 'beta': 0.001, 'lambd': 0.001, 'lr': 0.001, 'win_size': 5, 'epochs': 500}. Best is trial 17 with value: 0.6810619418514466.
[I 2025-09-26 16:17:10,569] Trial 20 finished with value: 0.7745872383863669 and parameters: {'hid_dim': 512, 'theta': 5.0, 'beta': 0.001, 'lambd': 0.2, 'lr': 0.001, 'win_size': 5, 'epochs': 500}. Best is trial 20 with value: 0.7745872383863669.
[I 2025-09-26 16:18:10,976] Trial 21 finished with value: 0.7742764864224576 and parameters: {'hid_dim': 512, 'theta': 5.0, 'beta': 0.001, 'lambd': 0.2, 'lr': 0.001, 'win_size': 5, 'epochs': 500}. Best is trial 20 with value: 0.7745872383863669.
[I 2025-09-26 16:19:11,319] Trial 22 finished with value: 0.7746403798280616 and parameters: {'hid_dim': 512, 'theta': 5.0, 'beta': 0.001, 'lambd': 0.2, 'lr': 0.001, 'win_size': 5, 'epochs': 500}. Best is trial 22 with value: 0.7746403798280616.
[I 2025-09-26 16:20:11,508] Trial 23 finished with value: 0.7744508902478394 and parameters: {'hid_dim': 512, 'theta': 5.0, 'beta': 0.001, 'lambd': 0.2, 'lr': 0.001, 'win_size': 5, 'epochs': 500}. Best is trial 22 with value: 0.7746403798280616.
[I 2025-09-26 16:21:11,575] Trial 24 finished with value: 0.7748805594504438 and parameters: {'hid_dim': 512, 'theta': 5.0, 'beta': 0.001, 'lambd': 0.2, 'lr': 0.001, 'win_size': 5, 'epochs': 500}. Best is trial 24 with value: 0.7748805594504438.
[I 2025-09-26 16:22:11,593] Trial 25 finished with value: 0.7745202351084497 and parameters: {'hid_dim': 512, 'theta': 5.0, 'beta': 0.001, 'lambd': 0.2, 'lr': 0.001, 'win_size': 5, 'epochs': 500}. Best is trial 24 with value: 0.7748805594504438.
[I 2025-09-26 16:23:11,608] Trial 26 finished with value: 0.7751392244476889 and parameters: {'hid_dim': 512, 'theta': 5.0, 'beta': 0.001, 'lambd': 0.2, 'lr': 0.001, 'win_size': 5, 'epochs': 500}. Best is trial 26 with value: 0.7751392244476889.
[I 2025-09-26 16:24:26,860] Trial 27 finished with value: 0.3788430935254833 and parameters: {'hid_dim': 512, 'theta': 5.0, 'beta': 0.001, 'lambd': 0.2, 'lr': 0.001, 'win_size': 7, 'epochs': 500}. Best is trial 26 with value: 0.7751392244476889.
[I 2025-09-26 16:25:07,838] Trial 28 finished with value: 0.755895542341269 and parameters: {'hid_dim': 512, 'theta': 2.0, 'beta': 0.001, 'lambd': 0.2, 'lr': 0.001, 'win_size': 3, 'epochs': 500}. Best is trial 26 with value: 0.7751392244476889.
[I 2025-09-26 16:26:21,229] Trial 29 finished with value: 0.2216660639785802 and parameters: {'hid_dim': 128, 'theta': 7.0, 'beta': 0.1, 'lambd': 0.2, 'lr': 0.005, 'win_size': 9, 'epochs': 750}. Best is trial 26 with value: 0.7751392244476889.
[I 2025-09-26 16:27:21,138] Trial 30 finished with value: 0.7749850415477532 and parameters: {'hid_dim': 512, 'theta': 5.0, 'beta': 0.001, 'lambd': 0.2, 'lr': 0.001, 'win_size': 5, 'epochs': 500}. Best is trial 26 with value: 0.7751392244476889.
[I 2025-09-26 16:28:21,156] Trial 31 finished with value: 0.7738552489833159 and parameters: {'hid_dim': 512, 'theta': 5.0, 'beta': 0.001, 'lambd': 0.2, 'lr': 0.001, 'win_size': 5, 'epochs': 500}. Best is trial 26 with value: 0.7751392244476889.
[I 2025-09-26 16:29:21,101] Trial 32 finished with value: 0.7745106689154658 and parameters: {'hid_dim': 512, 'theta': 5.0, 'beta': 0.001, 'lambd': 0.2, 'lr': 0.001, 'win_size': 5, 'epochs': 500}. Best is trial 26 with value: 0.7751392244476889.
[I 2025-09-26 16:30:21,162] Trial 33 finished with value: 0.7739997448078944 and parameters: {'hid_dim': 512, 'theta': 5.0, 'beta': 0.001, 'lambd': 0.2, 'lr': 0.001, 'win_size': 5, 'epochs': 500}. Best is trial 26 with value: 0.7751392244476889.
[I 2025-09-26 16:32:26,898] Trial 34 finished with value: 0.26709587137397406 and parameters: {'hid_dim': 512, 'theta': 5.0, 'beta': 0.001, 'lambd': 0.2, 'lr': 0.005, 'win_size': 9, 'epochs': 750}. Best is trial 26 with value: 0.7751392244476889.
[I 2025-09-26 16:33:05,915] Trial 35 finished with value: 0.26785068755996183 and parameters: {'hid_dim': 32, 'theta': 2.0, 'beta': 0.001, 'lambd': 0.2, 'lr': 0.05, 'win_size': 5, 'epochs': 500}. Best is trial 26 with value: 0.7751392244476889.
[I 2025-09-26 16:33:36,344] Trial 36 finished with value: 0.7046952178372825 and parameters: {'hid_dim': 64, 'theta': 5.0, 'beta': 0.001, 'lambd': 0.001, 'lr': 0.001, 'win_size': 3, 'epochs': 500}. Best is trial 26 with value: 0.7751392244476889.
[I 2025-09-26 16:35:03,439] Trial 37 finished with value: 0.8162570182593033 and parameters: {'hid_dim': 512, 'theta': 5.0, 'beta': 0.1, 'lambd': 0.2, 'lr': 0.001, 'win_size': 5, 'epochs': 750}. Best is trial 37 with value: 0.8162570182593033.
[I 2025-09-26 16:36:15,286] Trial 38 finished with value: 0.26170325186349946 and parameters: {'hid_dim': 32, 'theta': 7.0, 'beta': 0.1, 'lambd': 0.2, 'lr': 0.01, 'win_size': 9, 'epochs': 750}. Best is trial 37 with value: 0.8162570182593033.
[I 2025-09-26 16:38:04,264] Trial 39 finished with value: 0.2956258796276268 and parameters: {'hid_dim': 512, 'theta': 5.0, 'beta': 0.1, 'lambd': 0.001, 'lr': 0.05, 'win_size': 7, 'epochs': 750}. Best is trial 37 with value: 0.8162570182593033.
[I 2025-09-26 16:38:47,539] Trial 40 finished with value: 0.6342982684204186 and parameters: {'hid_dim': 64, 'theta': 2.0, 'beta': 0.1, 'lambd': 0.2, 'lr': 0.001, 'win_size': 3, 'epochs': 750}. Best is trial 37 with value: 0.8162570182593033.
[I 2025-09-26 16:40:14,420] Trial 41 finished with value: 0.81628130595985 and parameters: {'hid_dim': 512, 'theta': 5.0, 'beta': 0.1, 'lambd': 0.2, 'lr': 0.001, 'win_size': 5, 'epochs': 750}. Best is trial 41 with value: 0.81628130595985.
[I 2025-09-26 16:41:41,535] Trial 42 finished with value: 0.8163340900029108 and parameters: {'hid_dim': 512, 'theta': 5.0, 'beta': 0.1, 'lambd': 0.2, 'lr': 0.001, 'win_size': 5, 'epochs': 750}. Best is trial 42 with value: 0.8163340900029108.
[I 2025-09-26 16:43:08,790] Trial 43 finished with value: 0.8162086286147539 and parameters: {'hid_dim': 512, 'theta': 5.0, 'beta': 0.1, 'lambd': 0.2, 'lr': 0.001, 'win_size': 5, 'epochs': 750}. Best is trial 42 with value: 0.8163340900029108.
[I 2025-09-26 16:44:04,205] Trial 44 finished with value: 0.7674749003181177 and parameters: {'hid_dim': 128, 'theta': 5.0, 'beta': 0.1, 'lambd': 0.1, 'lr': 0.01, 'win_size': 5, 'epochs': 750}. Best is trial 42 with value: 0.8163340900029108.
[I 2025-09-26 16:45:31,503] Trial 45 finished with value: 0.8263231368518383 and parameters: {'hid_dim': 512, 'theta': 7.0, 'beta': 0.1, 'lambd': 0.2, 'lr': 0.001, 'win_size': 5, 'epochs': 750}. Best is trial 45 with value: 0.8263231368518383.
[I 2025-09-26 16:47:20,826] Trial 46 finished with value: 0.5956643553213246 and parameters: {'hid_dim': 512, 'theta': 7.0, 'beta': 0.1, 'lambd': 0.2, 'lr': 0.005, 'win_size': 7, 'epochs': 750}. Best is trial 45 with value: 0.8263231368518383.
[I 2025-09-26 16:48:16,054] Trial 47 finished with value: 0.4112802429614973 and parameters: {'hid_dim': 32, 'theta': 7.0, 'beta': 0.1, 'lambd': 0.1, 'lr': 0.05, 'win_size': 5, 'epochs': 750}. Best is trial 45 with value: 0.8263231368518383.
[I 2025-09-26 16:49:43,159] Trial 48 finished with value: 0.8260371047774564 and parameters: {'hid_dim': 512, 'theta': 7.0, 'beta': 0.1, 'lambd': 0.2, 'lr': 0.001, 'win_size': 5, 'epochs': 750}. Best is trial 45 with value: 0.8263231368518383.
[I 2025-09-26 16:50:54,440] Trial 49 finished with value: 0.14526333368011785 and parameters: {'hid_dim': 64, 'theta': 7.0, 'beta': 0.1, 'lambd': 0.2, 'lr': 0.001, 'win_size': 9, 'epochs': 750}. Best is trial 45 with value: 0.8263231368518383.
[I 2025-09-26 16:52:21,483] Trial 50 finished with value: 0.7954890971900845 and parameters: {'hid_dim': 512, 'theta': 7.0, 'beta': 0.1, 'lambd': 0.001, 'lr': 0.01, 'win_size': 5, 'epochs': 750}. Best is trial 45 with value: 0.8263231368518383.
[I 2025-09-26 16:53:48,708] Trial 51 finished with value: 0.8258762561272001 and parameters: {'hid_dim': 512, 'theta': 7.0, 'beta': 0.1, 'lambd': 0.2, 'lr': 0.001, 'win_size': 5, 'epochs': 750}. Best is trial 45 with value: 0.8263231368518383.
[I 2025-09-26 16:55:15,981] Trial 52 finished with value: 0.8261516285364319 and parameters: {'hid_dim': 512, 'theta': 7.0, 'beta': 0.1, 'lambd': 0.2, 'lr': 0.001, 'win_size': 5, 'epochs': 750}. Best is trial 45 with value: 0.8263231368518383.
[I 2025-09-26 16:56:43,279] Trial 53 finished with value: 0.8259908851234835 and parameters: {'hid_dim': 512, 'theta': 7.0, 'beta': 0.1, 'lambd': 0.2, 'lr': 0.001, 'win_size': 5, 'epochs': 750}. Best is trial 45 with value: 0.8263231368518383.
[I 2025-09-26 16:58:10,537] Trial 54 finished with value: 0.8263401174037391 and parameters: {'hid_dim': 512, 'theta': 7.0, 'beta': 0.1, 'lambd': 0.2, 'lr': 0.001, 'win_size': 5, 'epochs': 750}. Best is trial 54 with value: 0.8263401174037391.
[I 2025-09-26 16:59:05,936] Trial 55 finished with value: 0.7197145286270142 and parameters: {'hid_dim': 128, 'theta': 7.0, 'beta': 0.1, 'lambd': 0.2, 'lr': 0.001, 'win_size': 5, 'epochs': 750}. Best is trial 54 with value: 0.8263401174037391.
[I 2025-09-26 17:00:05,433] Trial 56 finished with value: 0.8503837203232792 and parameters: {'hid_dim': 512, 'theta': 7.0, 'beta': 0.1, 'lambd': 0.1, 'lr': 0.001, 'win_size': 3, 'epochs': 750}. Best is trial 56 with value: 0.8503837203232792.
[I 2025-09-26 17:00:48,526] Trial 57 finished with value: 0.8503656097813546 and parameters: {'hid_dim': 256, 'theta': 7.0, 'beta': 0.1, 'lambd': 0.1, 'lr': 0.001, 'win_size': 3, 'epochs': 750}. Best is trial 56 with value: 0.8503837203232792.
[I 2025-09-26 17:01:31,715] Trial 58 finished with value: 0.8503613094270246 and parameters: {'hid_dim': 256, 'theta': 7.0, 'beta': 0.1, 'lambd': 0.1, 'lr': 0.001, 'win_size': 3, 'epochs': 750}. Best is trial 56 with value: 0.8503837203232792.
[I 2025-09-26 17:02:14,866] Trial 59 finished with value: 0.8503789815665823 and parameters: {'hid_dim': 256, 'theta': 7.0, 'beta': 0.1, 'lambd': 0.1, 'lr': 0.005, 'win_size': 3, 'epochs': 750}. Best is trial 56 with value: 0.8503837203232792.
[I 2025-09-26 17:02:57,869] Trial 60 finished with value: 0.8503789815665823 and parameters: {'hid_dim': 256, 'theta': 7.0, 'beta': 0.1, 'lambd': 0.1, 'lr': 0.005, 'win_size': 3, 'epochs': 750}. Best is trial 56 with value: 0.8503837203232792.
[I 2025-09-26 17:03:40,973] Trial 61 finished with value: 0.8503789815665823 and parameters: {'hid_dim': 256, 'theta': 7.0, 'beta': 0.1, 'lambd': 0.1, 'lr': 0.005, 'win_size': 3, 'epochs': 750}. Best is trial 56 with value: 0.8503837203232792.
[I 2025-09-26 17:04:24,326] Trial 62 finished with value: 0.8503789815665823 and parameters: {'hid_dim': 256, 'theta': 7.0, 'beta': 0.1, 'lambd': 0.1, 'lr': 0.005, 'win_size': 3, 'epochs': 750}. Best is trial 56 with value: 0.8503837203232792.
[I 2025-09-26 17:05:07,397] Trial 63 finished with value: 0.8503789815665823 and parameters: {'hid_dim': 256, 'theta': 7.0, 'beta': 0.1, 'lambd': 0.1, 'lr': 0.005, 'win_size': 3, 'epochs': 750}. Best is trial 56 with value: 0.8503837203232792.
[I 2025-09-26 17:05:50,651] Trial 64 finished with value: 0.8503789815665823 and parameters: {'hid_dim': 256, 'theta': 7.0, 'beta': 0.1, 'lambd': 0.1, 'lr': 0.005, 'win_size': 3, 'epochs': 750}. Best is trial 56 with value: 0.8503837203232792.
[I 2025-09-26 17:06:33,935] Trial 65 finished with value: 0.8503789815665823 and parameters: {'hid_dim': 256, 'theta': 7.0, 'beta': 0.1, 'lambd': 0.1, 'lr': 0.005, 'win_size': 3, 'epochs': 750}. Best is trial 56 with value: 0.8503837203232792.
[I 2025-09-26 17:07:17,356] Trial 66 finished with value: 0.8503789815665823 and parameters: {'hid_dim': 256, 'theta': 7.0, 'beta': 0.1, 'lambd': 0.1, 'lr': 0.005, 'win_size': 3, 'epochs': 750}. Best is trial 56 with value: 0.8503837203232792.
[I 2025-09-26 17:08:00,696] Trial 67 finished with value: 0.8503789815665823 and parameters: {'hid_dim': 256, 'theta': 7.0, 'beta': 0.1, 'lambd': 0.1, 'lr': 0.005, 'win_size': 3, 'epochs': 750}. Best is trial 56 with value: 0.8503837203232792.
[I 2025-09-26 17:08:44,100] Trial 68 finished with value: 0.8503789815665823 and parameters: {'hid_dim': 256, 'theta': 7.0, 'beta': 0.1, 'lambd': 0.1, 'lr': 0.005, 'win_size': 3, 'epochs': 750}. Best is trial 56 with value: 0.8503837203232792.
[I 2025-09-26 17:09:27,417] Trial 69 finished with value: 0.8503789815665823 and parameters: {'hid_dim': 256, 'theta': 7.0, 'beta': 0.1, 'lambd': 0.1, 'lr': 0.005, 'win_size': 3, 'epochs': 750}. Best is trial 56 with value: 0.8503837203232792.
[I 2025-09-26 17:10:22,781] Trial 70 finished with value: 0.8503837203232792 and parameters: {'hid_dim': 256, 'theta': 7.0, 'beta': 0.01, 'lambd': 0.1, 'lr': 0.005, 'win_size': 3, 'epochs': 1000}. Best is trial 56 with value: 0.8503837203232792.
[I 2025-09-26 17:11:18,492] Trial 71 finished with value: 0.8503837203232792 and parameters: {'hid_dim': 256, 'theta': 7.0, 'beta': 0.01, 'lambd': 0.1, 'lr': 0.005, 'win_size': 3, 'epochs': 1000}. Best is trial 56 with value: 0.8503837203232792.
[I 2025-09-26 17:12:14,198] Trial 72 finished with value: 0.8503837203232792 and parameters: {'hid_dim': 256, 'theta': 7.0, 'beta': 0.01, 'lambd': 0.1, 'lr': 0.005, 'win_size': 3, 'epochs': 1000}. Best is trial 56 with value: 0.8503837203232792.
[I 2025-09-26 17:13:10,312] Trial 73 finished with value: 0.8503837203232792 and parameters: {'hid_dim': 256, 'theta': 7.0, 'beta': 0.01, 'lambd': 0.1, 'lr': 0.005, 'win_size': 3, 'epochs': 1000}. Best is trial 56 with value: 0.8503837203232792.
[I 2025-09-26 17:14:06,597] Trial 74 finished with value: 0.8503837203232792 and parameters: {'hid_dim': 256, 'theta': 7.0, 'beta': 0.01, 'lambd': 0.1, 'lr': 0.005, 'win_size': 3, 'epochs': 1000}. Best is trial 56 with value: 0.8503837203232792.
[I 2025-09-26 17:15:02,336] Trial 75 finished with value: 0.8503837203232792 and parameters: {'hid_dim': 256, 'theta': 7.0, 'beta': 0.01, 'lambd': 0.1, 'lr': 0.005, 'win_size': 3, 'epochs': 1000}. Best is trial 56 with value: 0.8503837203232792.
[I 2025-09-26 17:15:58,662] Trial 76 finished with value: 0.8503837203232792 and parameters: {'hid_dim': 256, 'theta': 7.0, 'beta': 0.01, 'lambd': 0.1, 'lr': 0.005, 'win_size': 3, 'epochs': 1000}. Best is trial 56 with value: 0.8503837203232792.
[I 2025-09-26 17:16:54,552] Trial 77 finished with value: 0.8503837203232792 and parameters: {'hid_dim': 256, 'theta': 7.0, 'beta': 0.01, 'lambd': 0.1, 'lr': 0.005, 'win_size': 3, 'epochs': 1000}. Best is trial 56 with value: 0.8503837203232792.
[I 2025-09-26 17:17:50,369] Trial 78 finished with value: 0.8503837203232792 and parameters: {'hid_dim': 256, 'theta': 7.0, 'beta': 0.01, 'lambd': 0.1, 'lr': 0.005, 'win_size': 3, 'epochs': 1000}. Best is trial 56 with value: 0.8503837203232792.
[I 2025-09-26 17:18:46,544] Trial 79 finished with value: 0.8503837203232792 and parameters: {'hid_dim': 256, 'theta': 7.0, 'beta': 0.01, 'lambd': 0.1, 'lr': 0.005, 'win_size': 3, 'epochs': 1000}. Best is trial 56 with value: 0.8503837203232792.
[I 2025-09-26 17:19:42,545] Trial 80 finished with value: 0.13552412496204536 and parameters: {'hid_dim': 256, 'theta': 2.0, 'beta': 0.01, 'lambd': 0.1, 'lr': 0.005, 'win_size': 3, 'epochs': 1000}. Best is trial 56 with value: 0.8503837203232792.
[I 2025-09-26 17:20:38,645] Trial 81 finished with value: 0.8503837203232792 and parameters: {'hid_dim': 256, 'theta': 7.0, 'beta': 0.01, 'lambd': 0.1, 'lr': 0.005, 'win_size': 3, 'epochs': 1000}. Best is trial 56 with value: 0.8503837203232792.
[I 2025-09-26 17:21:34,656] Trial 82 finished with value: 0.8503837203232792 and parameters: {'hid_dim': 256, 'theta': 7.0, 'beta': 0.01, 'lambd': 0.1, 'lr': 0.005, 'win_size': 3, 'epochs': 1000}. Best is trial 56 with value: 0.8503837203232792.
[I 2025-09-26 17:22:30,473] Trial 83 finished with value: 0.8503837203232792 and parameters: {'hid_dim': 256, 'theta': 7.0, 'beta': 0.01, 'lambd': 0.1, 'lr': 0.005, 'win_size': 3, 'epochs': 1000}. Best is trial 56 with value: 0.8503837203232792.
[I 2025-09-26 17:23:26,287] Trial 84 finished with value: 0.8503837203232792 and parameters: {'hid_dim': 256, 'theta': 7.0, 'beta': 0.01, 'lambd': 0.1, 'lr': 0.005, 'win_size': 3, 'epochs': 1000}. Best is trial 56 with value: 0.8503837203232792.
[I 2025-09-26 17:24:22,103] Trial 85 finished with value: 0.8503837203232792 and parameters: {'hid_dim': 256, 'theta': 7.0, 'beta': 0.01, 'lambd': 0.1, 'lr': 0.1, 'win_size': 3, 'epochs': 1000}. Best is trial 56 with value: 0.8503837203232792.
[I 2025-09-26 17:25:18,560] Trial 86 finished with value: 0.8503837203232792 and parameters: {'hid_dim': 256, 'theta': 7.0, 'beta': 0.01, 'lambd': 0.1, 'lr': 0.005, 'win_size': 3, 'epochs': 1000}. Best is trial 56 with value: 0.8503837203232792.
[I 2025-09-26 17:26:14,113] Trial 87 finished with value: 0.8503837203232792 and parameters: {'hid_dim': 256, 'theta': 7.0, 'beta': 0.01, 'lambd': 0.1, 'lr': 0.005, 'win_size': 3, 'epochs': 1000}. Best is trial 56 with value: 0.8503837203232792.
[I 2025-09-26 17:27:10,021] Trial 88 finished with value: 0.8503837203232792 and parameters: {'hid_dim': 256, 'theta': 7.0, 'beta': 0.01, 'lambd': 0.1, 'lr': 0.005, 'win_size': 3, 'epochs': 1000}. Best is trial 56 with value: 0.8503837203232792.
