[I 2025-09-26 22:40:41,149] Trial 94 finished with value: 0.7378320758030239 and parameters: {'hid_dim': 128, 'theta': 1.6, 'alpha': 0.005, 'beta': 0.1, 'lr': 0.01, 'win_size': 8}. Best is trial 87 with value: 0.8540421552968528.
[I 2025-09-26 22:42:03,151] Trial 95 finished with value: 0.6966506266071837 and parameters: {'hid_dim': 1024, 'theta': 0.8, 'alpha': 0.005, 'beta': 0.1, 'lr': 0.01, 'win_size': 6}. Best is trial 87 with value: 0.8540421552968528.
[I 2025-09-26 22:42:50,094] Trial 96 finished with value: 0.8096271131689701 and parameters: {'hid_dim': 512, 'theta': 1.6, 'alpha': 0.005, 'beta': 0.1, 'lr': 0.01, 'win_size': 6}. Best is trial 87 with value: 0.8540421552968528.
[I 2025-09-26 22:44:12,273] Trial 97 finished with value: 0.8540531323785335 and parameters: {'hid_dim': 1024, 'theta': 1.6, 'alpha': 0.005, 'beta': 0.05, 'lr': 0.01, 'win_size': 6}. Best is trial 97 with value: 0.8540531323785335.
[I 2025-09-26 22:45:34,329] Trial 98 finished with value: 0.7435744900336512 and parameters: {'hid_dim': 1024, 'theta': 1.0, 'alpha': 0.005, 'beta': 0.05, 'lr': 0.01, 'win_size': 6}. Best is trial 97 with value: 0.8540531323785335.
[I 2025-09-26 22:46:56,312] Trial 99 finished with value: 0.8539140293981007 and parameters: {'hid_dim': 1024, 'theta': 1.6, 'alpha': 0.01, 'beta': 0.05, 'lr': 0.01, 'win_size': 6}. Best is trial 97 with value: 0.8540531323785335.
[I 2025-09-26 22:48:18,258] Trial 100 finished with value: 0.8537297504055371 and parameters: {'hid_dim': 1024, 'theta': 1.6, 'alpha': 0.01, 'beta': 0.05, 'lr': 0.01, 'win_size': 6}. Best is trial 97 with value: 0.8540531323785335.
[I 2025-09-26 22:49:40,255] Trial 101 finished with value: 0.8539918638778022 and parameters: {'hid_dim': 1024, 'theta': 1.6, 'alpha': 0.01, 'beta': 0.05, 'lr': 0.01, 'win_size': 6}. Best is trial 97 with value: 0.8540531323785335.
[I 2025-09-26 22:51:02,274] Trial 102 finished with value: 0.8538829456446475 and parameters: {'hid_dim': 1024, 'theta': 1.6, 'alpha': 0.01, 'beta': 0.05, 'lr': 0.01, 'win_size': 6}. Best is trial 97 with value: 0.8540531323785335.
[I 2025-09-26 22:52:24,312] Trial 103 finished with value: 0.8540417209229787 and parameters: {'hid_dim': 1024, 'theta': 1.6, 'alpha': 0.01, 'beta': 0.05, 'lr': 0.01, 'win_size': 6}. Best is trial 97 with value: 0.8540531323785335.
[I 2025-09-26 22:53:03,914] Trial 104 finished with value: 0.19633114843402172 and parameters: {'hid_dim': 1024, 'theta': 1.6, 'alpha': 0.01, 'beta': 0.05, 'lr': 0.01, 'win_size': 2}. Best is trial 97 with value: 0.8540531323785335.
[I 2025-09-26 22:54:25,945] Trial 105 finished with value: 0.8539839448343595 and parameters: {'hid_dim': 1024, 'theta': 1.6, 'alpha': 0.01, 'beta': 0.05, 'lr': 0.01, 'win_size': 6}. Best is trial 97 with value: 0.8540531323785335.
[I 2025-09-26 22:55:02,835] Trial 106 finished with value: 0.7394866747018347 and parameters: {'hid_dim': 256, 'theta': 1.6, 'alpha': 0.01, 'beta': 0.05, 'lr': 0.01, 'win_size': 6}. Best is trial 97 with value: 0.8540531323785335.
[I 2025-09-26 22:56:39,621] Trial 107 finished with value: 0.8552026810605117 and parameters: {'hid_dim': 1024, 'theta': 1.2, 'alpha': 0.01, 'beta': 0.05, 'lr': 0.01, 'win_size': 8}. Best is trial 107 with value: 0.8552026810605117.
[I 2025-09-26 22:58:16,345] Trial 108 finished with value: 0.8552275960261451 and parameters: {'hid_dim': 1024, 'theta': 1.2, 'alpha': 0.01, 'beta': 0.05, 'lr': 0.01, 'win_size': 8}. Best is trial 108 with value: 0.8552275960261451.
[I 2025-09-26 22:59:53,038] Trial 109 finished with value: 0.8552251938187062 and parameters: {'hid_dim': 1024, 'theta': 1.2, 'alpha': 0.01, 'beta': 0.05, 'lr': 0.01, 'win_size': 8}. Best is trial 108 with value: 0.8552275960261451.
[I 2025-09-26 23:00:48,326] Trial 110 finished with value: 0.8461037362409372 and parameters: {'hid_dim': 512, 'theta': 1.2, 'alpha': 0.01, 'beta': 0.05, 'lr': 0.01, 'win_size': 8}. Best is trial 108 with value: 0.8552275960261451.
[I 2025-09-26 23:02:25,001] Trial 111 finished with value: 0.8553692690769135 and parameters: {'hid_dim': 1024, 'theta': 1.2, 'alpha': 0.01, 'beta': 0.05, 'lr': 0.01, 'win_size': 8}. Best is trial 111 with value: 0.8553692690769135.
[I 2025-09-26 23:04:01,659] Trial 112 finished with value: 0.8555969018450424 and parameters: {'hid_dim': 1024, 'theta': 1.2, 'alpha': 0.01, 'beta': 0.05, 'lr': 0.01, 'win_size': 8}. Best is trial 112 with value: 0.8555969018450424.
[I 2025-09-26 23:05:38,375] Trial 113 finished with value: 0.8504635935613759 and parameters: {'hid_dim': 1024, 'theta': 1.2, 'alpha': 0.01, 'beta': 0.05, 'lr': 0.01, 'win_size': 8}. Best is trial 112 with value: 0.8555969018450424.
[I 2025-09-26 23:07:15,102] Trial 114 finished with value: 0.8552071917596068 and parameters: {'hid_dim': 1024, 'theta': 1.2, 'alpha': 0.01, 'beta': 0.05, 'lr': 0.01, 'win_size': 8}. Best is trial 112 with value: 0.8555969018450424.
[I 2025-09-26 23:08:51,840] Trial 115 finished with value: 0.8552136453873015 and parameters: {'hid_dim': 1024, 'theta': 1.2, 'alpha': 0.01, 'beta': 0.05, 'lr': 0.01, 'win_size': 8}. Best is trial 112 with value: 0.8555969018450424.
[I 2025-09-26 23:10:28,541] Trial 116 finished with value: 0.8552734294437357 and parameters: {'hid_dim': 1024, 'theta': 1.2, 'alpha': 0.01, 'beta': 0.05, 'lr': 0.01, 'win_size': 8}. Best is trial 112 with value: 0.8555969018450424.
[I 2025-09-26 23:12:05,266] Trial 117 finished with value: 0.8554255392638483 and parameters: {'hid_dim': 1024, 'theta': 1.2, 'alpha': 0.01, 'beta': 0.05, 'lr': 0.01, 'win_size': 8}. Best is trial 112 with value: 0.8555969018450424.
[I 2025-09-26 23:13:42,054] Trial 118 finished with value: 0.8552845068558208 and parameters: {'hid_dim': 1024, 'theta': 1.2, 'alpha': 0.01, 'beta': 0.05, 'lr': 0.01, 'win_size': 8}. Best is trial 112 with value: 0.8555969018450424.
[I 2025-09-26 23:15:18,748] Trial 119 finished with value: 0.8426859134999922 and parameters: {'hid_dim': 1024, 'theta': 1.2, 'alpha': 0.01, 'beta': 0.05, 'lr': 0.01, 'win_size': 8}. Best is trial 112 with value: 0.8555969018450424.
[I 2025-09-26 23:16:55,640] Trial 120 finished with value: 0.587104183643463 and parameters: {'hid_dim': 1024, 'theta': 1.2, 'alpha': 0.01, 'beta': 0.05, 'lr': 0.2, 'win_size': 8}. Best is trial 112 with value: 0.8555969018450424.
[I 2025-09-26 23:18:32,419] Trial 121 finished with value: 0.8546361080772005 and parameters: {'hid_dim': 1024, 'theta': 1.2, 'alpha': 0.01, 'beta': 0.05, 'lr': 0.01, 'win_size': 8}. Best is trial 112 with value: 0.8555969018450424.
[I 2025-09-26 23:20:09,214] Trial 122 finished with value: 0.8555315278230008 and parameters: {'hid_dim': 1024, 'theta': 1.2, 'alpha': 0.01, 'beta': 0.05, 'lr': 0.01, 'win_size': 8}. Best is trial 112 with value: 0.8555969018450424.
[I 2025-09-26 23:21:45,924] Trial 123 finished with value: 0.8554727503497915 and parameters: {'hid_dim': 1024, 'theta': 1.2, 'alpha': 0.01, 'beta': 0.05, 'lr': 0.01, 'win_size': 8}. Best is trial 112 with value: 0.8555969018450424.
[I 2025-09-26 23:23:22,693] Trial 124 finished with value: 0.8554781688185944 and parameters: {'hid_dim': 1024, 'theta': 1.2, 'alpha': 0.01, 'beta': 0.05, 'lr': 0.01, 'win_size': 8}. Best is trial 112 with value: 0.8555969018450424.
[I 2025-09-26 23:24:59,521] Trial 125 finished with value: 0.5469018300224253 and parameters: {'hid_dim': 1024, 'theta': 1.2, 'alpha': 0.01, 'beta': 0.05, 'lr': 0.1, 'win_size': 8}. Best is trial 112 with value: 0.8555969018450424.
[I 2025-09-26 23:26:36,419] Trial 126 finished with value: 0.6334976520649618 and parameters: {'hid_dim': 1024, 'theta': 1.2, 'alpha': 0.01, 'beta': 0.05, 'lr': 0.3, 'win_size': 8}. Best is trial 112 with value: 0.8555969018450424.
[I 2025-09-26 23:28:13,069] Trial 127 finished with value: 0.8555817749923783 and parameters: {'hid_dim': 1024, 'theta': 1.2, 'alpha': 0.01, 'beta': 0.05, 'lr': 0.01, 'win_size': 8}. Best is trial 112 with value: 0.8555969018450424.
[I 2025-09-26 23:28:54,353] Trial 128 finished with value: 0.6185620435049783 and parameters: {'hid_dim': 128, 'theta': 1.2, 'alpha': 0.01, 'beta': 0.05, 'lr': 0.01, 'win_size': 8}. Best is trial 112 with value: 0.8555969018450424.
[I 2025-09-26 23:30:30,979] Trial 129 finished with value: 0.8434339414368879 and parameters: {'hid_dim': 1024, 'theta': 1.2, 'alpha': 0.01, 'beta': 0.05, 'lr': 0.01, 'win_size': 8}. Best is trial 112 with value: 0.8555969018450424.
[I 2025-09-26 23:32:07,754] Trial 130 finished with value: 0.8553746963016995 and parameters: {'hid_dim': 1024, 'theta': 1.2, 'alpha': 0.01, 'beta': 0.05, 'lr': 0.01, 'win_size': 8}. Best is trial 112 with value: 0.8555969018450424.
[I 2025-09-26 23:33:44,397] Trial 131 finished with value: 0.8543337171419101 and parameters: {'hid_dim': 1024, 'theta': 1.2, 'alpha': 0.01, 'beta': 0.05, 'lr': 0.01, 'win_size': 8}. Best is trial 112 with value: 0.8555969018450424.
[I 2025-09-26 23:35:21,018] Trial 132 finished with value: 0.8551342289391595 and parameters: {'hid_dim': 1024, 'theta': 1.2, 'alpha': 0.01, 'beta': 0.05, 'lr': 0.01, 'win_size': 8}. Best is trial 112 with value: 0.8555969018450424.
[I 2025-09-26 23:36:57,720] Trial 133 finished with value: 0.8554124715664357 and parameters: {'hid_dim': 1024, 'theta': 1.2, 'alpha': 0.01, 'beta': 0.05, 'lr': 0.01, 'win_size': 8}. Best is trial 112 with value: 0.8555969018450424.
[I 2025-09-26 23:38:34,382] Trial 134 finished with value: 0.8554996379393126 and parameters: {'hid_dim': 1024, 'theta': 1.2, 'alpha': 0.01, 'beta': 0.05, 'lr': 0.01, 'win_size': 8}. Best is trial 112 with value: 0.8555969018450424.
[I 2025-09-26 23:40:11,135] Trial 135 finished with value: 0.8554162992046267 and parameters: {'hid_dim': 1024, 'theta': 1.2, 'alpha': 0.01, 'beta': 0.05, 'lr': 0.01, 'win_size': 8}. Best is trial 112 with value: 0.8555969018450424.
[I 2025-09-26 23:41:47,817] Trial 136 finished with value: 0.8163076959127251 and parameters: {'hid_dim': 1024, 'theta': 1.2, 'alpha': 0.01, 'beta': 0.05, 'lr': 0.01, 'win_size': 8}. Best is trial 112 with value: 0.8555969018450424.
[I 2025-09-26 23:43:24,592] Trial 137 finished with value: 0.8521603353233754 and parameters: {'hid_dim': 1024, 'theta': 1.2, 'alpha': 0.01, 'beta': 0.05, 'lr': 0.01, 'win_size': 8}. Best is trial 112 with value: 0.8555969018450424.
[I 2025-09-26 23:45:01,383] Trial 138 finished with value: 0.8556011045877107 and parameters: {'hid_dim': 1024, 'theta': 1.2, 'alpha': 0.01, 'beta': 0.05, 'lr': 0.01, 'win_size': 8}. Best is trial 138 with value: 0.8556011045877107.
[I 2025-09-26 23:46:38,142] Trial 139 finished with value: 0.8553855794556837 and parameters: {'hid_dim': 1024, 'theta': 1.2, 'alpha': 0.01, 'beta': 0.05, 'lr': 0.01, 'win_size': 8}. Best is trial 138 with value: 0.8556011045877107.
[I 2025-09-26 23:47:19,262] Trial 140 finished with value: 0.7435810627844341 and parameters: {'hid_dim': 256, 'theta': 1.2, 'alpha': 0.01, 'beta': 0.05, 'lr': 0.01, 'win_size': 8}. Best is trial 138 with value: 0.8556011045877107.
[I 2025-09-26 23:48:56,056] Trial 141 finished with value: 0.8530962253317853 and parameters: {'hid_dim': 1024, 'theta': 1.2, 'alpha': 0.01, 'beta': 0.05, 'lr': 0.01, 'win_size': 8}. Best is trial 138 with value: 0.8556011045877107.
[I 2025-09-26 23:50:32,800] Trial 142 finished with value: 0.8554234657586557 and parameters: {'hid_dim': 1024, 'theta': 1.2, 'alpha': 0.01, 'beta': 0.05, 'lr': 0.01, 'win_size': 8}. Best is trial 138 with value: 0.8556011045877107.
[I 2025-09-26 23:52:09,504] Trial 143 finished with value: 0.855405417068012 and parameters: {'hid_dim': 1024, 'theta': 1.2, 'alpha': 0.01, 'beta': 0.05, 'lr': 0.01, 'win_size': 8}. Best is trial 138 with value: 0.8556011045877107.
[I 2025-09-26 23:53:46,212] Trial 144 finished with value: 0.8551196567522938 and parameters: {'hid_dim': 1024, 'theta': 1.2, 'alpha': 0.01, 'beta': 0.05, 'lr': 0.01, 'win_size': 8}. Best is trial 138 with value: 0.8556011045877107.
[I 2025-09-26 23:55:23,058] Trial 145 finished with value: 0.5462460512466838 and parameters: {'hid_dim': 1024, 'theta': 1.2, 'alpha': 0.01, 'beta': 0.05, 'lr': 0.2, 'win_size': 8}. Best is trial 138 with value: 0.8556011045877107.
[I 2025-09-26 23:56:59,913] Trial 146 finished with value: 0.5184755357618793 and parameters: {'hid_dim': 1024, 'theta': 1.2, 'alpha': 0.01, 'beta': 0.05, 'lr': 0.1, 'win_size': 8}. Best is trial 138 with value: 0.8556011045877107.
[I 2025-09-26 23:58:36,656] Trial 147 finished with value: 0.8549172796109022 and parameters: {'hid_dim': 1024, 'theta': 1.2, 'alpha': 0.01, 'beta': 0.05, 'lr': 0.01, 'win_size': 8}. Best is trial 138 with value: 0.8556011045877107.
[I 2025-09-27 00:00:13,391] Trial 148 finished with value: 0.8554067217895372 and parameters: {'hid_dim': 1024, 'theta': 1.2, 'alpha': 0.01, 'beta': 0.05, 'lr': 0.01, 'win_size': 8}. Best is trial 138 with value: 0.8556011045877107.
[I 2025-09-27 00:01:50,269] Trial 149 finished with value: 0.6439174491403645 and parameters: {'hid_dim': 1024, 'theta': 1.2, 'alpha': 0.01, 'beta': 0.05, 'lr': 0.3, 'win_size': 8}. Best is trial 138 with value: 0.8556011045877107.
[I 2025-09-27 00:03:26,994] Trial 150 finished with value: 0.8554590275822408 and parameters: {'hid_dim': 1024, 'theta': 1.2, 'alpha': 0.01, 'beta': 0.05, 'lr': 0.01, 'win_size': 8}. Best is trial 138 with value: 0.8556011045877107.
[I 2025-09-27 00:05:03,716] Trial 151 finished with value: 0.8440225729758406 and parameters: {'hid_dim': 1024, 'theta': 1.2, 'alpha': 0.01, 'beta': 0.05, 'lr': 0.01, 'win_size': 8}. Best is trial 138 with value: 0.8556011045877107.
[I 2025-09-27 00:06:40,387] Trial 152 finished with value: 0.8554472040054965 and parameters: {'hid_dim': 1024, 'theta': 1.2, 'alpha': 0.01, 'beta': 0.05, 'lr': 0.01, 'win_size': 8}. Best is trial 138 with value: 0.8556011045877107.
[I 2025-09-27 00:08:17,106] Trial 153 finished with value: 0.8530174722472665 and parameters: {'hid_dim': 1024, 'theta': 1.2, 'alpha': 0.01, 'beta': 0.05, 'lr': 0.01, 'win_size': 8}. Best is trial 138 with value: 0.8556011045877107.
[I 2025-09-27 00:09:53,853] Trial 154 finished with value: 0.8550767115145719 and parameters: {'hid_dim': 1024, 'theta': 1.2, 'alpha': 0.01, 'beta': 0.05, 'lr': 0.01, 'win_size': 8}. Best is trial 138 with value: 0.8556011045877107.
[I 2025-09-27 00:11:30,595] Trial 155 finished with value: 0.8556352480797864 and parameters: {'hid_dim': 1024, 'theta': 1.2, 'alpha': 0.01, 'beta': 0.05, 'lr': 0.01, 'win_size': 8}. Best is trial 155 with value: 0.8556352480797864.
[I 2025-09-27 00:12:11,982] Trial 156 finished with value: 0.6193382341226531 and parameters: {'hid_dim': 128, 'theta': 1.2, 'alpha': 0.01, 'beta': 0.05, 'lr': 0.01, 'win_size': 8}. Best is trial 155 with value: 0.8556352480797864.
[I 2025-09-27 00:13:48,831] Trial 157 finished with value: 0.855507227642833 and parameters: {'hid_dim': 1024, 'theta': 1.2, 'alpha': 0.01, 'beta': 0.05, 'lr': 0.01, 'win_size': 8}. Best is trial 155 with value: 0.8556352480797864.
[I 2025-09-27 00:15:36,100] Trial 158 finished with value: 0.8541479344033014 and parameters: {'hid_dim': 1024, 'theta': 1.2, 'alpha': 0.01, 'beta': 0.05, 'lr': 0.01, 'win_size': 10}. Best is trial 155 with value: 0.8556352480797864.
[I 2025-09-27 00:17:12,998] Trial 159 finished with value: 0.45299456508606584 and parameters: {'hid_dim': 1024, 'theta': 0.6, 'alpha': 0.05, 'beta': 0.001, 'lr': 0.01, 'win_size': 8}. Best is trial 155 with value: 0.8556352480797864.
[I 2025-09-27 00:18:49,850] Trial 160 finished with value: 0.7979582598059257 and parameters: {'hid_dim': 1024, 'theta': 0.8, 'alpha': 0.01, 'beta': 0.05, 'lr': 0.01, 'win_size': 8}. Best is trial 155 with value: 0.8556352480797864.
[I 2025-09-27 00:20:26,656] Trial 161 finished with value: 0.8555409717545606 and parameters: {'hid_dim': 1024, 'theta': 1.2, 'alpha': 0.01, 'beta': 0.05, 'lr': 0.01, 'win_size': 8}. Best is trial 155 with value: 0.8556352480797864.
[I 2025-09-27 00:22:03,516] Trial 162 finished with value: 0.8553541454027828 and parameters: {'hid_dim': 1024, 'theta': 1.2, 'alpha': 0.01, 'beta': 0.05, 'lr': 0.01, 'win_size': 8}. Best is trial 155 with value: 0.8556352480797864.
[I 2025-09-27 00:23:40,413] Trial 163 finished with value: 0.8555790397843304 and parameters: {'hid_dim': 1024, 'theta': 1.2, 'alpha': 0.01, 'beta': 0.05, 'lr': 0.01, 'win_size': 8}. Best is trial 155 with value: 0.8556352480797864.
[I 2025-09-27 00:25:17,275] Trial 164 finished with value: 0.8555846704013572 and parameters: {'hid_dim': 1024, 'theta': 1.2, 'alpha': 0.01, 'beta': 0.05, 'lr': 0.01, 'win_size': 8}. Best is trial 155 with value: 0.8556352480797864.
[I 2025-09-27 00:26:54,098] Trial 165 finished with value: 0.8555569638912853 and parameters: {'hid_dim': 1024, 'theta': 1.2, 'alpha': 0.01, 'beta': 0.05, 'lr': 0.01, 'win_size': 8}. Best is trial 155 with value: 0.8556352480797864.
[I 2025-09-27 00:28:30,962] Trial 166 finished with value: 0.8346248625954307 and parameters: {'hid_dim': 1024, 'theta': 1.0, 'alpha': 0.01, 'beta': 0.05, 'lr': 0.01, 'win_size': 8}. Best is trial 155 with value: 0.8556352480797864.
[I 2025-09-27 00:30:07,668] Trial 167 finished with value: 0.8524992645524254 and parameters: {'hid_dim': 1024, 'theta': 1.2, 'alpha': 0.01, 'beta': 0.05, 'lr': 0.01, 'win_size': 8}. Best is trial 155 with value: 0.8556352480797864.
[I 2025-09-27 00:31:44,268] Trial 168 finished with value: 0.8555769744947653 and parameters: {'hid_dim': 1024, 'theta': 1.2, 'alpha': 0.01, 'beta': 0.05, 'lr': 0.01, 'win_size': 8}. Best is trial 155 with value: 0.8556352480797864.
[I 2025-09-27 00:32:25,315] Trial 169 finished with value: 0.7694304047926777 and parameters: {'hid_dim': 256, 'theta': 1.2, 'alpha': 0.01, 'beta': 0.05, 'lr': 0.01, 'win_size': 8}. Best is trial 155 with value: 0.8556352480797864.
[I 2025-09-27 00:33:04,902] Trial 170 finished with value: 0.15486658662241062 and parameters: {'hid_dim': 1024, 'theta': 1.2, 'alpha': 0.01, 'beta': 0.05, 'lr': 0.01, 'win_size': 2}. Best is trial 155 with value: 0.8556352480797864.
[I 2025-09-27 00:34:41,472] Trial 171 finished with value: 0.855553568763362 and parameters: {'hid_dim': 1024, 'theta': 1.2, 'alpha': 0.01, 'beta': 0.05, 'lr': 0.01, 'win_size': 8}. Best is trial 155 with value: 0.8556352480797864.
[I 2025-09-27 00:36:18,172] Trial 172 finished with value: 0.8522819812326758 and parameters: {'hid_dim': 1024, 'theta': 1.2, 'alpha': 0.01, 'beta': 0.05, 'lr': 0.01, 'win_size': 8}. Best is trial 155 with value: 0.8556352480797864.
[I 2025-09-27 00:37:54,864] Trial 173 finished with value: 0.8531994266253369 and parameters: {'hid_dim': 1024, 'theta': 1.2, 'alpha': 0.01, 'beta': 0.05, 'lr': 0.01, 'win_size': 8}. Best is trial 155 with value: 0.8556352480797864.
[I 2025-09-27 00:39:31,529] Trial 174 finished with value: 0.8547817126462347 and parameters: {'hid_dim': 1024, 'theta': 1.2, 'alpha': 0.01, 'beta': 0.05, 'lr': 0.01, 'win_size': 8}. Best is trial 155 with value: 0.8556352480797864.
[I 2025-09-27 00:41:08,345] Trial 175 finished with value: 0.8549169615680249 and parameters: {'hid_dim': 1024, 'theta': 1.2, 'alpha': 0.01, 'beta': 0.05, 'lr': 0.01, 'win_size': 8}. Best is trial 155 with value: 0.8556352480797864.
[I 2025-09-27 00:42:45,186] Trial 176 finished with value: 0.8376004841448017 and parameters: {'hid_dim': 1024, 'theta': 1.2, 'alpha': 0.01, 'beta': 0.05, 'lr': 0.01, 'win_size': 8}. Best is trial 155 with value: 0.8556352480797864.
[I 2025-09-27 00:44:21,907] Trial 177 finished with value: 0.6000801481457215 and parameters: {'hid_dim': 1024, 'theta': 1.2, 'alpha': 0.01, 'beta': 0.05, 'lr': 0.2, 'win_size': 8}. Best is trial 155 with value: 0.8556352480797864.
[I 2025-09-27 00:45:58,679] Trial 178 finished with value: 0.5373934705535021 and parameters: {'hid_dim': 1024, 'theta': 1.2, 'alpha': 0.01, 'beta': 0.05, 'lr': 0.1, 'win_size': 8}. Best is trial 155 with value: 0.8556352480797864.
[I 2025-09-27 00:47:35,350] Trial 179 finished with value: 0.8554687448991827 and parameters: {'hid_dim': 1024, 'theta': 1.2, 'alpha': 0.01, 'beta': 0.05, 'lr': 0.01, 'win_size': 8}. Best is trial 155 with value: 0.8556352480797864.
[I 2025-09-27 00:49:12,158] Trial 180 finished with value: 0.6234091568479218 and parameters: {'hid_dim': 1024, 'theta': 1.2, 'alpha': 0.05, 'beta': 0.05, 'lr': 0.3, 'win_size': 8}. Best is trial 155 with value: 0.8556352480797864.
[I 2025-09-27 00:50:49,060] Trial 181 finished with value: 0.8556207072708286 and parameters: {'hid_dim': 1024, 'theta': 1.2, 'alpha': 0.01, 'beta': 0.05, 'lr': 0.01, 'win_size': 8}. Best is trial 155 with value: 0.8556352480797864.
[I 2025-09-27 00:52:26,030] Trial 182 finished with value: 0.8554906021152172 and parameters: {'hid_dim': 1024, 'theta': 1.2, 'alpha': 0.01, 'beta': 0.05, 'lr': 0.01, 'win_size': 8}. Best is trial 155 with value: 0.8556352480797864.
[I 2025-09-27 00:54:03,045] Trial 183 finished with value: 0.8550613967411712 and parameters: {'hid_dim': 1024, 'theta': 1.2, 'alpha': 0.01, 'beta': 0.05, 'lr': 0.01, 'win_size': 8}. Best is trial 155 with value: 0.8556352480797864.
[I 2025-09-27 00:55:40,022] Trial 184 finished with value: 0.8513321446407384 and parameters: {'hid_dim': 1024, 'theta': 1.2, 'alpha': 0.01, 'beta': 0.05, 'lr': 0.01, 'win_size': 8}. Best is trial 155 with value: 0.8556352480797864.
[I 2025-09-27 00:57:17,090] Trial 185 finished with value: 0.8552990043079578 and parameters: {'hid_dim': 1024, 'theta': 1.2, 'alpha': 0.01, 'beta': 0.05, 'lr': 0.01, 'win_size': 8}. Best is trial 155 with value: 0.8556352480797864.
[I 2025-09-27 00:59:04,571] Trial 186 finished with value: 0.5144360619237108 and parameters: {'hid_dim': 1024, 'theta': 0.6, 'alpha': 0.01, 'beta': 0.001, 'lr': 0.01, 'win_size': 10}. Best is trial 155 with value: 0.8556352480797864.
[I 2025-09-27 01:00:41,574] Trial 187 finished with value: 0.8555918075129485 and parameters: {'hid_dim': 1024, 'theta': 1.2, 'alpha': 0.01, 'beta': 0.05, 'lr': 0.01, 'win_size': 8}. Best is trial 155 with value: 0.8556352480797864.
