[I 2025-09-27 03:24:51,277] Trial 282 finished with value: 0.8551546597988027 and parameters: {'hid_dim': 1024, 'theta': 1.2, 'alpha': 0.01, 'beta': 0.05, 'lr': 0.01, 'win_size': 8}. Best is trial 155 with value: 0.8556352480797864.
[I 2025-09-27 03:26:28,393] Trial 283 finished with value: 0.6534367785912857 and parameters: {'hid_dim': 1024, 'theta': 1.2, 'alpha': 0.01, 'beta': 0.05, 'lr': 0.3, 'win_size': 8}. Best is trial 155 with value: 0.8556352480797864.
[I 2025-09-27 03:28:05,350] Trial 284 finished with value: 0.8553681517645406 and parameters: {'hid_dim': 1024, 'theta': 1.2, 'alpha': 0.01, 'beta': 0.05, 'lr': 0.01, 'win_size': 8}. Best is trial 155 with value: 0.8556352480797864.
[I 2025-09-27 03:29:42,453] Trial 285 finished with value: 0.6251280860110711 and parameters: {'hid_dim': 1024, 'theta': 0.6, 'alpha': 0.01, 'beta': 0.1, 'lr': 0.1, 'win_size': 8}. Best is trial 155 with value: 0.8556352480797864.
[I 2025-09-27 03:31:19,406] Trial 286 finished with value: 0.8553024974383228 and parameters: {'hid_dim': 1024, 'theta': 1.2, 'alpha': 0.01, 'beta': 0.05, 'lr': 0.01, 'win_size': 8}. Best is trial 155 with value: 0.8556352480797864.
[I 2025-09-27 03:32:00,676] Trial 287 finished with value: 0.6107313526625571 and parameters: {'hid_dim': 128, 'theta': 1.2, 'alpha': 0.01, 'beta': 0.05, 'lr': 0.01, 'win_size': 8}. Best is trial 155 with value: 0.8556352480797864.
[I 2025-09-27 03:33:37,314] Trial 288 finished with value: 0.7698063952721903 and parameters: {'hid_dim': 1024, 'theta': 0.8, 'alpha': 0.01, 'beta': 0.05, 'lr': 0.01, 'win_size': 8}. Best is trial 155 with value: 0.8556352480797864.
[I 2025-09-27 03:35:14,077] Trial 289 finished with value: 0.8551060889979156 and parameters: {'hid_dim': 1024, 'theta': 1.2, 'alpha': 0.01, 'beta': 0.05, 'lr': 0.01, 'win_size': 8}. Best is trial 155 with value: 0.8556352480797864.
[I 2025-09-27 03:35:53,723] Trial 290 finished with value: 0.16264453928316053 and parameters: {'hid_dim': 1024, 'theta': 1.2, 'alpha': 0.01, 'beta': 0.05, 'lr': 0.01, 'win_size': 2}. Best is trial 155 with value: 0.8556352480797864.
[I 2025-09-27 03:37:30,428] Trial 291 finished with value: 0.8555952709961907 and parameters: {'hid_dim': 1024, 'theta': 1.2, 'alpha': 0.01, 'beta': 0.05, 'lr': 0.01, 'win_size': 8}. Best is trial 155 with value: 0.8556352480797864.
[I 2025-09-27 03:39:07,128] Trial 292 finished with value: 0.8550744886620416 and parameters: {'hid_dim': 1024, 'theta': 1.2, 'alpha': 0.01, 'beta': 0.05, 'lr': 0.01, 'win_size': 8}. Best is trial 155 with value: 0.8556352480797864.
[I 2025-09-27 03:40:43,882] Trial 293 finished with value: 0.8554332469698552 and parameters: {'hid_dim': 1024, 'theta': 1.2, 'alpha': 0.01, 'beta': 0.05, 'lr': 0.01, 'win_size': 8}. Best is trial 155 with value: 0.8556352480797864.
[I 2025-09-27 03:42:20,798] Trial 294 finished with value: 0.854758801485854 and parameters: {'hid_dim': 1024, 'theta': 1.2, 'alpha': 0.01, 'beta': 0.05, 'lr': 0.01, 'win_size': 8}. Best is trial 155 with value: 0.8556352480797864.
[I 2025-09-27 03:43:57,830] Trial 295 finished with value: 0.8547227579865773 and parameters: {'hid_dim': 1024, 'theta': 1.2, 'alpha': 0.05, 'beta': 0.05, 'lr': 0.01, 'win_size': 8}. Best is trial 155 with value: 0.8556352480797864.
[I 2025-09-27 03:45:34,869] Trial 296 finished with value: 0.8353352669302401 and parameters: {'hid_dim': 1024, 'theta': 1.0, 'alpha': 0.01, 'beta': 0.05, 'lr': 0.01, 'win_size': 8}. Best is trial 155 with value: 0.8556352480797864.
[I 2025-09-27 03:47:11,922] Trial 297 finished with value: 0.8555097590069775 and parameters: {'hid_dim': 1024, 'theta': 1.2, 'alpha': 0.01, 'beta': 0.05, 'lr': 0.01, 'win_size': 8}. Best is trial 155 with value: 0.8556352480797864.
[I 2025-09-27 03:48:48,977] Trial 298 finished with value: 0.8537292794722022 and parameters: {'hid_dim': 1024, 'theta': 1.2, 'alpha': 0.01, 'beta': 0.05, 'lr': 0.01, 'win_size': 8}. Best is trial 155 with value: 0.8556352480797864.
[I 2025-09-27 03:50:25,988] Trial 299 finished with value: 0.8554566386965993 and parameters: {'hid_dim': 1024, 'theta': 1.2, 'alpha': 0.01, 'beta': 0.05, 'lr': 0.01, 'win_size': 8}. Best is trial 155 with value: 0.8556352480797864.
Traceback (most recent call last):
  File "/home/ilavalle/tesisProductSpace/OpenTLP/OpenTLPPSpace/Python/opt_uw_tmf.py", line 91, in <module>
    df_filtered = df_complete[columns_of_interest]
                  ~~~~~~~~~~~^^^^^^^^^^^^^^^^^^^^^
  File "/home/ilavalle/tesisProductSpace/OpenTLP/OpenTLPPSpace/.venv/lib/python3.12/site-packages/pandas/core/frame.py", line 4113, in __getitem__
    indexer = self.columns._get_indexer_strict(key, "columns")[1]
              ^^^^^^^^^^^^^^^^^^^^^^^^^^^^^^^^^^^^^^^^^^^^^^^^
  File "/home/ilavalle/tesisProductSpace/OpenTLP/OpenTLPPSpace/.venv/lib/python3.12/site-packages/pandas/core/indexes/base.py", line 6212, in _get_indexer_strict
    self._raise_if_missing(keyarr, indexer, axis_name)
  File "/home/ilavalle/tesisProductSpace/OpenTLP/OpenTLPPSpace/.venv/lib/python3.12/site-packages/pandas/core/indexes/base.py", line 6264, in _raise_if_missing
    raise KeyError(f"{not_found} not in index")
KeyError: "['params_lambd'] not in index"
