[I 2025-09-26 21:00:34,409] A new study created in memory with name: no-name-99bf2f12-d33a-4291-8f85-f56ad7c7fdb1
[I 2025-09-26 21:02:20,305] Trial 0 finished with value: 0.47175768356549747 and parameters: {'hid_dim': 1024, 'theta': 1.6, 'alpha': 0.05, 'beta': 0.1, 'lr': 0.3, 'win_size': 10}. Best is trial 0 with value: 0.47175768356549747.
[I 2025-09-26 21:03:01,234] Trial 1 finished with value: 0.7200230691251828 and parameters: {'hid_dim': 256, 'theta': 0.8, 'alpha': 0.05, 'beta': 0.01, 'lr': 0.05, 'win_size': 8}. Best is trial 1 with value: 0.7200230691251828.
[I 2025-09-26 21:03:44,631] Trial 2 finished with value: 0.7354733245844787 and parameters: {'hid_dim': 128, 'theta': 1.2, 'alpha': 0.005, 'beta': 0.1, 'lr': 0.1, 'win_size': 10}. Best is trial 2 with value: 0.7354733245844787.
[I 2025-09-26 21:04:08,872] Trial 3 finished with value: 0.23883938558757684 and parameters: {'hid_dim': 128, 'theta': 1.2, 'alpha': 0.01, 'beta': 0.001, 'lr': 0.05, 'win_size': 2}. Best is trial 2 with value: 0.7354733245844787.
[I 2025-09-26 21:04:55,403] Trial 4 finished with value: 0.7206757966235503 and parameters: {'hid_dim': 512, 'theta': 1.0, 'alpha': 0.05, 'beta': 0.001, 'lr': 0.1, 'win_size': 6}. Best is trial 2 with value: 0.7354733245844787.
[I 2025-09-26 21:05:39,047] Trial 5 finished with value: 0.7924270210139492 and parameters: {'hid_dim': 256, 'theta': 0.8, 'alpha': 0.01, 'beta': 0.1, 'lr': 0.2, 'win_size': 10}. Best is trial 5 with value: 0.7924270210139492.
[I 2025-09-26 21:06:41,841] Trial 6 finished with value: 0.8473489159332281 and parameters: {'hid_dim': 1024, 'theta': 1.6, 'alpha': 0.05, 'beta': 0.001, 'lr': 0.05, 'win_size': 4}. Best is trial 6 with value: 0.8473489159332281.
[I 2025-09-26 21:07:18,962] Trial 7 finished with value: 0.8160020378799095 and parameters: {'hid_dim': 256, 'theta': 1.6, 'alpha': 0.005, 'beta': 0.01, 'lr': 0.3, 'win_size': 6}. Best is trial 6 with value: 0.8473489159332281.
[I 2025-09-26 21:07:43,028] Trial 8 finished with value: 0.21988312849197245 and parameters: {'hid_dim': 128, 'theta': 1.0, 'alpha': 0.01, 'beta': 0.05, 'lr': 0.1, 'win_size': 2}. Best is trial 6 with value: 0.8473489159332281.
[I 2025-09-26 21:08:24,665] Trial 9 finished with value: 0.6981334587332351 and parameters: {'hid_dim': 256, 'theta': 1.6, 'alpha': 0.01, 'beta': 0.05, 'lr': 0.3, 'win_size': 8}. Best is trial 6 with value: 0.8473489159332281.
[I 2025-09-26 21:09:27,730] Trial 10 finished with value: 0.4507554029121626 and parameters: {'hid_dim': 1024, 'theta': 0.6, 'alpha': 0.05, 'beta': 0.001, 'lr': 0.01, 'win_size': 4}. Best is trial 6 with value: 0.8473489159332281.
[I 2025-09-26 21:10:30,846] Trial 11 finished with value: 0.8505351454741326 and parameters: {'hid_dim': 1024, 'theta': 1.4, 'alpha': 0.005, 'beta': 0.01, 'lr': 0.05, 'win_size': 4}. Best is trial 11 with value: 0.8505351454741326.
[I 2025-09-26 21:11:33,960] Trial 12 finished with value: 0.8507655980653753 and parameters: {'hid_dim': 1024, 'theta': 1.4, 'alpha': 0.005, 'beta': 0.01, 'lr': 0.05, 'win_size': 4}. Best is trial 12 with value: 0.8507655980653753.
[I 2025-09-26 21:12:37,066] Trial 13 finished with value: 0.8364824979821344 and parameters: {'hid_dim': 1024, 'theta': 1.4, 'alpha': 0.005, 'beta': 0.01, 'lr': 0.05, 'win_size': 4}. Best is trial 12 with value: 0.8507655980653753.
[I 2025-09-26 21:13:40,159] Trial 14 finished with value: 0.8510720847965608 and parameters: {'hid_dim': 1024, 'theta': 1.4, 'alpha': 0.005, 'beta': 0.01, 'lr': 0.05, 'win_size': 4}. Best is trial 14 with value: 0.8510720847965608.
[I 2025-09-26 21:14:16,265] Trial 15 finished with value: 0.8257913885624975 and parameters: {'hid_dim': 512, 'theta': 1.4, 'alpha': 0.005, 'beta': 0.01, 'lr': 0.2, 'win_size': 4}. Best is trial 14 with value: 0.8510720847965608.
[I 2025-09-26 21:15:19,408] Trial 16 finished with value: 0.34110141571771524 and parameters: {'hid_dim': 1024, 'theta': 1.4, 'alpha': 0.005, 'beta': 0.01, 'lr': 0.01, 'win_size': 4}. Best is trial 14 with value: 0.8510720847965608.
[I 2025-09-26 21:16:22,514] Trial 17 finished with value: 0.8512949250954321 and parameters: {'hid_dim': 1024, 'theta': 1.4, 'alpha': 0.005, 'beta': 0.01, 'lr': 0.05, 'win_size': 4}. Best is trial 17 with value: 0.8512949250954321.
[I 2025-09-26 21:17:25,628] Trial 18 finished with value: 0.8263221594629777 and parameters: {'hid_dim': 1024, 'theta': 0.6, 'alpha': 0.005, 'beta': 0.01, 'lr': 0.05, 'win_size': 4}. Best is trial 17 with value: 0.8512949250954321.
[I 2025-09-26 21:17:49,819] Trial 19 finished with value: 0.5038133836688418 and parameters: {'hid_dim': 512, 'theta': 1.4, 'alpha': 0.005, 'beta': 0.05, 'lr': 0.05, 'win_size': 2}. Best is trial 17 with value: 0.8512949250954321.
[I 2025-09-26 21:19:12,056] Trial 20 finished with value: 0.6951419165655601 and parameters: {'hid_dim': 1024, 'theta': 1.4, 'alpha': 0.005, 'beta': 0.01, 'lr': 0.2, 'win_size': 6}. Best is trial 17 with value: 0.8512949250954321.
[I 2025-09-26 21:20:15,115] Trial 21 finished with value: 0.8486909431594087 and parameters: {'hid_dim': 1024, 'theta': 1.4, 'alpha': 0.005, 'beta': 0.01, 'lr': 0.05, 'win_size': 4}. Best is trial 17 with value: 0.8512949250954321.
[I 2025-09-26 21:21:18,137] Trial 22 finished with value: 0.8443159048364647 and parameters: {'hid_dim': 1024, 'theta': 1.4, 'alpha': 0.005, 'beta': 0.01, 'lr': 0.05, 'win_size': 4}. Best is trial 17 with value: 0.8512949250954321.
[I 2025-09-26 21:22:21,124] Trial 23 finished with value: 0.8513978798097529 and parameters: {'hid_dim': 1024, 'theta': 1.4, 'alpha': 0.005, 'beta': 0.01, 'lr': 0.05, 'win_size': 4}. Best is trial 23 with value: 0.8513978798097529.
[I 2025-09-26 21:23:24,090] Trial 24 finished with value: 0.8291183865635386 and parameters: {'hid_dim': 1024, 'theta': 1.4, 'alpha': 0.005, 'beta': 0.01, 'lr': 0.05, 'win_size': 4}. Best is trial 23 with value: 0.8513978798097529.
[I 2025-09-26 21:25:00,719] Trial 25 finished with value: 0.8393797171599717 and parameters: {'hid_dim': 1024, 'theta': 1.4, 'alpha': 0.005, 'beta': 0.01, 'lr': 0.01, 'win_size': 8}. Best is trial 23 with value: 0.8513978798097529.
[I 2025-09-26 21:26:03,719] Trial 26 finished with value: 0.850312120399399 and parameters: {'hid_dim': 1024, 'theta': 1.2, 'alpha': 0.005, 'beta': 0.01, 'lr': 0.05, 'win_size': 4}. Best is trial 23 with value: 0.8513978798097529.
[I 2025-09-26 21:26:39,706] Trial 27 finished with value: 0.7672197493032833 and parameters: {'hid_dim': 512, 'theta': 1.0, 'alpha': 0.005, 'beta': 0.05, 'lr': 0.05, 'win_size': 4}. Best is trial 23 with value: 0.8513978798097529.
[I 2025-09-26 21:27:11,101] Trial 28 finished with value: 0.3684335606702649 and parameters: {'hid_dim': 128, 'theta': 0.8, 'alpha': 0.005, 'beta': 0.1, 'lr': 0.05, 'win_size': 4}. Best is trial 23 with value: 0.8513978798097529.
[I 2025-09-26 21:28:58,393] Trial 29 finished with value: 0.5284431881102125 and parameters: {'hid_dim': 1024, 'theta': 0.6, 'alpha': 0.01, 'beta': 0.1, 'lr': 0.3, 'win_size': 10}. Best is trial 23 with value: 0.8513978798097529.
[I 2025-09-26 21:30:20,646] Trial 30 finished with value: 0.7028568673924995 and parameters: {'hid_dim': 1024, 'theta': 1.4, 'alpha': 0.05, 'beta': 0.01, 'lr': 0.1, 'win_size': 6}. Best is trial 23 with value: 0.8513978798097529.
[I 2025-09-26 21:31:23,684] Trial 31 finished with value: 0.8513940424860533 and parameters: {'hid_dim': 1024, 'theta': 1.4, 'alpha': 0.005, 'beta': 0.01, 'lr': 0.05, 'win_size': 4}. Best is trial 23 with value: 0.8513978798097529.
[I 2025-09-26 21:32:26,681] Trial 32 finished with value: 0.8513580597375857 and parameters: {'hid_dim': 1024, 'theta': 1.4, 'alpha': 0.005, 'beta': 0.01, 'lr': 0.05, 'win_size': 4}. Best is trial 23 with value: 0.8513978798097529.
[I 2025-09-26 21:34:03,413] Trial 33 finished with value: 0.8110143193519697 and parameters: {'hid_dim': 1024, 'theta': 1.4, 'alpha': 0.005, 'beta': 0.01, 'lr': 0.05, 'win_size': 8}. Best is trial 23 with value: 0.8513978798097529.
[I 2025-09-26 21:35:50,631] Trial 34 finished with value: 0.6638288197598601 and parameters: {'hid_dim': 1024, 'theta': 1.2, 'alpha': 0.005, 'beta': 0.01, 'lr': 0.05, 'win_size': 10}. Best is trial 23 with value: 0.8513978798097529.
[I 2025-09-26 21:36:22,024] Trial 35 finished with value: 0.40849858742044187 and parameters: {'hid_dim': 128, 'theta': 0.8, 'alpha': 0.005, 'beta': 0.01, 'lr': 0.05, 'win_size': 4}. Best is trial 23 with value: 0.8513978798097529.
[I 2025-09-26 21:36:45,490] Trial 36 finished with value: 0.7983852838632681 and parameters: {'hid_dim': 256, 'theta': 1.4, 'alpha': 0.05, 'beta': 0.001, 'lr': 0.2, 'win_size': 2}. Best is trial 23 with value: 0.8513978798097529.
[I 2025-09-26 21:37:48,521] Trial 37 finished with value: 0.8433186092577736 and parameters: {'hid_dim': 1024, 'theta': 1.4, 'alpha': 0.005, 'beta': 0.01, 'lr': 0.1, 'win_size': 4}. Best is trial 23 with value: 0.8513978798097529.
[I 2025-09-26 21:38:49,928] Trial 38 finished with value: 0.506925455240392 and parameters: {'hid_dim': 512, 'theta': 1.0, 'alpha': 0.01, 'beta': 0.1, 'lr': 0.3, 'win_size': 10}. Best is trial 23 with value: 0.8513978798097529.
[I 2025-09-26 21:39:21,465] Trial 39 finished with value: 0.6307918836583707 and parameters: {'hid_dim': 128, 'theta': 1.6, 'alpha': 0.005, 'beta': 0.001, 'lr': 0.05, 'win_size': 4}. Best is trial 23 with value: 0.8513978798097529.
[I 2025-09-26 21:39:58,253] Trial 40 finished with value: 0.33008734538271034 and parameters: {'hid_dim': 256, 'theta': 1.2, 'alpha': 0.05, 'beta': 0.01, 'lr': 0.01, 'win_size': 6}. Best is trial 23 with value: 0.8513978798097529.
[I 2025-09-26 21:41:01,377] Trial 41 finished with value: 0.8416093860590435 and parameters: {'hid_dim': 1024, 'theta': 1.4, 'alpha': 0.005, 'beta': 0.01, 'lr': 0.05, 'win_size': 4}. Best is trial 23 with value: 0.8513978798097529.
[I 2025-09-26 21:42:04,500] Trial 42 finished with value: 0.8513958266976503 and parameters: {'hid_dim': 1024, 'theta': 1.4, 'alpha': 0.005, 'beta': 0.01, 'lr': 0.05, 'win_size': 4}. Best is trial 23 with value: 0.8513978798097529.
[I 2025-09-26 21:43:07,545] Trial 43 finished with value: 0.8498482296617054 and parameters: {'hid_dim': 1024, 'theta': 1.4, 'alpha': 0.005, 'beta': 0.01, 'lr': 0.05, 'win_size': 4}. Best is trial 23 with value: 0.8513978798097529.
[I 2025-09-26 21:44:44,295] Trial 44 finished with value: 0.8330600723314069 and parameters: {'hid_dim': 1024, 'theta': 0.8, 'alpha': 0.01, 'beta': 0.05, 'lr': 0.05, 'win_size': 8}. Best is trial 23 with value: 0.8513978798097529.
[I 2025-09-26 21:45:47,304] Trial 45 finished with value: 0.8513261225007542 and parameters: {'hid_dim': 1024, 'theta': 1.4, 'alpha': 0.005, 'beta': 0.01, 'lr': 0.05, 'win_size': 4}. Best is trial 23 with value: 0.8513978798097529.
[I 2025-09-26 21:46:26,996] Trial 46 finished with value: 0.8489176737586882 and parameters: {'hid_dim': 1024, 'theta': 1.6, 'alpha': 0.005, 'beta': 0.1, 'lr': 0.1, 'win_size': 2}. Best is trial 23 with value: 0.8513978798097529.
[I 2025-09-26 21:46:58,076] Trial 47 finished with value: 0.7930721614783742 and parameters: {'hid_dim': 256, 'theta': 1.4, 'alpha': 0.005, 'beta': 0.01, 'lr': 0.05, 'win_size': 4}. Best is trial 23 with value: 0.8513978798097529.
[I 2025-09-26 21:48:01,225] Trial 48 finished with value: 0.5366864692358672 and parameters: {'hid_dim': 1024, 'theta': 1.0, 'alpha': 0.05, 'beta': 0.001, 'lr': 0.3, 'win_size': 4}. Best is trial 23 with value: 0.8513978798097529.
[I 2025-09-26 21:49:04,398] Trial 49 finished with value: 0.619501098299856 and parameters: {'hid_dim': 1024, 'theta': 0.6, 'alpha': 0.005, 'beta': 0.01, 'lr': 0.2, 'win_size': 4}. Best is trial 23 with value: 0.8513978798097529.
[I 2025-09-26 21:49:35,148] Trial 50 finished with value: 0.5606912882644149 and parameters: {'hid_dim': 128, 'theta': 1.4, 'alpha': 0.01, 'beta': 0.01, 'lr': 0.05, 'win_size': 4}. Best is trial 23 with value: 0.8513978798097529.
[I 2025-09-26 21:50:38,147] Trial 51 finished with value: 0.8513801357055314 and parameters: {'hid_dim': 1024, 'theta': 1.4, 'alpha': 0.005, 'beta': 0.01, 'lr': 0.05, 'win_size': 4}. Best is trial 23 with value: 0.8513978798097529.
[I 2025-09-26 21:51:41,236] Trial 52 finished with value: 0.848115761535024 and parameters: {'hid_dim': 1024, 'theta': 1.4, 'alpha': 0.005, 'beta': 0.01, 'lr': 0.05, 'win_size': 4}. Best is trial 23 with value: 0.8513978798097529.
[I 2025-09-26 21:52:44,352] Trial 53 finished with value: 0.8512883815513937 and parameters: {'hid_dim': 1024, 'theta': 1.4, 'alpha': 0.005, 'beta': 0.01, 'lr': 0.05, 'win_size': 4}. Best is trial 23 with value: 0.8513978798097529.
[I 2025-09-26 21:53:47,426] Trial 54 finished with value: 0.8513916304978154 and parameters: {'hid_dim': 1024, 'theta': 1.4, 'alpha': 0.005, 'beta': 0.01, 'lr': 0.05, 'win_size': 4}. Best is trial 23 with value: 0.8513978798097529.
[I 2025-09-26 21:54:50,497] Trial 55 finished with value: 0.850164366693882 and parameters: {'hid_dim': 1024, 'theta': 1.4, 'alpha': 0.005, 'beta': 0.01, 'lr': 0.05, 'win_size': 4}. Best is trial 23 with value: 0.8513978798097529.
[I 2025-09-26 21:55:53,604] Trial 56 finished with value: 0.4242770006908012 and parameters: {'hid_dim': 1024, 'theta': 1.4, 'alpha': 0.005, 'beta': 0.05, 'lr': 0.01, 'win_size': 4}. Best is trial 23 with value: 0.8513978798097529.
[I 2025-09-26 21:56:18,225] Trial 57 finished with value: 0.44440798277213084 and parameters: {'hid_dim': 512, 'theta': 1.4, 'alpha': 0.005, 'beta': 0.01, 'lr': 0.05, 'win_size': 2}. Best is trial 23 with value: 0.8513978798097529.
[I 2025-09-26 21:57:40,355] Trial 58 finished with value: 0.8525859794914274 and parameters: {'hid_dim': 1024, 'theta': 1.6, 'alpha': 0.005, 'beta': 0.01, 'lr': 0.05, 'win_size': 6}. Best is trial 58 with value: 0.8525859794914274.
[I 2025-09-26 21:59:02,448] Trial 59 finished with value: 0.8527578719348162 and parameters: {'hid_dim': 1024, 'theta': 1.6, 'alpha': 0.005, 'beta': 0.01, 'lr': 0.05, 'win_size': 6}. Best is trial 59 with value: 0.8527578719348162.
[I 2025-09-26 21:59:39,188] Trial 60 finished with value: 0.8324200135052677 and parameters: {'hid_dim': 256, 'theta': 1.6, 'alpha': 0.005, 'beta': 0.001, 'lr': 0.05, 'win_size': 6}. Best is trial 59 with value: 0.8527578719348162.
[I 2025-09-26 22:01:01,249] Trial 61 finished with value: 0.8401801864961363 and parameters: {'hid_dim': 1024, 'theta': 1.6, 'alpha': 0.005, 'beta': 0.01, 'lr': 0.05, 'win_size': 6}. Best is trial 59 with value: 0.8527578719348162.
[I 2025-09-26 22:02:23,305] Trial 62 finished with value: 0.8539635411319306 and parameters: {'hid_dim': 1024, 'theta': 1.6, 'alpha': 0.005, 'beta': 0.01, 'lr': 0.05, 'win_size': 6}. Best is trial 62 with value: 0.8539635411319306.
[I 2025-09-26 22:03:45,359] Trial 63 finished with value: 0.8502533401161173 and parameters: {'hid_dim': 1024, 'theta': 1.6, 'alpha': 0.005, 'beta': 0.01, 'lr': 0.05, 'win_size': 6}. Best is trial 62 with value: 0.8539635411319306.
[I 2025-09-26 22:05:07,413] Trial 64 finished with value: 0.8527797455757633 and parameters: {'hid_dim': 1024, 'theta': 1.6, 'alpha': 0.005, 'beta': 0.01, 'lr': 0.05, 'win_size': 6}. Best is trial 62 with value: 0.8539635411319306.
[I 2025-09-26 22:06:29,567] Trial 65 finished with value: 0.6969749621056484 and parameters: {'hid_dim': 1024, 'theta': 1.6, 'alpha': 0.005, 'beta': 0.01, 'lr': 0.2, 'win_size': 6}. Best is trial 62 with value: 0.8539635411319306.
[I 2025-09-26 22:07:51,608] Trial 66 finished with value: 0.8481221351754505 and parameters: {'hid_dim': 1024, 'theta': 1.6, 'alpha': 0.005, 'beta': 0.01, 'lr': 0.05, 'win_size': 6}. Best is trial 62 with value: 0.8539635411319306.
[I 2025-09-26 22:09:13,725] Trial 67 finished with value: 0.6779773508783564 and parameters: {'hid_dim': 1024, 'theta': 1.6, 'alpha': 0.005, 'beta': 0.01, 'lr': 0.1, 'win_size': 6}. Best is trial 62 with value: 0.8539635411319306.
[I 2025-09-26 22:10:35,882] Trial 68 finished with value: 0.7488713557795991 and parameters: {'hid_dim': 1024, 'theta': 1.6, 'alpha': 0.05, 'beta': 0.05, 'lr': 0.3, 'win_size': 6}. Best is trial 62 with value: 0.8539635411319306.
[I 2025-09-26 22:11:22,682] Trial 69 finished with value: 0.8480914586695287 and parameters: {'hid_dim': 512, 'theta': 1.6, 'alpha': 0.01, 'beta': 0.1, 'lr': 0.05, 'win_size': 6}. Best is trial 62 with value: 0.8539635411319306.
[I 2025-09-26 22:12:44,789] Trial 70 finished with value: 0.8534150210537944 and parameters: {'hid_dim': 1024, 'theta': 1.6, 'alpha': 0.005, 'beta': 0.01, 'lr': 0.05, 'win_size': 6}. Best is trial 62 with value: 0.8539635411319306.
[I 2025-09-26 22:14:06,855] Trial 71 finished with value: 0.8400884516083923 and parameters: {'hid_dim': 1024, 'theta': 1.6, 'alpha': 0.005, 'beta': 0.01, 'lr': 0.05, 'win_size': 6}. Best is trial 62 with value: 0.8539635411319306.
[I 2025-09-26 22:15:28,918] Trial 72 finished with value: 0.845253019289726 and parameters: {'hid_dim': 1024, 'theta': 1.6, 'alpha': 0.005, 'beta': 0.01, 'lr': 0.05, 'win_size': 6}. Best is trial 62 with value: 0.8539635411319306.
[I 2025-09-26 22:16:50,958] Trial 73 finished with value: 0.8525465926996401 and parameters: {'hid_dim': 1024, 'theta': 1.6, 'alpha': 0.005, 'beta': 0.01, 'lr': 0.05, 'win_size': 6}. Best is trial 62 with value: 0.8539635411319306.
[I 2025-09-26 22:18:13,020] Trial 74 finished with value: 0.8524205260698605 and parameters: {'hid_dim': 1024, 'theta': 1.6, 'alpha': 0.005, 'beta': 0.01, 'lr': 0.05, 'win_size': 6}. Best is trial 62 with value: 0.8539635411319306.
[I 2025-09-26 22:19:34,999] Trial 75 finished with value: 0.8531018360699222 and parameters: {'hid_dim': 1024, 'theta': 1.6, 'alpha': 0.005, 'beta': 0.01, 'lr': 0.01, 'win_size': 6}. Best is trial 62 with value: 0.8539635411319306.
[I 2025-09-26 22:20:12,025] Trial 76 finished with value: 0.4914960768387979 and parameters: {'hid_dim': 128, 'theta': 1.6, 'alpha': 0.005, 'beta': 0.01, 'lr': 0.01, 'win_size': 6}. Best is trial 62 with value: 0.8539635411319306.
[I 2025-09-26 22:21:34,074] Trial 77 finished with value: 0.8528499500147856 and parameters: {'hid_dim': 1024, 'theta': 1.6, 'alpha': 0.005, 'beta': 0.01, 'lr': 0.01, 'win_size': 6}. Best is trial 62 with value: 0.8539635411319306.
[I 2025-09-26 22:22:56,221] Trial 78 finished with value: 0.8535980308547845 and parameters: {'hid_dim': 1024, 'theta': 1.6, 'alpha': 0.005, 'beta': 0.01, 'lr': 0.01, 'win_size': 6}. Best is trial 62 with value: 0.8539635411319306.
[I 2025-09-26 22:24:18,285] Trial 79 finished with value: 0.8526856262173723 and parameters: {'hid_dim': 1024, 'theta': 1.6, 'alpha': 0.005, 'beta': 0.01, 'lr': 0.01, 'win_size': 6}. Best is trial 62 with value: 0.8539635411319306.
[I 2025-09-26 22:25:40,290] Trial 80 finished with value: 0.8469634393744773 and parameters: {'hid_dim': 1024, 'theta': 1.6, 'alpha': 0.005, 'beta': 0.01, 'lr': 0.01, 'win_size': 6}. Best is trial 62 with value: 0.8539635411319306.
[I 2025-09-26 22:27:02,253] Trial 81 finished with value: 0.8507058416518714 and parameters: {'hid_dim': 1024, 'theta': 1.6, 'alpha': 0.005, 'beta': 0.01, 'lr': 0.01, 'win_size': 6}. Best is trial 62 with value: 0.8539635411319306.
[I 2025-09-26 22:28:24,270] Trial 82 finished with value: 0.8538665758485628 and parameters: {'hid_dim': 1024, 'theta': 1.6, 'alpha': 0.005, 'beta': 0.01, 'lr': 0.01, 'win_size': 6}. Best is trial 62 with value: 0.8539635411319306.
[I 2025-09-26 22:29:46,296] Trial 83 finished with value: 0.8528270807107637 and parameters: {'hid_dim': 1024, 'theta': 1.6, 'alpha': 0.005, 'beta': 0.01, 'lr': 0.01, 'win_size': 6}. Best is trial 62 with value: 0.8539635411319306.
[I 2025-09-26 22:31:08,294] Trial 84 finished with value: 0.8538371015900915 and parameters: {'hid_dim': 1024, 'theta': 1.6, 'alpha': 0.005, 'beta': 0.01, 'lr': 0.01, 'win_size': 6}. Best is trial 62 with value: 0.8539635411319306.
[I 2025-09-26 22:32:30,321] Trial 85 finished with value: 0.8531096260243128 and parameters: {'hid_dim': 1024, 'theta': 1.6, 'alpha': 0.005, 'beta': 0.01, 'lr': 0.01, 'win_size': 6}. Best is trial 62 with value: 0.8539635411319306.
[I 2025-09-26 22:33:07,108] Trial 86 finished with value: 0.5018654806919619 and parameters: {'hid_dim': 256, 'theta': 1.6, 'alpha': 0.05, 'beta': 0.001, 'lr': 0.01, 'win_size': 6}. Best is trial 62 with value: 0.8539635411319306.
[I 2025-09-26 22:34:29,200] Trial 87 finished with value: 0.8540421552968528 and parameters: {'hid_dim': 1024, 'theta': 1.6, 'alpha': 0.005, 'beta': 0.1, 'lr': 0.01, 'win_size': 6}. Best is trial 87 with value: 0.8540421552968528.
[I 2025-09-26 22:35:16,058] Trial 88 finished with value: 0.8540118385242349 and parameters: {'hid_dim': 512, 'theta': 1.6, 'alpha': 0.01, 'beta': 0.1, 'lr': 0.01, 'win_size': 6}. Best is trial 87 with value: 0.8540421552968528.
[I 2025-09-26 22:36:02,939] Trial 89 finished with value: 0.7970186976801679 and parameters: {'hid_dim': 512, 'theta': 1.2, 'alpha': 0.01, 'beta': 0.1, 'lr': 0.01, 'win_size': 6}. Best is trial 87 with value: 0.8540421552968528.
[I 2025-09-26 22:37:04,282] Trial 90 finished with value: 0.6475107170575326 and parameters: {'hid_dim': 512, 'theta': 0.6, 'alpha': 0.01, 'beta': 0.1, 'lr': 0.01, 'win_size': 10}. Best is trial 87 with value: 0.8540421552968528.
[I 2025-09-26 22:37:51,196] Trial 91 finished with value: 0.852845392737489 and parameters: {'hid_dim': 512, 'theta': 1.6, 'alpha': 0.01, 'beta': 0.1, 'lr': 0.01, 'win_size': 6}. Best is trial 87 with value: 0.8540421552968528.
[I 2025-09-26 22:38:38,062] Trial 92 finished with value: 0.8359125913222432 and parameters: {'hid_dim': 512, 'theta': 1.6, 'alpha': 0.01, 'beta': 0.1, 'lr': 0.01, 'win_size': 6}. Best is trial 87 with value: 0.8540421552968528.
[I 2025-09-26 22:40:00,110] Trial 93 finished with value: 0.8467540732432888 and parameters: {'hid_dim': 1024, 'theta': 1.6, 'alpha': 0.01, 'beta': 0.1, 'lr': 0.01, 'win_size': 6}. Best is trial 87 with value: 0.8540421552968528.
